vr 02 jan 2026 23:58:28 CET
;; 1. Based on: run01
;; 2. Description: PMX001 2CMT LINEAR M7+ (BASE MODEL)
;; Joshua I., Ali K.
;; 2025-12-09
$PROBLEM    PMX001 Two Compartment
$INPUT      DUMMY=DROP ID TIME WEEK DOSE=AMT RATE CONC=DROP ADA=DROP
            BW ALB=DROP SEX=DROP AGE=DROP CREAT=DROP COL EVID BLQ
            CONC_M7=DV
$DATA      ../../dataset_clean.csv IGNORE=@
$ABBREVIATED DERIV2=NO
$SUBROUTINE ADVAN13 ; general nonlinear model
            TOL=9 ; tolerance for $DES,higher TOL: more accurate,but slower computation

; TOL=7 -> DES will aim for accuracy of 1E-7 for each integration step
$MODEL      NCOMP=2 ; number of compartments
            COMP=(DOSE,DEFDOSE,DEFOBS) ; first (central) compartment
            COMP=(PERIPH) ; second (peripheral) compartment
$PK
;;; CLBW-DEFINITION START
CLBW = ( 1 + THETA(5)*(BW - 65.8))
;;; CLBW-DEFINITION END

;;; CL-RELATION START
CLCOV=CLBW
;;; CL-RELATION END


IF (EVID.EQ.1) LASTDOSE = TIME
TAD = TIME - LASTDOSE

TVCL = THETA(1)

TVCL = CLCOV*TVCL
TVV1 = THETA(2)
TVV2 = THETA(3)
 TVQ = THETA(4)
   
  CL = TVCL * EXP(ETA(1))
  V1 = TVV1 * EXP(ETA(2))
  V2 = TVV2
   Q = TVQ
 
 K10 = CL/V1
 K12 = Q/V1
 K21 = Q/V2
 
  S1 = V1/1 ; scale prediction based on DOSE (mmol) and DV (mmol/L)
  S2 = V2/1

$THETA  (0.001,1.36119697579871,8) ; [1]   CL (L/d)
 (0.001,4.8445615130293,10) ; [2,3] V1  (L)
 (0.01,0.347120102373241,6) ; V2
 (0.001,2.61773678313973,6) ; Q
 ; values are determined in 3 iterations
$THETA  (-0.054,3.9278304255224E-05,0.042) ; CLBW1
$DES DADT(1) = -K10*A(1) -K12*A(1) +K21*A(2) ; ODE for central    compartment
     DADT(2) =            K12*A(1) -K21*A(2) ; ODE for peripheral compartment
     
$ERROR
IPRED = F
LLOQ = 1  ; (mg/L)

; --- Residual error SDs ---
PROP_SD = SIGMA(1)
ADD_SD  = SIGMA(2)

; --- BLQ inflation (gentle, stable) ---
IF (BLQ.EQ.1) ADD_SD = ADD_SD + LLOQ

; --- Final residual error ---
W = SQRT(ADD_SD**2+PROP_SD**2)

IF (W.LE.0.000001) W=0.000001 ; Protective code

IRES=DV-IPRED
IWRES=IRES/W
Y = IPRED * (1 + EPS(1)) + EPS(2)

$OMEGA  0.537117325496764  ;     IIV CL
 0.21003764550718  ;      IIV V
$SIGMA  0.273946110317645  ; EPS(1), proportional
 5E-13  FIX  ;     EPS(2)  ; additive, required by M7+ censoring method
    ; residual variability
$ESTIMATION METHOD=1 INTERACTION ; FOCE-I
            SIG=3 SIGL=4 PRINT=5 MAXEVALS=9999 CTYPE=4


NM-TRAN MESSAGES
  
 WARNINGS AND ERRORS (IF ANY) FOR PROBLEM    1
             
 (WARNING  2) NM-TRAN INFERS THAT THE DATA ARE POPULATION.
             
 (WARNING  79) SIGMA IS USED ON THE RIGHT. WITH A SUBSEQUENT RUN, IF AN
 INITIAL ESTIMATE OF A DIAGONAL BLOCK OF SIGMA IS TO BE COMPUTED BY
 NONMEM, THAT BLOCK WILL BE SET TO AN IDENTITY MATRIX DURING THAT
 COMPUTATION. THIS COULD LEAD TO AN ARITHMETIC EXCEPTION.*

 * THE MAXIMUM NUMBER OF WARNINGS OF ONE OR MORE TYPES WAS REACHED.
 IT IS POSSIBLE THAT SOME WARNING MESSAGES WERE SUPPRESSED.

License Registered to: Erwin DREESEN KU Leuven
Expiration Date:    25 JAN 2026
Current Date:        2 JAN 2026
  **** WARNING!!! Days until program expires :  23 ****
  **** CONTACT idssoftware@iconplc.com FOR RENEWAL ****
1NONLINEAR MIXED EFFECTS MODEL PROGRAM (NONMEM) VERSION 7.6.0 (nm760)
 ORIGINALLY DEVELOPED BY STUART BEAL, LEWIS SHEINER, AND ALISON BOECKMANN
 CURRENT DEVELOPERS ARE ROBERT BAUER, ICON DEVELOPMENT SOLUTIONS,
 AND ALISON BOECKMANN. IMPLEMENTATION, EFFICIENCY, AND STANDARDIZATION
 PERFORMED BY NOUS INFOSYSTEMS.

 PROBLEM NO.:         1
 PMX001 Two Compartment
0DATA CHECKOUT RUN:              NO
 DATA SET LOCATED ON UNIT NO.:    2
 THIS UNIT TO BE REWOUND:        NO
 CREATE/ADD TO FDATA.csv:        YES
 NO. OF DATA RECS IN DATA SET:    11475
 NO. OF DATA ITEMS IN DATA SET:  11
 ID DATA ITEM IS DATA ITEM NO.:   1
 DEP VARIABLE IS DATA ITEM NO.:  10
 MDV DATA ITEM IS DATA ITEM NO.: 11
0INDICES PASSED TO SUBROUTINE PRED:
   8   2   4   5   0   0   0   0   0   0   0
0LABELS FOR DATA ITEMS:
 ID TIME WEEK DOSE RATE BW COL EVID BLQ CONC_M7 MDV
0FORMAT FOR DATA:
 (E2.0,E18.0,E2.0,3E16.0,3E1.0/E16.0,1F2.0)

 TOT. NO. OF OBS RECS:     2801
 TOT. NO. OF INDIVIDUALS:       75
0LENGTH OF THETA:   5
0DEFAULT THETA BOUNDARY TEST OMITTED:    NO
0OMEGA HAS SIMPLE DIAGONAL FORM WITH DIMENSION:   2
0DEFAULT OMEGA BOUNDARY TEST OMITTED:    NO
0SIGMA HAS BLOCK FORM:
  1
  0  2
0DEFAULT SIGMA BOUNDARY TEST OMITTED:    NO
0INITIAL ESTIMATE OF THETA:
 LOWER BOUND    INITIAL EST    UPPER BOUND
  0.1000E-02     0.1361E+01     0.8000E+01
  0.1000E-02     0.4845E+01     0.1000E+02
  0.1000E-01     0.3471E+00     0.6000E+01
  0.1000E-02     0.2618E+01     0.6000E+01
 -0.5400E-01     0.3928E-04     0.4200E-01
0INITIAL ESTIMATE OF OMEGA:
 0.5371E+00
 0.0000E+00   0.2100E+00
0INITIAL ESTIMATE OF SIGMA:
 BLOCK SET NO.   BLOCK                                                                    FIXED
        1                                                                                   NO
                  0.2739E+00
        2                                                                                  YES
                  0.5000E-12
1DOUBLE PRECISION PREDPP VERSION 7.6.0 (nm760)

 GENERAL NONLINEAR KINETICS MODEL WITH STIFF/NONSTIFF EQUATIONS (LSODA, ADVAN13)
0MODEL SUBROUTINE USER-SUPPLIED - ID NO. 9999
0MAXIMUM NO. OF BASIC PK PARAMETERS:   3
0COMPARTMENT ATTRIBUTES
 COMPT. NO.   FUNCTION   INITIAL    ON/OFF      DOSE      DEFAULT    DEFAULT
                         STATUS     ALLOWED    ALLOWED    FOR DOSE   FOR OBS.
    1         DOSE         ON         YES        YES        YES        YES
    2         PERIPH       ON         YES        YES        NO         NO
    3         OUTPUT       OFF        YES        NO         NO         NO
 INITIAL (BASE) TOLERANCE SETTINGS:
 NRD (RELATIVE) VALUE(S) OF TOLERANCE:   9
 ANRD (ABSOLUTE) VALUE(S) OF TOLERANCE:  12
1
 ADDITIONAL PK PARAMETERS - ASSIGNMENT OF ROWS IN GG
 COMPT. NO.                             INDICES
              SCALE      BIOAVAIL.   ZERO-ORDER  ZERO-ORDER  ABSORB
                         FRACTION    RATE        DURATION    LAG
    1            4           *           *           *           *
    2            5           *           *           *           *
    3            *           -           -           -           -
             - PARAMETER IS NOT ALLOWED FOR THIS MODEL
             * PARAMETER IS NOT SUPPLIED BY PK SUBROUTINE;
               WILL DEFAULT TO ONE IF APPLICABLE
0DATA ITEM INDICES USED BY PRED ARE:
   EVENT ID DATA ITEM IS DATA ITEM NO.:      8
   TIME DATA ITEM IS DATA ITEM NO.:          2
   DOSE AMOUNT DATA ITEM IS DATA ITEM NO.:   4
   DOSE RATE DATA ITEM IS DATA ITEM NO.:     5

0PK SUBROUTINE CALLED WITH EVERY EVENT RECORD.
 PK SUBROUTINE NOT CALLED AT NONEVENT (ADDITIONAL OR LAGGED) DOSE TIMES.
0ERROR SUBROUTINE CALLED WITH EVERY EVENT RECORD.
0DES SUBROUTINE USES COMPACT STORAGE MODE.
1


 #TBLN:      1
 #METH: First Order Conditional Estimation with Interaction

 ESTIMATION STEP OMITTED:                 NO
 SHRINK INFO WITH EVALUATION (EVALSHRINK) NO
 ANALYSIS TYPE:                           POPULATION
 NUMBER OF SADDLE POINT RESET ITERATIONS:      0
 GRADIENT METHOD USED:               NOSLOW
 CONDITIONAL ESTIMATES USED:              YES
 CENTERED ETA:                            NO
 EPS-ETA INTERACTION:                     YES
 LAPLACIAN OBJ. FUNC.:                    NO
 NO. OF FUNCT. EVALS. ALLOWED:            9999
 NO. OF SIG. FIGURES REQUIRED:            3
 INTERMEDIATE PRINTOUT:                   YES
 ESTIMATE OUTPUT TO MSF:                  NO
 IND. OBJ. FUNC. VALUES SORTED:           NO
 NUMERICAL DERIVATIVE
       FILE REQUEST (NUMDER):               NONE
 MAP (ETAHAT) ESTIMATION METHOD (OPTMAP):   0
 ETA HESSIAN EVALUATION METHOD (ETADER):    0
 INITIAL ETA FOR MAP ESTIMATION (MCETA):    0
 SIGDIGITS FOR MAP ESTIMATION (SIGLO):      4
 GRADIENT SIGDIGITS OF
       FIXED EFFECTS PARAMETERS (SIGL):     4
 NOPRIOR SETTING (NOPRIOR):                 0
 NOCOV SETTING (NOCOV):                     OFF
 DERCONT SETTING (DERCONT):                 OFF
 FINAL ETA RE-EVALUATION (FNLETA):          1
 EXCLUDE NON-INFLUENTIAL (NON-INFL.) ETAS
       IN SHRINKAGE (ETASTYPE):             NO
 NON-INFL. ETA CORRECTION (NONINFETA):      0
 RAW OUTPUT FILE (FILE): psn.ext
 EXCLUDE TITLE (NOTITLE):                   NO
 EXCLUDE COLUMN LABELS (NOLABEL):           NO
 FORMAT FOR ADDITIONAL FILES (FORMAT):      S1PE12.5
 PARAMETER ORDER FOR OUTPUTS (ORDER):       TSOL
 KNUTHSUMOFF:                               0
 INCLUDE LNTWOPI:                           NO
 INCLUDE CONSTANT TERM TO PRIOR (PRIORC):   NO
 INCLUDE CONSTANT TERM TO OMEGA (ETA) (OLNTWOPI):NO
 ADDITIONAL CONVERGENCE TEST (CTYPE=4)?:    YES
 EM OR BAYESIAN METHOD USED:                 NONE

 TOLERANCES FOR ESTIMATION/EVALUATION STEP:
 NRD (RELATIVE) VALUE(S) OF TOLERANCE:   9
 ANRD (ABSOLUTE) VALUE(S) OF TOLERANCE:  12
 TOLERANCES FOR COVARIANCE STEP:
 NRD (RELATIVE) VALUE(S) OF TOLERANCE:   9
 ANRD (ABSOLUTE) VALUE(S) OF TOLERANCE:  12

 THE FOLLOWING LABELS ARE EQUIVALENT
 PRED=PREDI
 RES=RESI
 WRES=WRESI
 IWRS=IWRESI
 IPRD=IPREDI
 IRS=IRESI

 MONITORING OF SEARCH:


0ITERATION NO.:    0    OBJECTIVE VALUE:   11238.4066931277        NO. OF FUNC. EVALS.:   8
 CUMULATIVE NO. OF FUNC. EVALS.:        8
 NPARAMETR:  1.3612E+00  4.8446E+00  3.4712E-01  2.6177E+00  3.9278E-05  5.3712E-01  2.1004E-01  2.7395E-01
 PARAMETER:  1.0000E-01  1.0000E-01  1.0000E-01  1.0000E-01  1.0000E-01  1.0000E-01  1.0000E-01  1.0000E-01
 GRADIENT:  -1.6290E+01  2.1712E+01  1.0071E+00  4.7418E-01 -7.1128E+00 -1.1819E+01 -5.3768E+00 -1.7925E+02

0ITERATION NO.:    5    OBJECTIVE VALUE:   11233.0776599653        NO. OF FUNC. EVALS.:  48
 CUMULATIVE NO. OF FUNC. EVALS.:       56
 NPARAMETR:  1.4961E+00  4.4614E+00  3.3926E-01  2.6295E+00  9.3216E-03  6.3798E-01  2.2256E-01  2.9211E-01
 PARAMETER:  2.1511E-01 -5.4089E-02  7.5033E-02  1.0795E-01  5.0853E-01  1.8604E-01  1.2894E-01  1.3209E-01
 GRADIENT:   6.0444E+00 -1.1003E+01 -1.6856E+00 -1.3283E-01  1.6526E+00  9.0994E+00  4.4432E+00  2.4736E+01

0ITERATION NO.:   10    OBJECTIVE VALUE:   11232.4415934082        NO. OF FUNC. EVALS.:  47
 CUMULATIVE NO. OF FUNC. EVALS.:      103
 NPARAMETR:  1.4684E+00  4.5791E+00  3.5561E-01  2.6886E+00  7.4829E-03  5.9273E-01  2.1613E-01  2.9009E-01
 PARAMETER:  1.9217E-01 -6.5674E-03  1.2636E-01  1.4792E-01  4.2433E-01  1.4926E-01  1.1430E-01  1.2862E-01
 GRADIENT:   2.0182E+00 -7.0532E-01  2.5413E-01 -1.8600E-01  3.0204E-01  2.1498E-01  9.1941E-01  2.1459E+00

0ITERATION NO.:   15    OBJECTIVE VALUE:   11232.3767648908        NO. OF FUNC. EVALS.: 111
 CUMULATIVE NO. OF FUNC. EVALS.:      214             RESET HESSIAN, TYPE I
 NPARAMETR:  1.5009E+00  4.5961E+00  3.5756E-01  2.7357E+00  8.2542E-03  5.9399E-01  2.1493E-01  2.9031E-01
 PARAMETER:  2.1907E-01  2.7149E-04  1.3233E-01  1.7959E-01  4.5939E-01  1.5033E-01  1.1152E-01  1.2901E-01
 GRADIENT:   6.7655E+00  9.3123E-01  1.0309E-01 -3.3148E-02  9.8817E-01 -5.4354E-02  7.1702E-03  1.9924E+00

0ITERATION NO.:   20    OBJECTIVE VALUE:   11232.3751077691        NO. OF FUNC. EVALS.:  48
 CUMULATIVE NO. OF FUNC. EVALS.:      262
 NPARAMETR:  1.4978E+00  4.5976E+00  3.5695E-01  2.7401E+00  8.3177E-03  5.9302E-01  2.1417E-01  2.9086E-01
 PARAMETER:  2.1647E-01  8.6403E-04  1.3049E-01  1.8254E-01  4.6230E-01  1.4950E-01  1.0975E-01  1.2995E-01
 GRADIENT:   6.1591E+00  9.3330E-01  1.0743E-01 -1.3668E-02  9.9572E-01 -3.3396E-01 -4.1455E-01  7.5092E+00

0ITERATION NO.:   25    OBJECTIVE VALUE:   11232.3745747813        NO. OF FUNC. EVALS.:  61
 CUMULATIVE NO. OF FUNC. EVALS.:      323
 NPARAMETR:  1.4946E+00  4.5993E+00  3.5625E-01  2.7452E+00  8.3954E-03  5.9337E-01  2.1336E-01  2.9087E-01
 PARAMETER:  2.1383E-01  1.5522E-03  1.2833E-01  1.8596E-01  4.6585E-01  1.4980E-01  1.0784E-01  1.2997E-01
 GRADIENT:  -1.9346E+00 -2.8966E-02 -6.7657E-03  2.2160E-02  6.3368E-02 -3.0589E-01 -9.2530E-01  6.7840E+00

0ITERATION NO.:   30    OBJECTIVE VALUE:   11232.3695654976        NO. OF FUNC. EVALS.:  79
 CUMULATIVE NO. OF FUNC. EVALS.:      402
 NPARAMETR:  1.4921E+00  4.6012E+00  3.5632E-01  2.7445E+00  8.4455E-03  5.9545E-01  2.1362E-01  2.8986E-01
 PARAMETER:  2.1180E-01  2.3356E-03  1.2854E-01  1.8550E-01  4.6815E-01  1.5155E-01  1.0846E-01  1.2823E-01
 GRADIENT:   5.8449E+00  1.0773E+00 -3.7663E-02  4.4147E-02  1.1174E+00  1.5011E-01 -8.3188E-01 -2.7295E+00

0ITERATION NO.:   35    OBJECTIVE VALUE:   11232.3665696678        NO. OF FUNC. EVALS.: 120
 CUMULATIVE NO. OF FUNC. EVALS.:      522             RESET HESSIAN, TYPE I
 NPARAMETR:  1.4929E+00  4.6027E+00  3.5650E-01  2.7187E+00  8.4533E-03  5.9470E-01  2.1481E-01  2.9020E-01
 PARAMETER:  2.1244E-01  2.9112E-03  1.2911E-01  1.6818E-01  4.6850E-01  1.5092E-01  1.1124E-01  1.2881E-01
 GRADIENT:   5.7582E+00  1.1660E+00  1.4717E-01 -4.6142E-02  1.1210E+00 -4.0608E-02 -1.7450E-03  1.0546E+00

0ITERATION NO.:   40    OBJECTIVE VALUE:   11232.3657508368        NO. OF FUNC. EVALS.:  91
 CUMULATIVE NO. OF FUNC. EVALS.:      613
 NPARAMETR:  1.4927E+00  4.6027E+00  3.5947E-01  2.7542E+00  8.4415E-03  5.9482E-01  2.1483E-01  2.9011E-01
 PARAMETER:  2.1226E-01  2.9317E-03  1.3818E-01  1.9203E-01  4.6796E-01  1.5102E-01  1.1129E-01  1.2867E-01
 GRADIENT:  -2.0863E+00  4.6626E-01  1.8801E-01 -2.3045E-02  7.5761E-02  1.4471E-02 -1.3990E-01 -4.8847E-01

0ITERATION NO.:   45    OBJECTIVE VALUE:   11232.3647470875        NO. OF FUNC. EVALS.: 120
 CUMULATIVE NO. OF FUNC. EVALS.:      733             RESET HESSIAN, TYPE I
 NPARAMETR:  1.4928E+00  4.6071E+00  3.5754E-01  2.7274E+00  8.5241E-03  5.9544E-01  2.1492E-01  2.9022E-01
 PARAMETER:  2.1241E-01  4.7175E-03  1.3228E-01  1.7401E-01  4.7175E-01  1.5154E-01  1.1149E-01  1.2885E-01
 GRADIENT:   5.7784E+00  1.5332E+00  2.1042E-01 -4.3680E-02  1.2279E+00  8.9207E-02  1.6537E-02  1.1882E+00

0ITERATION NO.:   50    OBJECTIVE VALUE:   11232.3641091582        NO. OF FUNC. EVALS.:  96
 CUMULATIVE NO. OF FUNC. EVALS.:      829
 NPARAMETR:  1.4921E+00  4.6084E+00  3.5769E-01  2.7552E+00  8.5540E-03  5.9474E-01  2.1481E-01  2.9023E-01
 PARAMETER:  2.1180E-01  5.2198E-03  1.3274E-01  1.9272E-01  4.7312E-01  1.5096E-01  1.1124E-01  1.2887E-01
 GRADIENT:   5.6418E+00  1.7101E+00  7.7282E-02  3.2525E-02  1.2831E+00 -1.2121E-01 -1.0298E-01  1.0104E+00

0ITERATION NO.:   55    OBJECTIVE VALUE:   11232.3639755271        NO. OF FUNC. EVALS.:  99
 CUMULATIVE NO. OF FUNC. EVALS.:      928            RESET HESSIAN, TYPE II
 NPARAMETR:  1.4921E+00  4.6089E+00  3.5788E-01  2.7562E+00  8.5545E-03  5.9505E-01  2.1484E-01  2.9024E-01
 PARAMETER:  2.1181E-01  5.4131E-03  1.3331E-01  1.9334E-01  4.7314E-01  1.5122E-01  1.1131E-01  1.2890E-01
 GRADIENT:   5.6328E+00  1.7573E+00  9.5393E-02  2.9796E-02  1.2790E+00 -4.4203E-02 -9.1368E-02  1.1969E+00

0ITERATION NO.:   60    OBJECTIVE VALUE:   11232.3637913844        NO. OF FUNC. EVALS.:  96
 CUMULATIVE NO. OF FUNC. EVALS.:     1024
 NPARAMETR:  1.4930E+00  4.6122E+00  3.5794E-01  2.7561E+00  8.5607E-03  5.9505E-01  2.1485E-01  2.9024E-01
 PARAMETER:  2.1253E-01  6.7607E-03  1.3351E-01  1.9329E-01  4.7343E-01  1.5122E-01  1.1132E-01  1.2890E-01
 GRADIENT:  -2.1442E+00  1.1557E+00  8.4461E-02  3.2680E-02  2.4174E-01 -5.0235E-02 -9.0597E-02  3.4879E-01

0ITERATION NO.:   65    OBJECTIVE VALUE:   11232.3636199790        NO. OF FUNC. EVALS.: 112
 CUMULATIVE NO. OF FUNC. EVALS.:     1136            RESET HESSIAN, TYPE II
 NPARAMETR:  1.4930E+00  4.6120E+00  3.5794E-01  2.7561E+00  8.5747E-03  5.9505E-01  2.1485E-01  2.9031E-01
 PARAMETER:  2.1253E-01  6.6607E-03  1.3351E-01  1.9328E-01  4.7407E-01  1.5122E-01  1.1133E-01  1.2901E-01
 GRADIENT:   5.7577E+00  1.9871E+00  1.1978E-01  3.1291E-02  1.3017E+00 -6.0703E-02 -8.5031E-02  1.7405E+00

0ITERATION NO.:   67    OBJECTIVE VALUE:   11232.3636199790        NO. OF FUNC. EVALS.:  29
 CUMULATIVE NO. OF FUNC. EVALS.:     1165
 NPARAMETR:  1.4930E+00  4.6120E+00  3.5794E-01  2.7561E+00  8.5747E-03  5.9505E-01  2.1485E-01  2.9031E-01
 PARAMETER:  2.1253E-01  6.6607E-03  1.3351E-01  1.9328E-01  4.7407E-01  1.5122E-01  1.1133E-01  1.2901E-01
 GRADIENT:  -2.1890E+00  1.1456E+00  8.9365E-02  3.0784E-02  2.5692E-01 -6.0703E-02 -8.5031E-02  1.0501E+00

 #TERM:
0MINIMIZATION SUCCESSFUL
 OBJ VARIED BY NO MORE THAN NSIG DIGITS PASSED DECIMAL POINT OVER LAST 10 ITERATIONS
 HOWEVER, PROBLEMS OCCURRED WITH THE MINIMIZATION.
 REGARD THE RESULTS OF THE ESTIMATION STEP CAREFULLY, AND ACCEPT THEM ONLY
 AFTER CHECKING THAT THE COVARIANCE STEP PRODUCES REASONABLE OUTPUT.
 NO. OF FUNCTION EVALUATIONS USED:     1165
 NO. OF SIG. DIGITS IN FINAL EST.:  3.7

 ETABAR IS THE ARITHMETIC MEAN OF THE ETA-ESTIMATES,
 AND THE P-VALUE IS GIVEN FOR THE NULL HYPOTHESIS THAT THE TRUE MEAN IS 0.

 ETABAR:        -7.1249E-04  8.4642E-05
 SE:             8.8690E-02  5.2572E-02
 N:                      75          75

 P VAL.:         9.9359E-01  9.9872E-01

 ETASHRINKSD(%)  4.3012E-01  1.7773E+00
 ETASHRINKVR(%)  8.5838E-01  3.5230E+00
 EBVSHRINKSD(%)  4.2665E-01  1.7786E+00
 EBVSHRINKVR(%)  8.5147E-01  3.5256E+00
 RELATIVEINF(%)  9.9120E+01  9.6447E+01
 EPSSHRINKSD(%)  3.3319E+00  3.3319E+00
 EPSSHRINKVR(%)  6.5528E+00  6.5528E+00

  
 TOTAL DATA POINTS NORMALLY DISTRIBUTED (N):         2801
 N*LOG(2PI) CONSTANT TO OBJECTIVE FUNCTION:    5147.8936630125763     
 OBJECTIVE FUNCTION VALUE WITHOUT CONSTANT:    11232.363619978956     
 OBJECTIVE FUNCTION VALUE WITH CONSTANT:       16380.257282991533     
 REPORTED OBJECTIVE FUNCTION DOES NOT CONTAIN CONSTANT
  
 TOTAL EFFECTIVE ETAS (NIND*NETA):                           150
  
 #TERE:
 Elapsed estimation  time in seconds:  2282.67
 Elapsed postprocess time in seconds:     0.00
1
 
 
 
 
 
 
 
 
 
 
 
 
 
 
 
 
 
 
 
 
 ************************************************************************************************************************
 ********************                                                                                ********************
 ********************               FIRST ORDER CONDITIONAL ESTIMATION WITH INTERACTION              ********************
 #OBJT:**************                       MINIMUM VALUE OF OBJECTIVE FUNCTION                      ********************
 ********************                                                                                ********************
 ************************************************************************************************************************
 





 #OBJV:********************************************         11232.364       *********************************************
1
 ************************************************************************************************************************
 ********************                                                                                ********************
 ********************               FIRST ORDER CONDITIONAL ESTIMATION WITH INTERACTION              ********************
 ********************                             FINAL PARAMETER ESTIMATE                           ********************
 ********************                                                                                ********************
 ************************************************************************************************************************
 


 THETA - VECTOR OF FIXED EFFECTS PARAMETERS   *********


         TH 1      TH 2      TH 3      TH 4      TH 5     
 
         1.49E+00  4.61E+00  3.58E-01  2.76E+00  8.57E-03
 


 OMEGA - COV MATRIX FOR RANDOM EFFECTS - ETAS  ********


         ETA1      ETA2     
 
 ETA1
+        5.95E-01
 
 ETA2
+        0.00E+00  2.15E-01
 


 SIGMA - COV MATRIX FOR RANDOM EFFECTS - EPSILONS  ****


         EPS1      EPS2     
 
 EPS1
+        2.90E-01
 
 EPS2
+        0.00E+00  5.00E-13
 
1


 OMEGA - CORR MATRIX FOR RANDOM EFFECTS - ETAS  *******


         ETA1      ETA2     
 
 ETA1
+        7.71E-01
 
 ETA2
+        0.00E+00  4.64E-01
 


 SIGMA - CORR MATRIX FOR RANDOM EFFECTS - EPSILONS  ***


         EPS1      EPS2     
 
 EPS1
+        5.39E-01
 
 EPS2
+        0.00E+00  7.07E-07
 
 Elapsed finaloutput time in seconds:     0.00
 #CPUT: Total CPU Time in Seconds,     2278.278
Stop Time:
za 03 jan 2026 00:36:32 CET
