ma 05 jan 2026 14:58:35 CET
;; 1. Based on: run02
;; 2. Description: PMX001 2CMT LINEAR M7+ (BASE MODEL)
;; Joshua I., Ali K.
;; 2025-12-09
$PROBLEM    PMX001 Two Compartment
$INPUT      DUMMY=DROP ID TIME WEEK DOSE=AMT RATE CONC=DROP ADA BW ALB
            SEX AGE CREAT COL EVID BLQ CONC_M7=DV
$DATA      dataset_clean.csv IGNORE=@
$ABBREVIATED DERIV2=NO
$SUBROUTINE ADVAN13 ; general nonlinear model
            TOL=4 ; tolerance for $DES,higher TOL: more accurate,but slower computation

; TOL=7 -> DES will aim for accuracy of 1E-7 for each integration step
$MODEL      NCOMP=2 ; number of compartments
            COMP=(DOSE,DEFDOSE,DEFOBS) ; first (central) compartment
            COMP=(PERIPH) ; second (peripheral) compartment
$PK
IF (EVID.EQ.1) LASTDOSE = TIME
TAD = TIME - LASTDOSE

TVCL = THETA(1)
TVV1 = THETA(2)
TVV2 = THETA(3)
 TVQ = THETA(4)
   
  CL = TVCL
  V1 = TVV1 * EXP(ETA(1))
  V2 = TVV2
   Q = TVQ
 
 K10 = CL/V1
 K12 = Q/V1
 K21 = Q/V2
 
  S1 = V1/1 ; scale prediction based on DOSE (mmol) and DV (mmol/L)
  S2 = V2/1

$THETA  (0.001,0.941,10) ; [1]   CL (L/d)
 (0.001,2.19,10) ; [2,3] V1  (L)
 (0.01,0.0396,10) ; V2
 (0.001,1.98,10) ; Q
 ; values are determined in 3 iterations
$DES DADT(1) = -K10*A(1) -K12*A(1) +K21*A(2) ; ODE for central    compartment
     DADT(2) =            K12*A(1) -K21*A(2) ; ODE for peripheral compartment
     
$ERROR
IPRED = F
LLOQ = 1  ; (mg/L)

; --- Residual error SDs ---
PROP_SD = SIGMA(1)
ADD_SD  = SIGMA(2)

; --- BLQ inflation (gentle, stable) ---
IF (BLQ.EQ.1) ADD_SD = ADD_SD + LLOQ

; --- Final residual error ---
W = SQRT(ADD_SD**2+PROP_SD**2)

IF (W.LE.0.000001) W=0.000001 ; Protective code

IRES=DV-IPRED
IWRES=IRES/W
Y = IPRED * (1 + EPS(1)) + EPS(2)

$OMEGA  0.438  ;     IIV V1
;0.573 ; IIV CL
$SIGMA  1.32  ; EPS(1), proportional
 5E-13  FIX  ;     EPS(2)  ; additive, required by M7+ censoring method
    ; residual variability
$ESTIMATION METHOD=1 INTERACTION ; FOCE-I
            MAXEVAL=9999 SIG=3 SIGL=3 PRINT=5
$COVARIANCE PRINT=E UNCONDITIONAL MATRIX=S
 ; output table for standard outcomes
$TABLE      ID TIME TAD DV EVID PRED IPRED WRES IWRES RES IRES CWRES
            NOPRINT ONEHEADER FILE=run07_sdtab
 ; output table for PK parameters
$TABLE      ID CL V1 V2 Q K10 K12 K21 NOPRINT NOAPPEND ONEHEADER
            FILE=run07_patab
 ; output table for categorical covariates
$TABLE      ID ADA SEX COL NOPRINT NOAPPEND ONEHEADER FILE=run07_catab
 ; output table for continuous covariates
$TABLE      ID BW ALB AGE CREAT NOPRINT NOAPPEND ONEHEADER
            FILE=run07_cotab
 ; output table for parameters and covariates
$TABLE      ID CL V1 V2 Q K10 K12 K21 ADA SEX COL BW ALB AGE CREAT
            NOPRINT NOAPPEND ONEHEADER FILE=run07_pa_cov
;; REFERENCES

;; 1) https://www.ncbi.nlm.nih.gov/books/NBK557889/

;; 2) https://pmc.ncbi.nlm.nih.gov/articles/PMC8301575/

;; 3) https://ascpt.onlinelibrary.wiley.com/doi/abs/10.1016/j.clpt.2004.12.212


NM-TRAN MESSAGES
  
 WARNINGS AND ERRORS (IF ANY) FOR PROBLEM    1
             
 (WARNING  2) NM-TRAN INFERS THAT THE DATA ARE POPULATION.
             
 (WARNING  79) SIGMA IS USED ON THE RIGHT. WITH A SUBSEQUENT RUN, IF AN
 INITIAL ESTIMATE OF A DIAGONAL BLOCK OF SIGMA IS TO BE COMPUTED BY
 NONMEM, THAT BLOCK WILL BE SET TO AN IDENTITY MATRIX DURING THAT
 COMPUTATION. THIS COULD LEAD TO AN ARITHMETIC EXCEPTION.*

 * THE MAXIMUM NUMBER OF WARNINGS OF ONE OR MORE TYPES WAS REACHED.
 IT IS POSSIBLE THAT SOME WARNING MESSAGES WERE SUPPRESSED.

License Registered to: Erwin DREESEN KU Leuven
Expiration Date:    25 JAN 2026
Current Date:        5 JAN 2026
  **** WARNING!!! Days until program expires :  20 ****
  **** CONTACT idssoftware@iconplc.com FOR RENEWAL ****
1NONLINEAR MIXED EFFECTS MODEL PROGRAM (NONMEM) VERSION 7.6.0 (nm760)
 ORIGINALLY DEVELOPED BY STUART BEAL, LEWIS SHEINER, AND ALISON BOECKMANN
 CURRENT DEVELOPERS ARE ROBERT BAUER, ICON DEVELOPMENT SOLUTIONS,
 AND ALISON BOECKMANN. IMPLEMENTATION, EFFICIENCY, AND STANDARDIZATION
 PERFORMED BY NOUS INFOSYSTEMS.

 PROBLEM NO.:         1
 PMX001 Two Compartment
0DATA CHECKOUT RUN:              NO
 DATA SET LOCATED ON UNIT NO.:    2
 THIS UNIT TO BE REWOUND:        NO
 CREATE/ADD TO FDATA.csv:        YES
 NO. OF DATA RECS IN DATA SET:    11475
 NO. OF DATA ITEMS IN DATA SET:  16
 ID DATA ITEM IS DATA ITEM NO.:   1
 DEP VARIABLE IS DATA ITEM NO.:  15
 MDV DATA ITEM IS DATA ITEM NO.: 16
0INDICES PASSED TO SUBROUTINE PRED:
  13   2   4   5   0   0   0   0   0   0   0
0LABELS FOR DATA ITEMS:
 ID TIME WEEK DOSE RATE ADA BW ALB SEX AGE CREAT COL EVID BLQ CONC_M7 MDV
0(NONBLANK) LABELS FOR PRED-DEFINED ITEMS:
 TAD CL V1 V2 Q K10 K12 K21 IPRED IRES IWRES
0FORMAT FOR DATA:
 (3(4E19.0/),3E19.0,1F2.0)

 TOT. NO. OF OBS RECS:     2801
 TOT. NO. OF INDIVIDUALS:       75
0LENGTH OF THETA:   4
0DEFAULT THETA BOUNDARY TEST OMITTED:    NO
0OMEGA HAS SIMPLE DIAGONAL FORM WITH DIMENSION:   1
0DEFAULT OMEGA BOUNDARY TEST OMITTED:    NO
0SIGMA HAS BLOCK FORM:
  1
  0  2
0DEFAULT SIGMA BOUNDARY TEST OMITTED:    NO
0INITIAL ESTIMATE OF THETA:
 LOWER BOUND    INITIAL EST    UPPER BOUND
  0.1000E-02     0.9410E+00     0.1000E+02
  0.1000E-02     0.2190E+01     0.1000E+02
  0.1000E-01     0.3960E-01     0.1000E+02
  0.1000E-02     0.1980E+01     0.1000E+02
0INITIAL ESTIMATE OF OMEGA:
 0.4380E+00
0INITIAL ESTIMATE OF SIGMA:
 BLOCK SET NO.   BLOCK                                                                    FIXED
        1                                                                                   NO
                  0.1320E+01
        2                                                                                  YES
                  0.5000E-12
0COVARIANCE STEP OMITTED:        NO
 R MATRIX SUBSTITUTED:           NO
 S MATRIX SUBSTITUTED:          YES
 EIGENVLS. PRINTED:             YES
 SPECIAL COMPUTATION:            NO
 COMPRESSED FORMAT:              NO
 GRADIENT METHOD USED:     NOSLOW
 SIGDIGITS ETAHAT (SIGLO):                  -1
 SIGDIGITS GRADIENTS (SIGL):                -1
 EXCLUDE COV FOR FOCE (NOFCOV):              NO
 Cholesky Transposition of R Matrix (CHOLROFF):0
 KNUTHSUMOFF:                                -1
 RESUME COV ANALYSIS (RESUME):               NO
 SIR SAMPLE SIZE (SIRSAMPLE):
 NON-LINEARLY TRANSFORM THETAS DURING COV (THBND): 1
 PRECONDTIONING CYCLES (PRECOND):        0
 PRECONDTIONING TYPES (PRECONDS):        TOS
 FORCED PRECONDTIONING CYCLES (PFCOND):0
 PRECONDTIONING TYPE (PRETYPE):        0
 FORCED POS. DEFINITE SETTING DURING PRECONDITIONING: (FPOSDEF):0
 SIMPLE POS. DEFINITE SETTING: (POSDEF):-1
0TABLES STEP OMITTED:    NO
 NO. OF TABLES:           5
 SEED NUMBER (SEED):    11456
 NPDTYPE:    0
 INTERPTYPE:    0
 RANMETHOD:             3U
 MC SAMPLES (ESAMPLE):    300
 WRES SQUARE ROOT TYPE (WRESCHOL): EIGENVALUE
0-- TABLE   1 --
0RECORDS ONLY:    ALL
04 COLUMNS APPENDED:    YES
 PRINTED:                NO
 HEADERS:               ONE
 FILE TO BE FORWARDED:   NO
 FORMAT:                S1PE11.4
 IDFORMAT:
 LFORMAT:
 RFORMAT:
 FIXED_EFFECT_ETAS:
0USER-CHOSEN ITEMS:
 ID TIME TAD CONC_M7 EVID IPRED IWRES IRES CWRES
0-- TABLE   2 --
0RECORDS ONLY:    ALL
04 COLUMNS APPENDED:    NO
 PRINTED:                NO
 HEADERS:               ONE
 FILE TO BE FORWARDED:   NO
 FORMAT:                S1PE11.4
 IDFORMAT:
 LFORMAT:
 RFORMAT:
 FIXED_EFFECT_ETAS:
0USER-CHOSEN ITEMS:
 ID CL V1 V2 Q K10 K12 K21
0-- TABLE   3 --
0RECORDS ONLY:    ALL
04 COLUMNS APPENDED:    NO
 PRINTED:                NO
 HEADERS:               ONE
 FILE TO BE FORWARDED:   NO
 FORMAT:                S1PE11.4
 IDFORMAT:
 LFORMAT:
 RFORMAT:
 FIXED_EFFECT_ETAS:
0USER-CHOSEN ITEMS:
 ID ADA SEX COL
0-- TABLE   4 --
0RECORDS ONLY:    ALL
04 COLUMNS APPENDED:    NO
 PRINTED:                NO
 HEADERS:               ONE
 FILE TO BE FORWARDED:   NO
 FORMAT:                S1PE11.4
 IDFORMAT:
 LFORMAT:
 RFORMAT:
 FIXED_EFFECT_ETAS:
0USER-CHOSEN ITEMS:
 ID BW ALB AGE CREAT
0-- TABLE   5 --
0RECORDS ONLY:    ALL
04 COLUMNS APPENDED:    NO
 PRINTED:                NO
 HEADERS:               ONE
 FILE TO BE FORWARDED:   NO
 FORMAT:                S1PE11.4
 IDFORMAT:
 LFORMAT:
 RFORMAT:
 FIXED_EFFECT_ETAS:
0USER-CHOSEN ITEMS:
 ID CL V1 V2 Q K10 K12 K21 ADA SEX COL BW ALB AGE CREAT
1DOUBLE PRECISION PREDPP VERSION 7.6.0 (nm760)

 GENERAL NONLINEAR KINETICS MODEL WITH STIFF/NONSTIFF EQUATIONS (LSODA, ADVAN13)
0MODEL SUBROUTINE USER-SUPPLIED - ID NO. 9999
0MAXIMUM NO. OF BASIC PK PARAMETERS:   3
0COMPARTMENT ATTRIBUTES
 COMPT. NO.   FUNCTION   INITIAL    ON/OFF      DOSE      DEFAULT    DEFAULT
                         STATUS     ALLOWED    ALLOWED    FOR DOSE   FOR OBS.
    1         DOSE         ON         YES        YES        YES        YES
    2         PERIPH       ON         YES        YES        NO         NO
    3         OUTPUT       OFF        YES        NO         NO         NO
 INITIAL (BASE) TOLERANCE SETTINGS:
 NRD (RELATIVE) VALUE(S) OF TOLERANCE:   4
 ANRD (ABSOLUTE) VALUE(S) OF TOLERANCE:  12
1
 ADDITIONAL PK PARAMETERS - ASSIGNMENT OF ROWS IN GG
 COMPT. NO.                             INDICES
              SCALE      BIOAVAIL.   ZERO-ORDER  ZERO-ORDER  ABSORB
                         FRACTION    RATE        DURATION    LAG
    1            4           *           *           *           *
    2            5           *           *           *           *
    3            *           -           -           -           -
             - PARAMETER IS NOT ALLOWED FOR THIS MODEL
             * PARAMETER IS NOT SUPPLIED BY PK SUBROUTINE;
               WILL DEFAULT TO ONE IF APPLICABLE
0DATA ITEM INDICES USED BY PRED ARE:
   EVENT ID DATA ITEM IS DATA ITEM NO.:     13
   TIME DATA ITEM IS DATA ITEM NO.:          2
   DOSE AMOUNT DATA ITEM IS DATA ITEM NO.:   4
   DOSE RATE DATA ITEM IS DATA ITEM NO.:     5

0PK SUBROUTINE CALLED WITH EVERY EVENT RECORD.
 PK SUBROUTINE NOT CALLED AT NONEVENT (ADDITIONAL OR LAGGED) DOSE TIMES.
0ERROR SUBROUTINE CALLED WITH EVERY EVENT RECORD.
0DES SUBROUTINE USES COMPACT STORAGE MODE.
1


 #TBLN:      1
 #METH: First Order Conditional Estimation with Interaction

 ESTIMATION STEP OMITTED:                 NO
 SHRINK INFO WITH EVALUATION (EVALSHRINK) NO
 ANALYSIS TYPE:                           POPULATION
 NUMBER OF SADDLE POINT RESET ITERATIONS:      0
 GRADIENT METHOD USED:               NOSLOW
 CONDITIONAL ESTIMATES USED:              YES
 CENTERED ETA:                            NO
 EPS-ETA INTERACTION:                     YES
 LAPLACIAN OBJ. FUNC.:                    NO
 NO. OF FUNCT. EVALS. ALLOWED:            9999
 NO. OF SIG. FIGURES REQUIRED:            3
 INTERMEDIATE PRINTOUT:                   YES
 ESTIMATE OUTPUT TO MSF:                  NO
 IND. OBJ. FUNC. VALUES SORTED:           NO
 NUMERICAL DERIVATIVE
       FILE REQUEST (NUMDER):               NONE
 MAP (ETAHAT) ESTIMATION METHOD (OPTMAP):   0
 ETA HESSIAN EVALUATION METHOD (ETADER):    0
 INITIAL ETA FOR MAP ESTIMATION (MCETA):    0
 SIGDIGITS FOR MAP ESTIMATION (SIGLO):      3
 GRADIENT SIGDIGITS OF
       FIXED EFFECTS PARAMETERS (SIGL):     3
 NOPRIOR SETTING (NOPRIOR):                 0
 NOCOV SETTING (NOCOV):                     OFF
 DERCONT SETTING (DERCONT):                 OFF
 FINAL ETA RE-EVALUATION (FNLETA):          1
 EXCLUDE NON-INFLUENTIAL (NON-INFL.) ETAS
       IN SHRINKAGE (ETASTYPE):             NO
 NON-INFL. ETA CORRECTION (NONINFETA):      0
 RAW OUTPUT FILE (FILE): psn.ext
 EXCLUDE TITLE (NOTITLE):                   NO
 EXCLUDE COLUMN LABELS (NOLABEL):           NO
 FORMAT FOR ADDITIONAL FILES (FORMAT):      S1PE12.5
 PARAMETER ORDER FOR OUTPUTS (ORDER):       TSOL
 KNUTHSUMOFF:                               0
 INCLUDE LNTWOPI:                           NO
 INCLUDE CONSTANT TERM TO PRIOR (PRIORC):   NO
 INCLUDE CONSTANT TERM TO OMEGA (ETA) (OLNTWOPI):NO
 ADDITIONAL CONVERGENCE TEST (CTYPE=4)?:    NO
 EM OR BAYESIAN METHOD USED:                 NONE

 TOLERANCES FOR ESTIMATION/EVALUATION STEP:
 NRD (RELATIVE) VALUE(S) OF TOLERANCE:   4
 ANRD (ABSOLUTE) VALUE(S) OF TOLERANCE:  12
 TOLERANCES FOR COVARIANCE STEP:
 NRD (RELATIVE) VALUE(S) OF TOLERANCE:   4
 ANRD (ABSOLUTE) VALUE(S) OF TOLERANCE:  12
 TOLERANCES FOR TABLE/SCATTER STEP:
 NRD (RELATIVE) VALUE(S) OF TOLERANCE:   4
 ANRD (ABSOLUTE) VALUE(S) OF TOLERANCE:  12

 THE FOLLOWING LABELS ARE EQUIVALENT
 PRED=PREDI
 RES=RESI
 WRES=WRESI
 IWRS=IWRESI
 IPRD=IPREDI
 IRS=IRESI

 MONITORING OF SEARCH:


0ITERATION NO.:    0    OBJECTIVE VALUE:   15250.1397271083        NO. OF FUNC. EVALS.:   7
 CUMULATIVE NO. OF FUNC. EVALS.:        7
 NPARAMETR:  9.4100E-01  2.1900E+00  3.9600E-02  1.9800E+00  4.3800E-01  1.3200E+00
 PARAMETER:  1.0000E-01  1.0000E-01  1.0000E-01  1.0000E-01  1.0000E-01  1.0000E-01
 GRADIENT:  -1.0343E+03  1.6158E+02  1.4510E+03 -6.9952E+02 -2.3390E+01 -1.5118E+01

0ITERATION NO.:    5    OBJECTIVE VALUE:   15250.0271948946        NO. OF FUNC. EVALS.:  85
 CUMULATIVE NO. OF FUNC. EVALS.:       92
 NPARAMETR:  9.3467E-01  2.1793E+00  3.9518E-02  1.9782E+00  4.3811E-01  1.3201E+00
 PARAMETER:  9.2546E-02  9.3731E-02  9.7211E-02  9.8891E-02  1.0012E-01  1.0005E-01
 GRADIENT:  -7.2456E+02  7.2951E+02  2.3577E+02 -7.0661E+02 -2.3521E+01  4.0245E+01

0ITERATION NO.:    6    OBJECTIVE VALUE:   15250.0271948946        NO. OF FUNC. EVALS.:  24
 CUMULATIVE NO. OF FUNC. EVALS.:      116
 NPARAMETR:  9.3466E-01  2.1793E+00  3.9518E-02  1.9782E+00  4.3813E-01  1.3199E+00
 PARAMETER:  9.2546E-02  9.3731E-02  9.7211E-02  9.8891E-02  1.0012E-01  1.0005E-01
 GRADIENT:   4.3643E+02 -2.2616E+01 -1.0969E+02  2.1776E+02 -7.2445E+02  4.9979E+02
 NUMSIGDIG:         3.8         4.5         4.1         3.9         3.5         2.9

 #TERM:
0MINIMIZATION TERMINATED
 DUE TO ROUNDING ERRORS (ERROR=134)
 NO. OF FUNCTION EVALUATIONS USED:      116
 NO. OF SIG. DIGITS IN FINAL EST.:  2.9
 ADDITIONAL PROBLEMS OCCURRED WITH THE MINIMIZATION.
 REGARD THE RESULTS OF THE ESTIMATION STEP CAREFULLY, AND ACCEPT THEM ONLY
 AFTER CHECKING THAT THE COVARIANCE STEP PRODUCES REASONABLE OUTPUT.

 ETABAR IS THE ARITHMETIC MEAN OF THE ETA-ESTIMATES,
 AND THE P-VALUE IS GIVEN FOR THE NULL HYPOTHESIS THAT THE TRUE MEAN IS 0.

 ETABAR:         2.7925E-02
 SE:             8.1955E-02
 N:                      75

 P VAL.:         7.3330E-01

 ETASHRINKSD(%)  1.0000E-10
 ETASHRINKVR(%)  1.0000E-10
 EBVSHRINKSD(%)  1.1126E-01
 EBVSHRINKVR(%)  2.2239E-01
 RELATIVEINF(%)  9.9778E+01
 EPSSHRINKSD(%)  3.4231E+00  3.4231E+00
 EPSSHRINKVR(%)  6.7291E+00  6.7291E+00

  
 TOTAL DATA POINTS NORMALLY DISTRIBUTED (N):         2801
 N*LOG(2PI) CONSTANT TO OBJECTIVE FUNCTION:    5147.8936630125763     
 OBJECTIVE FUNCTION VALUE WITHOUT CONSTANT:    15250.027194894583     
 OBJECTIVE FUNCTION VALUE WITH CONSTANT:       20397.920857907160     
 REPORTED OBJECTIVE FUNCTION DOES NOT CONTAIN CONSTANT
  
 TOTAL EFFECTIVE ETAS (NIND*NETA):                            75
  
 #TERE:
 Elapsed estimation  time in seconds:   104.22
 Elapsed covariance  time in seconds:    16.62
 Elapsed postprocess time in seconds:     1.85
1
 
 
 
 
 
 
 
 
 
 
 
 
 
 
 
 
 
 
 
 
 ************************************************************************************************************************
 ********************                                                                                ********************
 ********************               FIRST ORDER CONDITIONAL ESTIMATION WITH INTERACTION              ********************
 #OBJT:**************                       MINIMUM VALUE OF OBJECTIVE FUNCTION                      ********************
 ********************                                                                                ********************
 ************************************************************************************************************************
 





 #OBJV:********************************************         15250.027       *********************************************
1
 ************************************************************************************************************************
 ********************                                                                                ********************
 ********************               FIRST ORDER CONDITIONAL ESTIMATION WITH INTERACTION              ********************
 ********************                             FINAL PARAMETER ESTIMATE                           ********************
 ********************                                                                                ********************
 ************************************************************************************************************************
 


 THETA - VECTOR OF FIXED EFFECTS PARAMETERS   *********


         TH 1      TH 2      TH 3      TH 4     
 
         9.35E-01  2.18E+00  3.95E-02  1.98E+00
 


 OMEGA - COV MATRIX FOR RANDOM EFFECTS - ETAS  ********


         ETA1     
 
 ETA1
+        4.38E-01
 


 SIGMA - COV MATRIX FOR RANDOM EFFECTS - EPSILONS  ****


         EPS1      EPS2     
 
 EPS1
+        1.32E+00
 
 EPS2
+        0.00E+00  5.00E-13
 
1


 OMEGA - CORR MATRIX FOR RANDOM EFFECTS - ETAS  *******


         ETA1     
 
 ETA1
+        6.62E-01
 


 SIGMA - CORR MATRIX FOR RANDOM EFFECTS - EPSILONS  ***


         EPS1      EPS2     
 
 EPS1
+        1.15E+00
 
 EPS2
+        0.00E+00  7.07E-07
 
1
 ************************************************************************************************************************
 ********************                                                                                ********************
 ********************               FIRST ORDER CONDITIONAL ESTIMATION WITH INTERACTION              ********************
 ********************                            STANDARD ERROR OF ESTIMATE                          ********************
 ********************                                                                                ********************
 ************************************************************************************************************************
 


 THETA - VECTOR OF FIXED EFFECTS PARAMETERS   *********


         TH 1      TH 2      TH 3      TH 4     
 
         2.06E-02  3.59E-01  9.87E-03  7.00E-01
 


 OMEGA - COV MATRIX FOR RANDOM EFFECTS - ETAS  ********


         ETA1     
 
 ETA1
+        1.14E-01
 


 SIGMA - COV MATRIX FOR RANDOM EFFECTS - EPSILONS  ****


         EPS1      EPS2     
 
 EPS1
+        7.74E-02
 
 EPS2
+       ......... .........
 
1


 OMEGA - CORR MATRIX FOR RANDOM EFFECTS - ETAS  *******


         ETA1     
 
 ETA1
+        8.64E-02
 


 SIGMA - CORR MATRIX FOR RANDOM EFFECTS - EPSILONS  ***


         EPS1      EPS2     
 
 EPS1
+        3.37E-02
 
 EPS2
+       ......... .........
 
1
 ************************************************************************************************************************
 ********************                                                                                ********************
 ********************               FIRST ORDER CONDITIONAL ESTIMATION WITH INTERACTION              ********************
 ********************                          COVARIANCE MATRIX OF ESTIMATE                         ********************
 ********************                                                                                ********************
 ************************************************************************************************************************
 

            TH 1      TH 2      TH 3      TH 4      OM11      SG11      SG12      SG22  
 
 TH 1
+        4.26E-04
 
 TH 2
+        6.61E-03  1.29E-01
 
 TH 3
+        3.85E-05  5.04E-04  9.74E-05
 
 TH 4
+        5.15E-03  9.80E-02  2.33E-03  4.90E-01
 
 OM11
+        3.78E-04  6.73E-03  4.84E-05 -8.12E-03  1.31E-02
 
 SG11
+        1.58E-03  2.44E-02  1.50E-04  2.26E-02  6.69E-04  5.99E-03
 
 SG12
+       ......... ......... ......... ......... ......... ......... .........
 
 SG22
+       ......... ......... ......... ......... ......... ......... ......... .........
 
1
 ************************************************************************************************************************
 ********************                                                                                ********************
 ********************               FIRST ORDER CONDITIONAL ESTIMATION WITH INTERACTION              ********************
 ********************                          CORRELATION MATRIX OF ESTIMATE                        ********************
 ********************                                                                                ********************
 ************************************************************************************************************************
 

            TH 1      TH 2      TH 3      TH 4      OM11      SG11      SG12      SG22  
 
 TH 1
+        2.06E-02
 
 TH 2
+        8.91E-01  3.59E-01
 
 TH 3
+        1.89E-01  1.42E-01  9.87E-03
 
 TH 4
+        3.57E-01  3.90E-01  3.37E-01  7.00E-01
 
 OM11
+        1.60E-01  1.64E-01  4.29E-02 -1.01E-01  1.14E-01
 
 SG11
+        9.91E-01  8.77E-01  1.97E-01  4.16E-01  7.55E-02  7.74E-02
 
 SG12
+       ......... ......... ......... ......... ......... ......... .........
 
 SG22
+       ......... ......... ......... ......... ......... ......... ......... .........
 
1
 ************************************************************************************************************************
 ********************                                                                                ********************
 ********************               FIRST ORDER CONDITIONAL ESTIMATION WITH INTERACTION              ********************
 ********************                      INVERSE COVARIANCE MATRIX OF ESTIMATE                     ********************
 ********************                                                                                ********************
 ************************************************************************************************************************
 

            TH 1      TH 2      TH 3      TH 4      OM11      SG11      SG12      SG22  
 
 TH 1
+        3.88E+05
 
 TH 2
+       -1.62E+03  4.24E+01
 
 TH 3
+       -8.29E+03  1.01E+02  1.20E+04
 
 TH 4
+        7.08E+02 -4.11E+00 -7.01E+01  4.09E+00
 
 OM11
+       -4.91E+03  8.50E+00  1.06E+01 -6.19E+00  1.45E+02
 
 SG11
+       -9.78E+04  2.69E+02  1.74E+03 -1.83E+02  1.27E+03  2.54E+04
 
 SG12
+       ......... ......... ......... ......... ......... ......... .........
 
 SG22
+       ......... ......... ......... ......... ......... ......... ......... .........
 
1
 
 
 
 
 
 
 
 
 
 
 
 
 
 
 
 
 
 
 
 
 ************************************************************************************************************************
 ********************                                                                                ********************
 ********************               FIRST ORDER CONDITIONAL ESTIMATION WITH INTERACTION              ********************
 ********************                      EIGENVALUES OF COR MATRIX OF ESTIMATE                     ********************
 ********************                                                                                ********************
 ************************************************************************************************************************
 

             1         2         3         4         5         6
 
         3.15E-03  1.45E-01  5.73E-01  9.70E-01  1.16E+00  3.15E+00
 
 Elapsed finaloutput time in seconds:     0.73
 #CPUT: Total CPU Time in Seconds,      124.413
Stop Time:
ma 05 jan 2026 15:00:44 CET
