di 06 jan 2026 15:40:10 CET
;; 1. Based on: run01
;; 2. Description: PMX001 1CMT LIN+MM M7+
;; Joshua I., Ali K.
;; 2025-12-29
$PROBLEM    PMX001 One Compartment IV infusion with linear +
;           Michaelis–Menten eliminations
$INPUT      DUMMY=DROP ID TIME WEEK DOSE=AMT RATE CONC=DROP ADA BW ALB
            SEX AGE CREAT COL EVID BLQ CONC_M7=DV
$ABBREVIATED DERIV2=NO
$DATA      dataset_clean.csv IGNORE=@
$SUBROUTINE ADVAN13 ; general nonlinear model
            TOL=9 ; tolerance for $DES,higher TOL: more accurate,but slower computation

; TOL=9 -> DES will aim for accuracy of 1E-9 for each integration step
$MODEL      NCOMP=1 ; number of compartments
            COMP=(DOSE,DEFDOSE,DEFOBS) ; first (central) compartment
$PK
IF (EVID.EQ.1) LASTDOSE = TIME
TAD = TIME - LASTDOSE

; Typical (population) parameters
TVCL   = THETA(1)   ; Linear clearance [L/d]
TVV    = THETA(2)   ; Central volume [L]
TVVMAX = THETA(3)   ; Vmax for MM elimination [amount/d]
TVKM   = THETA(4)   ; Km for MM elimination [conc units, e.g., mg/L]

; Individual parameters
CL   = TVCL  * EXP(ETA(1))   
V    = TVV   * EXP(ETA(2)) 
VMAX = TVVMAX
KM   = TVKM

K  = CL/V

; Scaling
S1 = V

$THETA  (0.00001,1.19,20) ; [1] TVCL (L/d)
 (0.00001,4.45,10) ; [2] TVV  (L)
 (0.00001,0.977,20) ; [3] VMAX (mg/d)
 (0.00001,3.65,10) ; [3] KM   (mg/L)
; values were iteratively determined
$DES ; ODE for 1CMT with combined elimination
DADT(1) = - (VMAX*A(1)) / (KM*V + A(1)) - K*A(1)
 
$ERROR
IPRED = F
LLOQ = 1  ; (mg/L)

; --- Residual error SDs ---
PROP_SD = SIGMA(1)
ADD_SD  = SIGMA(2)

; --- BLQ inflation (gentle, stable) ---
IF (BLQ.EQ.1) ADD_SD = ADD_SD + LLOQ

; --- Final residual error ---
W = SQRT(ADD_SD**2+PROP_SD**2)

IF (W.LE.0.000001) W=0.000001 ; Protective code

IRES=DV-IPRED
IWRES=IRES/W
Y = IPRED * (1 + EPS(1)) + EPS(2)

$OMEGA  0.615  ;     IIV CL
 0.217  ;      IIV V
; values were iteratively determined
$SIGMA  0.123  ; proportional error
 5E-13  FIX  ; additive error
    ; residual variability
$ESTIMATION METHOD=1 INTERACTION ; FOCE-I
            MAXEVAL=9999 SIG=3 SIGL=3 PRINT=5
$COVARIANCE PRINT=E UNCONDITIONAL MATRIX=S
 ; output table for standard outcomes
$TABLE      ID TIME DV EVID PRED IPRED WRES RES CWRES NOPRINT
            ONEHEADER FILE=run05_sdtab
 ; output table for PK parameters
$TABLE      ID CL V K NOPRINT NOAPPEND ONEHEADER FILE=run05_patab
 ; output table for categorical covariates
$TABLE      ID ADA SEX COL NOPRINT NOAPPEND ONEHEADER FILE=run05_catab
 ; output table for continuous covariates
$TABLE      ID BW ALB AGE CREAT NOPRINT NOAPPEND ONEHEADER
            FILE=run05_cotab
 ; output table for parameters and covariates
$TABLE      ID CL V K ADA SEX COL BW ALB AGE CREAT NOPRINT NOAPPEND
            ONEHEADER FILE=run05_pa_cov
;; REFERENCES

;; 1) https://www.ncbi.nlm.nih.gov/books/NBK557889/

;; 2) https://pmc.ncbi.nlm.nih.gov/articles/PMC8301575/

;; 3) https://www.tandfonline.com/doi/pdf/10.1080/19420862.2025.2512217?needAccess=true


NM-TRAN MESSAGES
  
 WARNINGS AND ERRORS (IF ANY) FOR PROBLEM    1
             
 (WARNING  2) NM-TRAN INFERS THAT THE DATA ARE POPULATION.
             
 (WARNING  79) SIGMA IS USED ON THE RIGHT. WITH A SUBSEQUENT RUN, IF AN
 INITIAL ESTIMATE OF A DIAGONAL BLOCK OF SIGMA IS TO BE COMPUTED BY
 NONMEM, THAT BLOCK WILL BE SET TO AN IDENTITY MATRIX DURING THAT
 COMPUTATION. THIS COULD LEAD TO AN ARITHMETIC EXCEPTION.*

 * THE MAXIMUM NUMBER OF WARNINGS OF ONE OR MORE TYPES WAS REACHED.
 IT IS POSSIBLE THAT SOME WARNING MESSAGES WERE SUPPRESSED.

License Registered to: Erwin DREESEN KU Leuven
Expiration Date:    25 JAN 2026
Current Date:        6 JAN 2026
  **** WARNING!!! Days until program expires :  19 ****
  **** CONTACT idssoftware@iconplc.com FOR RENEWAL ****
1NONLINEAR MIXED EFFECTS MODEL PROGRAM (NONMEM) VERSION 7.6.0 (nm760)
 ORIGINALLY DEVELOPED BY STUART BEAL, LEWIS SHEINER, AND ALISON BOECKMANN
 CURRENT DEVELOPERS ARE ROBERT BAUER, ICON DEVELOPMENT SOLUTIONS,
 AND ALISON BOECKMANN. IMPLEMENTATION, EFFICIENCY, AND STANDARDIZATION
 PERFORMED BY NOUS INFOSYSTEMS.

 PROBLEM NO.:         1
 PMX001 One Compartment IV infusion with linear +
0DATA CHECKOUT RUN:              NO
 DATA SET LOCATED ON UNIT NO.:    2
 THIS UNIT TO BE REWOUND:        NO
 CREATE/ADD TO FDATA.csv:        YES
 NO. OF DATA RECS IN DATA SET:    11475
 NO. OF DATA ITEMS IN DATA SET:  16
 ID DATA ITEM IS DATA ITEM NO.:   1
 DEP VARIABLE IS DATA ITEM NO.:  15
 MDV DATA ITEM IS DATA ITEM NO.: 16
0INDICES PASSED TO SUBROUTINE PRED:
  13   2   4   5   0   0   0   0   0   0   0
0LABELS FOR DATA ITEMS:
 ID TIME WEEK DOSE RATE ADA BW ALB SEX AGE CREAT COL EVID BLQ CONC_M7 MDV
0(NONBLANK) LABELS FOR PRED-DEFINED ITEMS:
 CL V K IPRED
0FORMAT FOR DATA:
 (3(4E19.0/),3E19.0,1F2.0)

 TOT. NO. OF OBS RECS:     2801
 TOT. NO. OF INDIVIDUALS:       75
0LENGTH OF THETA:   4
0DEFAULT THETA BOUNDARY TEST OMITTED:    NO
0OMEGA HAS SIMPLE DIAGONAL FORM WITH DIMENSION:   2
0DEFAULT OMEGA BOUNDARY TEST OMITTED:    NO
0SIGMA HAS BLOCK FORM:
  1
  0  2
0DEFAULT SIGMA BOUNDARY TEST OMITTED:    NO
0INITIAL ESTIMATE OF THETA:
 LOWER BOUND    INITIAL EST    UPPER BOUND
  0.1000E-04     0.1190E+01     0.2000E+02
  0.1000E-04     0.4450E+01     0.1000E+02
  0.1000E-04     0.9770E+00     0.2000E+02
  0.1000E-04     0.3650E+01     0.1000E+02
0INITIAL ESTIMATE OF OMEGA:
 0.6150E+00
 0.0000E+00   0.2170E+00
0INITIAL ESTIMATE OF SIGMA:
 BLOCK SET NO.   BLOCK                                                                    FIXED
        1                                                                                   NO
                  0.1230E+00
        2                                                                                  YES
                  0.5000E-12
0COVARIANCE STEP OMITTED:        NO
 R MATRIX SUBSTITUTED:           NO
 S MATRIX SUBSTITUTED:          YES
 EIGENVLS. PRINTED:             YES
 SPECIAL COMPUTATION:            NO
 COMPRESSED FORMAT:              NO
 GRADIENT METHOD USED:     NOSLOW
 SIGDIGITS ETAHAT (SIGLO):                  -1
 SIGDIGITS GRADIENTS (SIGL):                -1
 EXCLUDE COV FOR FOCE (NOFCOV):              NO
 Cholesky Transposition of R Matrix (CHOLROFF):0
 KNUTHSUMOFF:                                -1
 RESUME COV ANALYSIS (RESUME):               NO
 SIR SAMPLE SIZE (SIRSAMPLE):
 NON-LINEARLY TRANSFORM THETAS DURING COV (THBND): 1
 PRECONDTIONING CYCLES (PRECOND):        0
 PRECONDTIONING TYPES (PRECONDS):        TOS
 FORCED PRECONDTIONING CYCLES (PFCOND):0
 PRECONDTIONING TYPE (PRETYPE):        0
 FORCED POS. DEFINITE SETTING DURING PRECONDITIONING: (FPOSDEF):0
 SIMPLE POS. DEFINITE SETTING: (POSDEF):-1
0TABLES STEP OMITTED:    NO
 NO. OF TABLES:           5
 SEED NUMBER (SEED):    11456
 NPDTYPE:    0
 INTERPTYPE:    0
 RANMETHOD:             3U
 MC SAMPLES (ESAMPLE):    300
 WRES SQUARE ROOT TYPE (WRESCHOL): EIGENVALUE
0-- TABLE   1 --
0RECORDS ONLY:    ALL
04 COLUMNS APPENDED:    YES
 PRINTED:                NO
 HEADERS:               ONE
 FILE TO BE FORWARDED:   NO
 FORMAT:                S1PE11.4
 IDFORMAT:
 LFORMAT:
 RFORMAT:
 FIXED_EFFECT_ETAS:
0USER-CHOSEN ITEMS:
 ID TIME CONC_M7 EVID IPRED CWRES
0-- TABLE   2 --
0RECORDS ONLY:    ALL
04 COLUMNS APPENDED:    NO
 PRINTED:                NO
 HEADERS:               ONE
 FILE TO BE FORWARDED:   NO
 FORMAT:                S1PE11.4
 IDFORMAT:
 LFORMAT:
 RFORMAT:
 FIXED_EFFECT_ETAS:
0USER-CHOSEN ITEMS:
 ID CL V K
0-- TABLE   3 --
0RECORDS ONLY:    ALL
04 COLUMNS APPENDED:    NO
 PRINTED:                NO
 HEADERS:               ONE
 FILE TO BE FORWARDED:   NO
 FORMAT:                S1PE11.4
 IDFORMAT:
 LFORMAT:
 RFORMAT:
 FIXED_EFFECT_ETAS:
0USER-CHOSEN ITEMS:
 ID ADA SEX COL
0-- TABLE   4 --
0RECORDS ONLY:    ALL
04 COLUMNS APPENDED:    NO
 PRINTED:                NO
 HEADERS:               ONE
 FILE TO BE FORWARDED:   NO
 FORMAT:                S1PE11.4
 IDFORMAT:
 LFORMAT:
 RFORMAT:
 FIXED_EFFECT_ETAS:
0USER-CHOSEN ITEMS:
 ID BW ALB AGE CREAT
0-- TABLE   5 --
0RECORDS ONLY:    ALL
04 COLUMNS APPENDED:    NO
 PRINTED:                NO
 HEADERS:               ONE
 FILE TO BE FORWARDED:   NO
 FORMAT:                S1PE11.4
 IDFORMAT:
 LFORMAT:
 RFORMAT:
 FIXED_EFFECT_ETAS:
0USER-CHOSEN ITEMS:
 ID CL V K ADA SEX COL BW ALB AGE CREAT
1DOUBLE PRECISION PREDPP VERSION 7.6.0 (nm760)

 GENERAL NONLINEAR KINETICS MODEL WITH STIFF/NONSTIFF EQUATIONS (LSODA, ADVAN13)
0MODEL SUBROUTINE USER-SUPPLIED - ID NO. 9999
0MAXIMUM NO. OF BASIC PK PARAMETERS:   4
0COMPARTMENT ATTRIBUTES
 COMPT. NO.   FUNCTION   INITIAL    ON/OFF      DOSE      DEFAULT    DEFAULT
                         STATUS     ALLOWED    ALLOWED    FOR DOSE   FOR OBS.
    1         DOSE         ON         YES        YES        YES        YES
    2         OUTPUT       OFF        YES        NO         NO         NO
 INITIAL (BASE) TOLERANCE SETTINGS:
 NRD (RELATIVE) VALUE(S) OF TOLERANCE:   9
 ANRD (ABSOLUTE) VALUE(S) OF TOLERANCE:  12
1
 ADDITIONAL PK PARAMETERS - ASSIGNMENT OF ROWS IN GG
 COMPT. NO.                             INDICES
              SCALE      BIOAVAIL.   ZERO-ORDER  ZERO-ORDER  ABSORB
                         FRACTION    RATE        DURATION    LAG
    1            5           *           *           *           *
    2            *           -           -           -           -
             - PARAMETER IS NOT ALLOWED FOR THIS MODEL
             * PARAMETER IS NOT SUPPLIED BY PK SUBROUTINE;
               WILL DEFAULT TO ONE IF APPLICABLE
0DATA ITEM INDICES USED BY PRED ARE:
   EVENT ID DATA ITEM IS DATA ITEM NO.:     13
   TIME DATA ITEM IS DATA ITEM NO.:          2
   DOSE AMOUNT DATA ITEM IS DATA ITEM NO.:   4
   DOSE RATE DATA ITEM IS DATA ITEM NO.:     5

0PK SUBROUTINE CALLED WITH EVERY EVENT RECORD.
 PK SUBROUTINE NOT CALLED AT NONEVENT (ADDITIONAL OR LAGGED) DOSE TIMES.
0ERROR SUBROUTINE CALLED WITH EVERY EVENT RECORD.
0DES SUBROUTINE USES COMPACT STORAGE MODE.
1


 #TBLN:      1
 #METH: First Order Conditional Estimation with Interaction

 ESTIMATION STEP OMITTED:                 NO
 SHRINK INFO WITH EVALUATION (EVALSHRINK) NO
 ANALYSIS TYPE:                           POPULATION
 NUMBER OF SADDLE POINT RESET ITERATIONS:      0
 GRADIENT METHOD USED:               NOSLOW
 CONDITIONAL ESTIMATES USED:              YES
 CENTERED ETA:                            NO
 EPS-ETA INTERACTION:                     YES
 LAPLACIAN OBJ. FUNC.:                    NO
 NO. OF FUNCT. EVALS. ALLOWED:            9999
 NO. OF SIG. FIGURES REQUIRED:            3
 INTERMEDIATE PRINTOUT:                   YES
 ESTIMATE OUTPUT TO MSF:                  NO
 IND. OBJ. FUNC. VALUES SORTED:           NO
 NUMERICAL DERIVATIVE
       FILE REQUEST (NUMDER):               NONE
 MAP (ETAHAT) ESTIMATION METHOD (OPTMAP):   0
 ETA HESSIAN EVALUATION METHOD (ETADER):    0
 INITIAL ETA FOR MAP ESTIMATION (MCETA):    0
 SIGDIGITS FOR MAP ESTIMATION (SIGLO):      3
 GRADIENT SIGDIGITS OF
       FIXED EFFECTS PARAMETERS (SIGL):     3
 NOPRIOR SETTING (NOPRIOR):                 0
 NOCOV SETTING (NOCOV):                     OFF
 DERCONT SETTING (DERCONT):                 OFF
 FINAL ETA RE-EVALUATION (FNLETA):          1
 EXCLUDE NON-INFLUENTIAL (NON-INFL.) ETAS
       IN SHRINKAGE (ETASTYPE):             NO
 NON-INFL. ETA CORRECTION (NONINFETA):      0
 RAW OUTPUT FILE (FILE): psn.ext
 EXCLUDE TITLE (NOTITLE):                   NO
 EXCLUDE COLUMN LABELS (NOLABEL):           NO
 FORMAT FOR ADDITIONAL FILES (FORMAT):      S1PE12.5
 PARAMETER ORDER FOR OUTPUTS (ORDER):       TSOL
 KNUTHSUMOFF:                               0
 INCLUDE LNTWOPI:                           NO
 INCLUDE CONSTANT TERM TO PRIOR (PRIORC):   NO
 INCLUDE CONSTANT TERM TO OMEGA (ETA) (OLNTWOPI):NO
 ADDITIONAL CONVERGENCE TEST (CTYPE=4)?:    NO
 EM OR BAYESIAN METHOD USED:                 NONE

 TOLERANCES FOR ESTIMATION/EVALUATION STEP:
 NRD (RELATIVE) VALUE(S) OF TOLERANCE:   9
 ANRD (ABSOLUTE) VALUE(S) OF TOLERANCE:  12
 TOLERANCES FOR COVARIANCE STEP:
 NRD (RELATIVE) VALUE(S) OF TOLERANCE:   9
 ANRD (ABSOLUTE) VALUE(S) OF TOLERANCE:  12
 TOLERANCES FOR TABLE/SCATTER STEP:
 NRD (RELATIVE) VALUE(S) OF TOLERANCE:   9
 ANRD (ABSOLUTE) VALUE(S) OF TOLERANCE:  12

 THE FOLLOWING LABELS ARE EQUIVALENT
 PRED=PREDI
 RES=RESI
 WRES=WRESI
 IWRS=IWRESI
 IPRD=IPREDI
 IRS=IRESI

 MONITORING OF SEARCH:


0ITERATION NO.:    0    OBJECTIVE VALUE:   11486.7514084903        NO. OF FUNC. EVALS.:   7
 CUMULATIVE NO. OF FUNC. EVALS.:        7
 NPARAMETR:  1.1900E+00  4.4500E+00  9.7700E-01  3.6500E+00  6.1500E-01  2.1700E-01  1.2300E-01
 PARAMETER:  1.0000E-01  1.0000E-01  1.0000E-01  1.0000E-01  1.0000E-01  1.0000E-01  1.0000E-01
 GRADIENT:  -7.9401E+01  4.4225E+01 -5.2546E+02  4.0824E+02 -5.5177E+00  3.6291E+00 -4.1877E+03
0PRED EXIT CODE = 1
0INDIVIDUAL NO.       1   ID= 1.00000000000000E+00   (WITHIN-INDIVIDUAL) DATA REC NO. 145
 THETA=
  1.73E+00   4.77E+00   1.66E+01   1.49E-01
 OCCURS DURING SEARCH FOR ETA AT INITIAL VALUE, ETA=0
 ERROR IN LSODA: CODE  -5                                                                                                            
0PROGRAM TERMINATED BY OBJ
 MESSAGE ISSUED FROM ESTIMATION STEP

 #TERM:
  
 TOTAL DATA POINTS NORMALLY DISTRIBUTED (N):            0
 N*LOG(2PI) CONSTANT TO OBJECTIVE FUNCTION:    0.0000000000000000     
 OBJECTIVE FUNCTION VALUE WITHOUT CONSTANT:    10770.470973069903     
 OBJECTIVE FUNCTION VALUE WITH CONSTANT:       10770.470973069903     
 REPORTED OBJECTIVE FUNCTION DOES NOT CONTAIN CONSTANT
  
 TOTAL EFFECTIVE ETAS (NIND*NETA):                             0
  
 #TERE:
 Elapsed estimation  time in seconds:    50.53
1THERE ARE ERROR MESSAGES IN FILE PRDERR                                                                  
 #CPUT: Total CPU Time in Seconds,       50.441
Stop Time:
di 06 jan 2026 15:41:09 CET
