za 03 jan 2026 00:36:33 CET
;; 1. Based on: run01
;; 2. Description: PMX001 2CMT LINEAR M7+ (BASE MODEL)
;; Joshua I., Ali K.
;; 2025-12-09
$PROBLEM    PMX001 Two Compartment
$INPUT      DUMMY=DROP ID TIME WEEK DOSE=AMT RATE CONC=DROP ADA
            BW=DROP ALB=DROP SEX=DROP AGE=DROP CREAT COL EVID BLQ
            CONC_M7=DV
$DATA      ../../../dataset_clean.csv IGNORE=@
$ABBREVIATED DERIV2=NO
$SUBROUTINE ADVAN13 ; general nonlinear model
            TOL=9 ; tolerance for $DES,higher TOL: more accurate,but slower computation

; TOL=7 -> DES will aim for accuracy of 1E-7 for each integration step
$MODEL      NCOMP=2 ; number of compartments
            COMP=(DOSE,DEFDOSE,DEFOBS) ; first (central) compartment
            COMP=(PERIPH) ; second (peripheral) compartment
$PK
;;; V1CREAT-DEFINITION START
V1CREAT = ( 1 + THETA(6)*(CREAT - 1.03))
;;; V1CREAT-DEFINITION END

;;; V1-RELATION START
V1COV=V1CREAT
;;; V1-RELATION END


;;; CLADA-DEFINITION START
IF(ADA.EQ.0) CLADA = 1  ; Most common
IF(ADA.EQ.1) CLADA = ( 1 + THETA(5))
;;; CLADA-DEFINITION END

;;; CL-RELATION START
CLCOV=CLADA
;;; CL-RELATION END


IF (EVID.EQ.1) LASTDOSE = TIME
TAD = TIME - LASTDOSE

TVCL = THETA(1)

TVCL = CLCOV*TVCL
TVV1 = THETA(2)

TVV1 = V1COV*TVV1
TVV2 = THETA(3)
 TVQ = THETA(4)
   
  CL = TVCL * EXP(ETA(1))
  V1 = TVV1 * EXP(ETA(2))
  V2 = TVV2
   Q = TVQ
 
 K10 = CL/V1
 K12 = Q/V1
 K21 = Q/V2
 
  S1 = V1/1 ; scale prediction based on DOSE (mmol) and DV (mmol/L)
  S2 = V2/1

$THETA  (0.001,1.45007,8) ; [1]   CL (L/d)
 (0.001,4.58372,10) ; [2,3] V1  (L)
 (0.01,0.423092,6) ; V2
 (0.001,3.03025,6) ; Q
 ; values are determined in 3 iterations
$THETA  (-1,4.94999,5) ; CLADA1
$THETA  (-1.250,0.00119,1.190) ; V1CREAT1
$DES DADT(1) = -K10*A(1) -K12*A(1) +K21*A(2) ; ODE for central    compartment
     DADT(2) =            K12*A(1) -K21*A(2) ; ODE for peripheral compartment
     
$ERROR
IPRED = F
LLOQ = 1  ; (mg/L)

; --- Residual error SDs ---
PROP_SD = SIGMA(1)
ADD_SD  = SIGMA(2)

; --- BLQ inflation (gentle, stable) ---
IF (BLQ.EQ.1) ADD_SD = ADD_SD + LLOQ

; --- Final residual error ---
W = SQRT(ADD_SD**2+PROP_SD**2)

IF (W.LE.0.000001) W=0.000001 ; Protective code

IRES=DV-IPRED
IWRES=IRES/W
Y = IPRED * (1 + EPS(1)) + EPS(2)

$OMEGA  0.575799  ;     IIV CL
 0.22842  ;      IIV V
$SIGMA  0.279944  ; EPS(1), proportional
 5E-13  FIX  ;     EPS(2)  ; additive, required by M7+ censoring method
    ; residual variability
$ESTIMATION METHOD=1 INTERACTION ; FOCE-I
            SIG=3 SIGL=4 PRINT=5 MAXEVALS=9999 CTYPE=4


NM-TRAN MESSAGES
  
 WARNINGS AND ERRORS (IF ANY) FOR PROBLEM    1
             
 (WARNING  2) NM-TRAN INFERS THAT THE DATA ARE POPULATION.
             
 (WARNING  79) SIGMA IS USED ON THE RIGHT. WITH A SUBSEQUENT RUN, IF AN
 INITIAL ESTIMATE OF A DIAGONAL BLOCK OF SIGMA IS TO BE COMPUTED BY
 NONMEM, THAT BLOCK WILL BE SET TO AN IDENTITY MATRIX DURING THAT
 COMPUTATION. THIS COULD LEAD TO AN ARITHMETIC EXCEPTION.*

 * THE MAXIMUM NUMBER OF WARNINGS OF ONE OR MORE TYPES WAS REACHED.
 IT IS POSSIBLE THAT SOME WARNING MESSAGES WERE SUPPRESSED.

License Registered to: Erwin DREESEN KU Leuven
Expiration Date:    25 JAN 2026
Current Date:        3 JAN 2026
  **** WARNING!!! Days until program expires :  22 ****
  **** CONTACT idssoftware@iconplc.com FOR RENEWAL ****
1NONLINEAR MIXED EFFECTS MODEL PROGRAM (NONMEM) VERSION 7.6.0 (nm760)
 ORIGINALLY DEVELOPED BY STUART BEAL, LEWIS SHEINER, AND ALISON BOECKMANN
 CURRENT DEVELOPERS ARE ROBERT BAUER, ICON DEVELOPMENT SOLUTIONS,
 AND ALISON BOECKMANN. IMPLEMENTATION, EFFICIENCY, AND STANDARDIZATION
 PERFORMED BY NOUS INFOSYSTEMS.

 PROBLEM NO.:         1
 PMX001 Two Compartment
0DATA CHECKOUT RUN:              NO
 DATA SET LOCATED ON UNIT NO.:    2
 THIS UNIT TO BE REWOUND:        NO
 CREATE/ADD TO FDATA.csv:        YES
 NO. OF DATA RECS IN DATA SET:    11475
 NO. OF DATA ITEMS IN DATA SET:  12
 ID DATA ITEM IS DATA ITEM NO.:   1
 DEP VARIABLE IS DATA ITEM NO.:  11
 MDV DATA ITEM IS DATA ITEM NO.: 12
0INDICES PASSED TO SUBROUTINE PRED:
   9   2   4   5   0   0   0   0   0   0   0
0LABELS FOR DATA ITEMS:
 ID TIME WEEK DOSE RATE ADA CREAT COL EVID BLQ CONC_M7 MDV
0FORMAT FOR DATA:
 (E2.0,E18.0,E2.0,2E16.0,E1.0,E17.0,3E1.0/E16.0,1F2.0)

 TOT. NO. OF OBS RECS:     2801
 TOT. NO. OF INDIVIDUALS:       75
0LENGTH OF THETA:   6
0DEFAULT THETA BOUNDARY TEST OMITTED:    NO
0OMEGA HAS SIMPLE DIAGONAL FORM WITH DIMENSION:   2
0DEFAULT OMEGA BOUNDARY TEST OMITTED:    NO
0SIGMA HAS BLOCK FORM:
  1
  0  2
0DEFAULT SIGMA BOUNDARY TEST OMITTED:    NO
0INITIAL ESTIMATE OF THETA:
 LOWER BOUND    INITIAL EST    UPPER BOUND
  0.1000E-02     0.1450E+01     0.8000E+01
  0.1000E-02     0.4584E+01     0.1000E+02
  0.1000E-01     0.4231E+00     0.6000E+01
  0.1000E-02     0.3030E+01     0.6000E+01
 -0.1000E+01     0.4950E+01     0.5000E+01
 -0.1250E+01     0.1190E-02     0.1190E+01
0INITIAL ESTIMATE OF OMEGA:
 0.5758E+00
 0.0000E+00   0.2284E+00
0INITIAL ESTIMATE OF SIGMA:
 BLOCK SET NO.   BLOCK                                                                    FIXED
        1                                                                                   NO
                  0.2799E+00
        2                                                                                  YES
                  0.5000E-12
1DOUBLE PRECISION PREDPP VERSION 7.6.0 (nm760)

 GENERAL NONLINEAR KINETICS MODEL WITH STIFF/NONSTIFF EQUATIONS (LSODA, ADVAN13)
0MODEL SUBROUTINE USER-SUPPLIED - ID NO. 9999
0MAXIMUM NO. OF BASIC PK PARAMETERS:   3
0COMPARTMENT ATTRIBUTES
 COMPT. NO.   FUNCTION   INITIAL    ON/OFF      DOSE      DEFAULT    DEFAULT
                         STATUS     ALLOWED    ALLOWED    FOR DOSE   FOR OBS.
    1         DOSE         ON         YES        YES        YES        YES
    2         PERIPH       ON         YES        YES        NO         NO
    3         OUTPUT       OFF        YES        NO         NO         NO
 INITIAL (BASE) TOLERANCE SETTINGS:
 NRD (RELATIVE) VALUE(S) OF TOLERANCE:   9
 ANRD (ABSOLUTE) VALUE(S) OF TOLERANCE:  12
1
 ADDITIONAL PK PARAMETERS - ASSIGNMENT OF ROWS IN GG
 COMPT. NO.                             INDICES
              SCALE      BIOAVAIL.   ZERO-ORDER  ZERO-ORDER  ABSORB
                         FRACTION    RATE        DURATION    LAG
    1            4           *           *           *           *
    2            5           *           *           *           *
    3            *           -           -           -           -
             - PARAMETER IS NOT ALLOWED FOR THIS MODEL
             * PARAMETER IS NOT SUPPLIED BY PK SUBROUTINE;
               WILL DEFAULT TO ONE IF APPLICABLE
0DATA ITEM INDICES USED BY PRED ARE:
   EVENT ID DATA ITEM IS DATA ITEM NO.:      9
   TIME DATA ITEM IS DATA ITEM NO.:          2
   DOSE AMOUNT DATA ITEM IS DATA ITEM NO.:   4
   DOSE RATE DATA ITEM IS DATA ITEM NO.:     5

0PK SUBROUTINE CALLED WITH EVERY EVENT RECORD.
 PK SUBROUTINE NOT CALLED AT NONEVENT (ADDITIONAL OR LAGGED) DOSE TIMES.
0ERROR SUBROUTINE CALLED WITH EVERY EVENT RECORD.
0DES SUBROUTINE USES COMPACT STORAGE MODE.
1


 #TBLN:      1
 #METH: First Order Conditional Estimation with Interaction

 ESTIMATION STEP OMITTED:                 NO
 SHRINK INFO WITH EVALUATION (EVALSHRINK) NO
 ANALYSIS TYPE:                           POPULATION
 NUMBER OF SADDLE POINT RESET ITERATIONS:      0
 GRADIENT METHOD USED:               NOSLOW
 CONDITIONAL ESTIMATES USED:              YES
 CENTERED ETA:                            NO
 EPS-ETA INTERACTION:                     YES
 LAPLACIAN OBJ. FUNC.:                    NO
 NO. OF FUNCT. EVALS. ALLOWED:            9999
 NO. OF SIG. FIGURES REQUIRED:            3
 INTERMEDIATE PRINTOUT:                   YES
 ESTIMATE OUTPUT TO MSF:                  NO
 IND. OBJ. FUNC. VALUES SORTED:           NO
 NUMERICAL DERIVATIVE
       FILE REQUEST (NUMDER):               NONE
 MAP (ETAHAT) ESTIMATION METHOD (OPTMAP):   0
 ETA HESSIAN EVALUATION METHOD (ETADER):    0
 INITIAL ETA FOR MAP ESTIMATION (MCETA):    0
 SIGDIGITS FOR MAP ESTIMATION (SIGLO):      4
 GRADIENT SIGDIGITS OF
       FIXED EFFECTS PARAMETERS (SIGL):     4
 NOPRIOR SETTING (NOPRIOR):                 0
 NOCOV SETTING (NOCOV):                     OFF
 DERCONT SETTING (DERCONT):                 OFF
 FINAL ETA RE-EVALUATION (FNLETA):          1
 EXCLUDE NON-INFLUENTIAL (NON-INFL.) ETAS
       IN SHRINKAGE (ETASTYPE):             NO
 NON-INFL. ETA CORRECTION (NONINFETA):      0
 RAW OUTPUT FILE (FILE): psn.ext
 EXCLUDE TITLE (NOTITLE):                   NO
 EXCLUDE COLUMN LABELS (NOLABEL):           NO
 FORMAT FOR ADDITIONAL FILES (FORMAT):      S1PE12.5
 PARAMETER ORDER FOR OUTPUTS (ORDER):       TSOL
 KNUTHSUMOFF:                               0
 INCLUDE LNTWOPI:                           NO
 INCLUDE CONSTANT TERM TO PRIOR (PRIORC):   NO
 INCLUDE CONSTANT TERM TO OMEGA (ETA) (OLNTWOPI):NO
 ADDITIONAL CONVERGENCE TEST (CTYPE=4)?:    YES
 EM OR BAYESIAN METHOD USED:                 NONE

 TOLERANCES FOR ESTIMATION/EVALUATION STEP:
 NRD (RELATIVE) VALUE(S) OF TOLERANCE:   9
 ANRD (ABSOLUTE) VALUE(S) OF TOLERANCE:  12
 TOLERANCES FOR COVARIANCE STEP:
 NRD (RELATIVE) VALUE(S) OF TOLERANCE:   9
 ANRD (ABSOLUTE) VALUE(S) OF TOLERANCE:  12

 THE FOLLOWING LABELS ARE EQUIVALENT
 PRED=PREDI
 RES=RESI
 WRES=WRESI
 IWRS=IWRESI
 IPRD=IPREDI
 IRS=IRESI

 MONITORING OF SEARCH:


0ITERATION NO.:    0    OBJECTIVE VALUE:   10919.0817804426        NO. OF FUNC. EVALS.:   9
 CUMULATIVE NO. OF FUNC. EVALS.:        9
 NPARAMETR:  1.4501E+00  4.5837E+00  4.2309E-01  3.0303E+00  4.9500E+00  1.1900E-03  5.7580E-01  2.2842E-01  2.7994E-01
 PARAMETER:  1.0000E-01  1.0000E-01  1.0000E-01  1.0000E-01  1.0000E-01  1.0000E-01  1.0000E-01  1.0000E-01  1.0000E-01
 GRADIENT:   1.4398E+00  1.2635E+00  1.6456E-01  1.0851E-02 -1.1005E-02 -2.3459E+01 -1.3788E-02 -6.1818E-02  4.5865E-01

0ITERATION NO.:    5    OBJECTIVE VALUE:   10915.5204931083        NO. OF FUNC. EVALS.:  54
 CUMULATIVE NO. OF FUNC. EVALS.:       63
 NPARAMETR:  1.4369E+00  4.6098E+00  4.2555E-01  3.0260E+00  4.9502E+00  1.8500E-01  5.7496E-01  2.2907E-01  2.8063E-01
 PARAMETER:  8.8863E-02  1.1052E-01  1.0638E-01  9.7163E-02  1.0416E-01  4.0503E-01  9.9274E-02  1.0143E-01  1.0123E-01
 GRADIENT:  -6.6053E-03  1.4219E+00  5.5307E-01 -6.3775E-02 -3.2930E-02  3.2468E-01 -2.5936E-01 -6.3165E-01  1.2683E+01

0ITERATION NO.:   10    OBJECTIVE VALUE:   10915.5147230756        NO. OF FUNC. EVALS.:  50
 CUMULATIVE NO. OF FUNC. EVALS.:      113
 NPARAMETR:  1.4380E+00  4.5982E+00  4.2214E-01  3.0196E+00  4.9512E+00  1.8700E-01  5.7674E-01  2.2950E-01  2.7993E-01
 PARAMETER:  8.9836E-02  1.0581E-01  9.7524E-02  9.2880E-02  1.2508E-01  4.0842E-01  1.0081E-01  1.0235E-01  9.9979E-02
 GRADIENT:   2.5875E-01  5.0827E-01  2.5137E-02  1.8415E-02 -3.2239E-02  6.0015E-01  1.4575E-01 -3.7353E-01  5.2152E+00

0ITERATION NO.:   15    OBJECTIVE VALUE:   10915.5082303200        NO. OF FUNC. EVALS.:  82
 CUMULATIVE NO. OF FUNC. EVALS.:      195
 NPARAMETR:  1.4432E+00  4.6067E+00  4.2050E-01  2.9871E+00  4.9510E+00  1.8661E-01  5.7681E-01  2.2944E-01  2.7987E-01
 PARAMETER:  9.4180E-02  1.0927E-01  9.3249E-02  7.1259E-02  1.2014E-01  4.0776E-01  1.0087E-01  1.0224E-01  9.9874E-02
 GRADIENT:  -2.5754E+00  8.9123E-02  5.2162E-02 -2.4057E-02 -3.2362E-02  8.1661E-02  1.6340E-01 -2.8892E-01  3.5852E+00

0ITERATION NO.:   20    OBJECTIVE VALUE:   10915.4877304373        NO. OF FUNC. EVALS.: 101
 CUMULATIVE NO. OF FUNC. EVALS.:      296
 NPARAMETR:  1.4487E+00  4.6106E+00  4.2147E-01  2.9768E+00  4.9948E+00  1.8564E-01  5.7646E-01  2.2895E-01  2.7920E-01
 PARAMETER:  9.8855E-02  1.1084E-01  9.5786E-02  6.4392E-02  2.3763E+00  4.0612E-01  1.0057E-01  1.0116E-01  9.8669E-02
 GRADIENT:   1.7924E+00  1.4605E+00  1.6827E-01 -2.8093E-02 -2.5180E-03  3.7796E-01  3.1923E-02 -6.4532E-01 -3.2102E+00

0ITERATION NO.:   25    OBJECTIVE VALUE:   10915.4830059595        NO. OF FUNC. EVALS.:  59
 CUMULATIVE NO. OF FUNC. EVALS.:      355
 NPARAMETR:  1.4483E+00  4.6101E+00  4.2135E-01  2.9799E+00  4.9987E+00  1.8533E-01  5.7643E-01  2.2988E-01  2.7952E-01
 PARAMETER:  9.8523E-02  1.1063E-01  9.5450E-02  6.6450E-02  3.7795E+00  4.0559E-01  1.0055E-01  1.0320E-01  9.9235E-02
 GRADIENT:   1.2802E+00  1.5893E+00  1.6675E-01 -2.6289E-02 -5.9929E-04  3.9519E-01  1.0439E-02 -6.0142E-02  3.7705E-01

0ITERATION NO.:   30    OBJECTIVE VALUE:   10915.4829536769        NO. OF FUNC. EVALS.: 120
 CUMULATIVE NO. OF FUNC. EVALS.:      475
 NPARAMETR:  1.4483E+00  4.6101E+00  4.2134E-01  2.9799E+00  4.9989E+00  1.8532E-01  5.7643E-01  2.2988E-01  2.7952E-01
 PARAMETER:  9.8523E-02  1.1063E-01  9.5448E-02  6.6450E-02  3.8946E+00  4.0558E-01  1.0055E-01  1.0319E-01  9.9235E-02
 GRADIENT:  -2.4219E+00  6.9900E-01  1.3533E-01 -2.6757E-02 -5.3476E-04 -7.3207E-02  9.7856E-03 -6.0507E-02 -1.5558E-01

0ITERATION NO.:   35    OBJECTIVE VALUE:   10915.4826306711        NO. OF FUNC. EVALS.: 130
 CUMULATIVE NO. OF FUNC. EVALS.:      605            RESET HESSIAN, TYPE II
 NPARAMETR:  1.4483E+00  4.6101E+00  4.2155E-01  2.9826E+00  4.9995E+00  1.8530E-01  5.7642E-01  2.2990E-01  2.7952E-01
 PARAMETER:  9.8541E-02  1.1062E-01  9.5979E-02  6.8212E-02  4.8397E+00  4.0555E-01  1.0054E-01  1.0323E-01  9.9239E-02
 GRADIENT:   1.2775E+00  1.6036E+00  1.6992E-01 -2.3127E-02  0.0000E+00  3.9123E-01  7.3809E-03 -6.1561E-02  4.0395E-01

0ITERATION NO.:   40    OBJECTIVE VALUE:   10915.4825281077        NO. OF FUNC. EVALS.: 136
 CUMULATIVE NO. OF FUNC. EVALS.:      741
 NPARAMETR:  1.4483E+00  4.6101E+00  4.2157E-01  2.9860E+00  4.9995E+00  1.8531E-01  5.7639E-01  2.3003E-01  2.7955E-01
 PARAMETER:  9.8549E-02  1.1064E-01  9.6025E-02  7.0503E-02  4.8397E+00  4.0556E-01  1.0051E-01  1.0352E-01  9.9298E-02
 GRADIENT:  -2.4256E+00  7.2028E-01  1.1539E-01 -1.4044E-02  0.0000E+00 -7.8314E-02 -3.3992E-03  1.2079E-02  1.9516E-01

0ITERATION NO.:   41    OBJECTIVE VALUE:   10915.4825281077        NO. OF FUNC. EVALS.:  14
 CUMULATIVE NO. OF FUNC. EVALS.:      755
 NPARAMETR:  1.4483E+00  4.6101E+00  4.2157E-01  2.9860E+00  4.9995E+00  1.8531E-01  5.7639E-01  2.3003E-01  2.7955E-01
 PARAMETER:  9.8549E-02  1.1064E-01  9.6025E-02  7.0503E-02  4.8397E+00  4.0556E-01  1.0051E-01  1.0352E-01  9.9298E-02
 GRADIENT:  -2.4256E+00  7.2028E-01  1.1539E-01 -1.4044E-02  0.0000E+00 -7.8314E-02 -3.3992E-03  1.2079E-02  1.9516E-01

 #TERM:
0MINIMIZATION SUCCESSFUL
 OBJ VARIED BY NO MORE THAN NSIG DIGITS PASSED DECIMAL POINT OVER LAST 10 ITERATIONS
 NO. OF FUNCTION EVALUATIONS USED:      755
 NO. OF SIG. DIGITS IN FINAL EST.:  3.7
0PARAMETER ESTIMATE IS NEAR ITS BOUNDARY
 THIS MUST BE ADDRESSED BEFORE THE COVARIANCE STEP CAN BE IMPLEMENTED

 ETABAR IS THE ARITHMETIC MEAN OF THE ETA-ESTIMATES,
 AND THE P-VALUE IS GIVEN FOR THE NULL HYPOTHESIS THAT THE TRUE MEAN IS 0.

 ETABAR:        -3.1904E-03  2.5063E-03
 SE:             8.7268E-02  5.4425E-02
 N:                      75          75

 P VAL.:         9.7084E-01  9.6327E-01

 ETASHRINKSD(%)  4.5277E-01  1.7247E+00
 ETASHRINKVR(%)  9.0349E-01  3.4197E+00
 EBVSHRINKSD(%)  4.2781E-01  1.6652E+00
 EBVSHRINKVR(%)  8.5379E-01  3.3027E+00
 RELATIVEINF(%)  9.9120E+01  9.6672E+01
 EPSSHRINKSD(%)  3.6000E+00  3.6000E+00
 EPSSHRINKVR(%)  7.0705E+00  7.0705E+00

  
 TOTAL DATA POINTS NORMALLY DISTRIBUTED (N):         2801
 N*LOG(2PI) CONSTANT TO OBJECTIVE FUNCTION:    5147.8936630125763     
 OBJECTIVE FUNCTION VALUE WITHOUT CONSTANT:    10915.482528107688     
 OBJECTIVE FUNCTION VALUE WITH CONSTANT:       16063.376191120264     
 REPORTED OBJECTIVE FUNCTION DOES NOT CONTAIN CONSTANT
  
 TOTAL EFFECTIVE ETAS (NIND*NETA):                           150
  
 #TERE:
 Elapsed estimation  time in seconds:  1620.91
 Elapsed postprocess time in seconds:     0.00
1
 
 
 
 
 
 
 
 
 
 
 
 
 
 
 
 
 
 
 
 
 ************************************************************************************************************************
 ********************                                                                                ********************
 ********************               FIRST ORDER CONDITIONAL ESTIMATION WITH INTERACTION              ********************
 #OBJT:**************                       MINIMUM VALUE OF OBJECTIVE FUNCTION                      ********************
 ********************                                                                                ********************
 ************************************************************************************************************************
 





 #OBJV:********************************************         10915.483       *********************************************
1
 ************************************************************************************************************************
 ********************                                                                                ********************
 ********************               FIRST ORDER CONDITIONAL ESTIMATION WITH INTERACTION              ********************
 ********************                             FINAL PARAMETER ESTIMATE                           ********************
 ********************                                                                                ********************
 ************************************************************************************************************************
 


 THETA - VECTOR OF FIXED EFFECTS PARAMETERS   *********


         TH 1      TH 2      TH 3      TH 4      TH 5      TH 6     
 
         1.45E+00  4.61E+00  4.22E-01  2.99E+00  5.00E+00  1.85E-01
 


 OMEGA - COV MATRIX FOR RANDOM EFFECTS - ETAS  ********


         ETA1      ETA2     
 
 ETA1
+        5.76E-01
 
 ETA2
+        0.00E+00  2.30E-01
 


 SIGMA - COV MATRIX FOR RANDOM EFFECTS - EPSILONS  ****


         EPS1      EPS2     
 
 EPS1
+        2.80E-01
 
 EPS2
+        0.00E+00  5.00E-13
 
1


 OMEGA - CORR MATRIX FOR RANDOM EFFECTS - ETAS  *******


         ETA1      ETA2     
 
 ETA1
+        7.59E-01
 
 ETA2
+        0.00E+00  4.80E-01
 


 SIGMA - CORR MATRIX FOR RANDOM EFFECTS - EPSILONS  ***


         EPS1      EPS2     
 
 EPS1
+        5.29E-01
 
 EPS2
+        0.00E+00  7.07E-07
 
 Elapsed finaloutput time in seconds:     0.00
 #CPUT: Total CPU Time in Seconds,     1618.045
Stop Time:
za 03 jan 2026 01:03:46 CET
