za 03 jan 2026 20:11:03 CET
;; 1. Based on: run01
;; 2. Description: PMX001 2CMT LINEAR M7+ (BASE MODEL)
;; Joshua I., Ali K.
;; 2025-12-09
$PROBLEM    PMX001 Two Compartment
$INPUT      DUMMY=DROP ID TIME WEEK DOSE=AMT RATE CONC=DROP ADA BW ALB
            SEX=DROP AGE CREAT COL EVID BLQ CONC_M7=DV
$DATA      ../../dataset_clean.csv IGNORE=@
$ABBREVIATED DERIV2=NO
$SUBROUTINE ADVAN13 ; general nonlinear model
            TOL=9 ; tolerance for $DES,higher TOL: more accurate,but slower computation

; TOL=7 -> DES will aim for accuracy of 1E-7 for each integration step
$MODEL      NCOMP=2 ; number of compartments
            COMP=(DOSE,DEFDOSE,DEFOBS) ; first (central) compartment
            COMP=(PERIPH) ; second (peripheral) compartment
$PK
;;; V1CREAT-DEFINITION START
IF(CREAT.LE.1.03) V1CREAT = ( 1 + THETA(13)*(CREAT - 1.03))
IF(CREAT.GT.1.03) V1CREAT = ( 1 + THETA(14)*(CREAT - 1.03))
;;; V1CREAT-DEFINITION END


;;; V1BW-DEFINITION START
IF(BW.LE.65.93) V1BW = ( 1 + THETA(11)*(BW - 65.93))
IF(BW.GT.65.93) V1BW = ( 1 + THETA(12)*(BW - 65.93))
;;; V1BW-DEFINITION END


;;; V1ALB-DEFINITION START
IF(ALB.LE.31.85) V1ALB = ( 1 + THETA(9)*(ALB - 31.85))
IF(ALB.GT.31.85) V1ALB = ( 1 + THETA(10)*(ALB - 31.85))
;;; V1ALB-DEFINITION END


;;; V1ADA-DEFINITION START
IF(ADA.EQ.0) V1ADA = 1  ; Most common
IF(ADA.EQ.1) V1ADA = ( 1 + THETA(8))
;;; V1ADA-DEFINITION END

;;; V1-RELATION START
V1COV=V1ADA*V1ALB*V1BW*V1CREAT
;;; V1-RELATION END


;;; CLALB-DEFINITION START
CLALB = ( 1 + THETA(7)*(ALB - 31.88))
;;; CLALB-DEFINITION END


;;; CLAGE-DEFINITION START
CLAGE = ( 1 + THETA(6)*(AGE - 33.17))
;;; CLAGE-DEFINITION END


;;; CLADA-DEFINITION START
IF(ADA.EQ.0) CLADA = 1  ; Most common
IF(ADA.EQ.1) CLADA = ( 1 + THETA(5))
;;; CLADA-DEFINITION END

;;; CL-RELATION START
CLCOV=CLADA*CLAGE*CLALB
;;; CL-RELATION END


IF (EVID.EQ.1) LASTDOSE = TIME
TAD = TIME - LASTDOSE

TVCL = THETA(1)

TVCL = CLCOV*TVCL
TVV1 = THETA(2)

TVV1 = V1COV*TVV1
TVV2 = THETA(3)
 TVQ = THETA(4)
   
  CL = TVCL * EXP(ETA(1))
  V1 = TVV1 * EXP(ETA(2))
  V2 = TVV2
   Q = TVQ
 
 K10 = CL/V1
 K12 = Q/V1
 K21 = Q/V2
 
  S1 = V1/1 ; scale prediction based on DOSE (mmol) and DV (mmol/L)
  S2 = V2/1

$THETA  (0.001,1.34319019854303,8) ; [1]   CL (L/d)
 (0.001,8.1378377179908,10) ; [2,3] V1  (L)
 (0.01,0.233042626969839,6) ; V2
 (0.001,1.60980299659136,6) ; Q
 ; values are determined in 3 iterations
$THETA  (-1,3.80627981958212,5) ; CLADA1
$THETA  (-0.050,0.0272678473679953,0.074) ; CLAGE1
$THETA  (-0.135,0.0232895884437936,0.084) ; CLALB1
$THETA  (-1,-0.29100794851345,5) ; V1ADA1
$THETA  (-100000,0.0287795745769384,0.084) ; V1ALB1
 (-0.134,-0.128715618749659,100000) ; V1ALB2
$THETA  (-100000,0.0130419419960013,0.042) ; V1BW1
 (-0.055,-0.0487838867795122,100000) ; V1BW2
$THETA  (-100000,0.278279014844734,1.190) ; V1CREAT1
 (-1.250,-0.00130923132117697,100000) ; V1CREAT2
$DES DADT(1) = -K10*A(1) -K12*A(1) +K21*A(2) ; ODE for central    compartment
     DADT(2) =            K12*A(1) -K21*A(2) ; ODE for peripheral compartment
     
$ERROR
IPRED = F
LLOQ = 1  ; (mg/L)

; --- Residual error SDs ---
PROP_SD = SIGMA(1)
ADD_SD  = SIGMA(2)

; --- BLQ inflation (gentle, stable) ---
IF (BLQ.EQ.1) ADD_SD = ADD_SD + LLOQ

; --- Final residual error ---
W = SQRT(ADD_SD**2+PROP_SD**2)

IF (W.LE.0.000001) W=0.000001 ; Protective code

IRES=DV-IPRED
IWRES=IRES/W
Y = IPRED * (1 + EPS(1)) + EPS(2)

$OMEGA  0.541784331021984  ;     IIV CL
 0.379008261203523  ;      IIV V
$SIGMA  0.271949443655219  ; EPS(1), proportional
 5E-13  FIX  ;     EPS(2)  ; additive, required by M7+ censoring method
    ; residual variability
$ESTIMATION METHOD=1 INTERACTION ; FOCE-I
            SIG=3 SIGL=4 PRINT=5 MAXEVALS=9999 CTYPE=4


NM-TRAN MESSAGES
  
 WARNINGS AND ERRORS (IF ANY) FOR PROBLEM    1
             
 (WARNING  2) NM-TRAN INFERS THAT THE DATA ARE POPULATION.
             
 (WARNING  79) SIGMA IS USED ON THE RIGHT. WITH A SUBSEQUENT RUN, IF AN
 INITIAL ESTIMATE OF A DIAGONAL BLOCK OF SIGMA IS TO BE COMPUTED BY
 NONMEM, THAT BLOCK WILL BE SET TO AN IDENTITY MATRIX DURING THAT
 COMPUTATION. THIS COULD LEAD TO AN ARITHMETIC EXCEPTION.*

 * THE MAXIMUM NUMBER OF WARNINGS OF ONE OR MORE TYPES WAS REACHED.
 IT IS POSSIBLE THAT SOME WARNING MESSAGES WERE SUPPRESSED.

License Registered to: Erwin DREESEN KU Leuven
Expiration Date:    25 JAN 2026
Current Date:        3 JAN 2026
  **** WARNING!!! Days until program expires :  22 ****
  **** CONTACT idssoftware@iconplc.com FOR RENEWAL ****
1NONLINEAR MIXED EFFECTS MODEL PROGRAM (NONMEM) VERSION 7.6.0 (nm760)
 ORIGINALLY DEVELOPED BY STUART BEAL, LEWIS SHEINER, AND ALISON BOECKMANN
 CURRENT DEVELOPERS ARE ROBERT BAUER, ICON DEVELOPMENT SOLUTIONS,
 AND ALISON BOECKMANN. IMPLEMENTATION, EFFICIENCY, AND STANDARDIZATION
 PERFORMED BY NOUS INFOSYSTEMS.

 PROBLEM NO.:         1
 PMX001 Two Compartment
0DATA CHECKOUT RUN:              NO
 DATA SET LOCATED ON UNIT NO.:    2
 THIS UNIT TO BE REWOUND:        NO
 CREATE/ADD TO FDATA.csv:        YES
 NO. OF DATA RECS IN DATA SET:    11475
 NO. OF DATA ITEMS IN DATA SET:  15
 ID DATA ITEM IS DATA ITEM NO.:   1
 DEP VARIABLE IS DATA ITEM NO.:  14
 MDV DATA ITEM IS DATA ITEM NO.: 15
0INDICES PASSED TO SUBROUTINE PRED:
  12   2   4   5   0   0   0   0   0   0   0
0LABELS FOR DATA ITEMS:
 ID TIME WEEK DOSE RATE ADA BW ALB AGE CREAT COL EVID BLQ CONC_M7 MDV
0FORMAT FOR DATA:
 (E2.0,E18.0,E2.0,2E16.0,E1.0,E16.0/2E16.0,E17.0,3E1.0,E16.0,1F2.0)

 TOT. NO. OF OBS RECS:     2801
 TOT. NO. OF INDIVIDUALS:       75
0LENGTH OF THETA:  14
0DEFAULT THETA BOUNDARY TEST OMITTED:    NO
0OMEGA HAS SIMPLE DIAGONAL FORM WITH DIMENSION:   2
0DEFAULT OMEGA BOUNDARY TEST OMITTED:    NO
0SIGMA HAS BLOCK FORM:
  1
  0  2
0DEFAULT SIGMA BOUNDARY TEST OMITTED:    NO
0INITIAL ESTIMATE OF THETA:
 LOWER BOUND    INITIAL EST    UPPER BOUND
  0.1000E-02     0.1343E+01     0.8000E+01
  0.1000E-02     0.8138E+01     0.1000E+02
  0.1000E-01     0.2330E+00     0.6000E+01
  0.1000E-02     0.1610E+01     0.6000E+01
 -0.1000E+01     0.3806E+01     0.5000E+01
 -0.5000E-01     0.2727E-01     0.7400E-01
 -0.1350E+00     0.2329E-01     0.8400E-01
 -0.1000E+01    -0.2910E+00     0.5000E+01
 -0.1000E+06     0.2878E-01     0.8400E-01
 -0.1340E+00    -0.1287E+00     0.1000E+06
 -0.1000E+06     0.1304E-01     0.4200E-01
 -0.5500E-01    -0.4878E-01     0.1000E+06
 -0.1000E+06     0.2783E+00     0.1190E+01
 -0.1250E+01    -0.1309E-02     0.1000E+06
0INITIAL ESTIMATE OF OMEGA:
 0.5418E+00
 0.0000E+00   0.3790E+00
0INITIAL ESTIMATE OF SIGMA:
 BLOCK SET NO.   BLOCK                                                                    FIXED
        1                                                                                   NO
                  0.2719E+00
        2                                                                                  YES
                  0.5000E-12
1DOUBLE PRECISION PREDPP VERSION 7.6.0 (nm760)

 GENERAL NONLINEAR KINETICS MODEL WITH STIFF/NONSTIFF EQUATIONS (LSODA, ADVAN13)
0MODEL SUBROUTINE USER-SUPPLIED - ID NO. 9999
0MAXIMUM NO. OF BASIC PK PARAMETERS:   3
0COMPARTMENT ATTRIBUTES
 COMPT. NO.   FUNCTION   INITIAL    ON/OFF      DOSE      DEFAULT    DEFAULT
                         STATUS     ALLOWED    ALLOWED    FOR DOSE   FOR OBS.
    1         DOSE         ON         YES        YES        YES        YES
    2         PERIPH       ON         YES        YES        NO         NO
    3         OUTPUT       OFF        YES        NO         NO         NO
 INITIAL (BASE) TOLERANCE SETTINGS:
 NRD (RELATIVE) VALUE(S) OF TOLERANCE:   9
 ANRD (ABSOLUTE) VALUE(S) OF TOLERANCE:  12
1
 ADDITIONAL PK PARAMETERS - ASSIGNMENT OF ROWS IN GG
 COMPT. NO.                             INDICES
              SCALE      BIOAVAIL.   ZERO-ORDER  ZERO-ORDER  ABSORB
                         FRACTION    RATE        DURATION    LAG
    1            4           *           *           *           *
    2            5           *           *           *           *
    3            *           -           -           -           -
             - PARAMETER IS NOT ALLOWED FOR THIS MODEL
             * PARAMETER IS NOT SUPPLIED BY PK SUBROUTINE;
               WILL DEFAULT TO ONE IF APPLICABLE
0DATA ITEM INDICES USED BY PRED ARE:
   EVENT ID DATA ITEM IS DATA ITEM NO.:     12
   TIME DATA ITEM IS DATA ITEM NO.:          2
   DOSE AMOUNT DATA ITEM IS DATA ITEM NO.:   4
   DOSE RATE DATA ITEM IS DATA ITEM NO.:     5

0PK SUBROUTINE CALLED WITH EVERY EVENT RECORD.
 PK SUBROUTINE NOT CALLED AT NONEVENT (ADDITIONAL OR LAGGED) DOSE TIMES.
0ERROR SUBROUTINE CALLED WITH EVERY EVENT RECORD.
0DES SUBROUTINE USES COMPACT STORAGE MODE.
1


 #TBLN:      1
 #METH: First Order Conditional Estimation with Interaction

 ESTIMATION STEP OMITTED:                 NO
 SHRINK INFO WITH EVALUATION (EVALSHRINK) NO
 ANALYSIS TYPE:                           POPULATION
 NUMBER OF SADDLE POINT RESET ITERATIONS:      0
 GRADIENT METHOD USED:               NOSLOW
 CONDITIONAL ESTIMATES USED:              YES
 CENTERED ETA:                            NO
 EPS-ETA INTERACTION:                     YES
 LAPLACIAN OBJ. FUNC.:                    NO
 NO. OF FUNCT. EVALS. ALLOWED:            9999
 NO. OF SIG. FIGURES REQUIRED:            3
 INTERMEDIATE PRINTOUT:                   YES
 ESTIMATE OUTPUT TO MSF:                  NO
 IND. OBJ. FUNC. VALUES SORTED:           NO
 NUMERICAL DERIVATIVE
       FILE REQUEST (NUMDER):               NONE
 MAP (ETAHAT) ESTIMATION METHOD (OPTMAP):   0
 ETA HESSIAN EVALUATION METHOD (ETADER):    0
 INITIAL ETA FOR MAP ESTIMATION (MCETA):    0
 SIGDIGITS FOR MAP ESTIMATION (SIGLO):      4
 GRADIENT SIGDIGITS OF
       FIXED EFFECTS PARAMETERS (SIGL):     4
 NOPRIOR SETTING (NOPRIOR):                 0
 NOCOV SETTING (NOCOV):                     OFF
 DERCONT SETTING (DERCONT):                 OFF
 FINAL ETA RE-EVALUATION (FNLETA):          1
 EXCLUDE NON-INFLUENTIAL (NON-INFL.) ETAS
       IN SHRINKAGE (ETASTYPE):             NO
 NON-INFL. ETA CORRECTION (NONINFETA):      0
 RAW OUTPUT FILE (FILE): psn.ext
 EXCLUDE TITLE (NOTITLE):                   NO
 EXCLUDE COLUMN LABELS (NOLABEL):           NO
 FORMAT FOR ADDITIONAL FILES (FORMAT):      S1PE12.5
 PARAMETER ORDER FOR OUTPUTS (ORDER):       TSOL
 KNUTHSUMOFF:                               0
 INCLUDE LNTWOPI:                           NO
 INCLUDE CONSTANT TERM TO PRIOR (PRIORC):   NO
 INCLUDE CONSTANT TERM TO OMEGA (ETA) (OLNTWOPI):NO
 ADDITIONAL CONVERGENCE TEST (CTYPE=4)?:    YES
 EM OR BAYESIAN METHOD USED:                 NONE

 TOLERANCES FOR ESTIMATION/EVALUATION STEP:
 NRD (RELATIVE) VALUE(S) OF TOLERANCE:   9
 ANRD (ABSOLUTE) VALUE(S) OF TOLERANCE:  12
 TOLERANCES FOR COVARIANCE STEP:
 NRD (RELATIVE) VALUE(S) OF TOLERANCE:   9
 ANRD (ABSOLUTE) VALUE(S) OF TOLERANCE:  12

 THE FOLLOWING LABELS ARE EQUIVALENT
 PRED=PREDI
 RES=RESI
 WRES=WRESI
 IWRS=IWRESI
 IPRD=IPREDI
 IRS=IRESI

 MONITORING OF SEARCH:


0ITERATION NO.:    0    OBJECTIVE VALUE:   10726.9796276327        NO. OF FUNC. EVALS.:  17
 CUMULATIVE NO. OF FUNC. EVALS.:       17
 NPARAMETR:  1.3432E+00  8.1378E+00  2.3304E-01  1.6098E+00  3.8063E+00  2.7268E-02  2.3290E-02 -2.9101E-01  2.8780E-02 -1.2872E-01
             1.3042E-02 -4.8784E-02  2.7828E-01 -1.3092E-03  5.4178E-01  3.7901E-01  2.7195E-01
 PARAMETER:  1.0000E-01  1.0000E-01  1.0000E-01  1.0000E-01  1.0000E-01  1.0000E-01  1.0000E-01  1.0000E-01  1.0000E-01  1.0000E-01
             1.0000E-01  1.0000E-01  1.0000E-01  1.0000E-01  1.0000E-01  1.0000E-01  1.0000E-01
 GRADIENT:  -1.5940E+01  4.3544E+00  1.9577E+00 -7.7644E-01 -3.1367E+00  3.9396E-01  1.5380E+00  8.6275E+00 -1.6423E+00 -5.3852E+00
            -1.4836E+00  3.9816E+00 -8.6780E+00 -2.1339E+01 -1.3885E+01  6.9257E+00 -8.1009E+01

0ITERATION NO.:    5    OBJECTIVE VALUE:   10721.1362374573        NO. OF FUNC. EVALS.:  92
 CUMULATIVE NO. OF FUNC. EVALS.:      109
 NPARAMETR:  1.4817E+00  7.4787E+00  2.1054E-01  1.6507E+00  3.9351E+00  2.7235E-02  2.5199E-02 -3.1801E-01  3.4981E-02 -1.2591E-01
             1.5544E-02 -5.0391E-02  3.0835E-01  3.1125E-01  6.1766E-01  3.5200E-01  2.7795E-01
 PARAMETER:  2.1923E-01 -2.8752E-01 -1.0225E-02  1.3449E-01  2.4064E-01  9.8875E-02  1.4395E-01  5.6083E-02  2.1912E-01  5.2549E-01
             1.9035E-01 -1.9916E-01  1.3354E-01  3.2339E-01  1.6553E-01  6.3036E-02  1.1091E-01
 GRADIENT:   1.2479E+01 -2.8106E+00 -2.2974E+00  7.1928E-01  1.6844E-01 -4.2120E-01 -1.3472E+00 -6.1389E+00  3.6492E+00  3.0439E-01
             3.9534E+00 -2.6671E-02  3.7455E+00  7.1542E-01  5.9652E+00 -1.3893E+00 -1.0841E+01

0ITERATION NO.:   10    OBJECTIVE VALUE:   10720.5783335028        NO. OF FUNC. EVALS.:  91
 CUMULATIVE NO. OF FUNC. EVALS.:      200
 NPARAMETR:  1.4583E+00  7.2782E+00  2.3987E-01  1.6023E+00  4.1489E+00  2.7289E-02  2.2975E-02 -2.6881E-01  2.5315E-02 -1.2554E-01
             1.1405E-02 -5.1627E-02  2.5383E-01  3.5541E-01  6.0492E-01  3.6309E-01  2.7752E-01
 PARAMETER:  1.9970E-01 -3.9122E-01  1.3133E-01  9.3644E-02  5.0722E-01  1.0071E-01  9.2844E-02  1.3503E-01  3.9157E-02  5.7064E-01
             4.5022E-02 -5.1146E-01  7.3541E-02  3.5128E-01  1.5512E-01  7.8548E-02  1.1013E-01
 GRADIENT:   8.0830E+00 -7.1234E-01  7.4813E-01 -5.5769E-01 -3.8201E-01 -2.9156E-01 -9.1690E-01  2.2375E+00 -6.5557E-01  1.2965E+00
            -1.0075E+00 -4.4369E-01 -2.2974E+00  4.6175E+00  4.1585E+00 -3.0189E+00 -9.0885E+00

0ITERATION NO.:   15    OBJECTIVE VALUE:   10720.0715075388        NO. OF FUNC. EVALS.: 123
 CUMULATIVE NO. OF FUNC. EVALS.:      323
 NPARAMETR:  1.4249E+00  7.5941E+00  2.5289E-01  1.7147E+00  4.2821E+00  2.8034E-02  2.5994E-02 -2.6376E-01  2.8728E-02 -1.2607E-01
             1.3933E-02 -5.1667E-02  2.8744E-01  2.9648E-01  5.9333E-01  3.6819E-01  2.7798E-01
 PARAMETER:  1.7140E-01 -2.2533E-01  1.8871E-01  1.8732E-01  7.0285E-01  1.2638E-01  1.6252E-01  1.4288E-01  9.9069E-02  5.0610E-01
             1.3127E-01 -5.2334E-01  1.1009E-01  3.1389E-01  1.4544E-01  8.5522E-02  1.1096E-01
 GRADIENT:  -5.3547E+00  7.6260E-03  8.0541E-01 -3.9862E-01  6.9651E-02 -1.8249E-01  4.8365E-01  5.8723E-01 -2.9809E-01  2.0424E-01
            -1.6702E-01 -5.7535E-01 -1.2612E+00 -3.0957E-01  3.6463E-01 -9.2658E-01 -3.0661E+00

0ITERATION NO.:   20    OBJECTIVE VALUE:   10719.9876142489        NO. OF FUNC. EVALS.: 231
 CUMULATIVE NO. OF FUNC. EVALS.:      554
 NPARAMETR:  1.4585E+00  7.6126E+00  2.4530E-01  1.7474E+00  4.1922E+00  2.9335E-02  2.5501E-02 -2.7388E-01  2.9435E-02 -1.2621E-01
             1.3634E-02 -5.1340E-02  2.9774E-01  2.9116E-01  5.9084E-01  3.6761E-01  2.7870E-01
 PARAMETER:  1.9993E-01 -2.1520E-01  1.5563E-01  2.1390E-01  5.6777E-01  1.7163E-01  1.5099E-01  1.2712E-01  1.1193E-01  4.8771E-01
             1.2066E-01 -4.2967E-01  1.2158E-01  3.1044E-01  1.4334E-01  8.4738E-02  1.1227E-01
 GRADIENT:   1.6540E-01 -1.0289E-01 -5.5527E-02  3.6310E-02  2.9859E-02  9.6427E-02  5.3579E-02 -3.0727E-01  6.2712E-02 -3.4835E-02
             6.8076E-02 -4.2501E-02  3.1793E-01 -7.5056E-02 -8.5196E-02 -4.7542E-02  7.6884E-01

0ITERATION NO.:   25    OBJECTIVE VALUE:   10719.9844198891        NO. OF FUNC. EVALS.: 187
 CUMULATIVE NO. OF FUNC. EVALS.:      741
 NPARAMETR:  1.4579E+00  7.6130E+00  2.4715E-01  1.7432E+00  4.1960E+00  2.9250E-02  2.5626E-02 -2.7327E-01  2.9398E-02 -1.2621E-01
             1.3652E-02 -5.1286E-02  2.9719E-01  2.9129E-01  5.9111E-01  3.6745E-01  2.7870E-01
 PARAMETER:  1.9942E-01 -2.1499E-01  1.6378E-01  2.1053E-01  5.7317E-01  1.6868E-01  1.5390E-01  1.2807E-01  1.1126E-01  4.8857E-01
             1.2129E-01 -4.1517E-01  1.2096E-01  3.1053E-01  1.4357E-01  8.4514E-02  1.1227E-01
 GRADIENT:   7.1244E+00  5.0879E-01  1.9386E-01 -5.3615E-02 -2.4931E-02  4.9092E-01  3.2794E-01  1.8170E-01  2.0442E-02  1.4561E-02
             5.9837E-02  1.1901E-01  1.7464E-01  1.2027E+00 -2.4505E-02  8.6013E-02  1.7878E+00

0ITERATION NO.:   30    OBJECTIVE VALUE:   10719.9818090422        NO. OF FUNC. EVALS.: 186
 CUMULATIVE NO. OF FUNC. EVALS.:      927
 NPARAMETR:  1.4566E+00  7.6130E+00  2.4706E-01  1.7618E+00  4.1978E+00  2.9253E-02  2.5623E-02 -2.7303E-01  2.8493E-02 -1.2621E-01
             1.3642E-02 -5.1276E-02  2.9747E-01  2.9150E-01  5.9115E-01  3.6643E-01  2.7865E-01
 PARAMETER:  1.9829E-01 -2.1495E-01  1.6340E-01  2.2551E-01  5.7579E-01  1.6879E-01  1.5382E-01  1.2844E-01  9.4819E-02  4.8866E-01
             1.2094E-01 -4.1227E-01  1.2127E-01  3.1066E-01  1.4360E-01  8.3122E-02  1.1218E-01
 GRADIENT:   6.8993E+00  6.7555E-01  7.4368E-02  4.7957E-02 -9.3902E-03  5.0890E-01  5.0308E-01  1.4755E-01 -4.5560E-01  1.6785E-02
            -1.0691E-01  1.1836E-01  8.2658E-02  1.3689E+00 -1.8589E-02 -4.6169E-01  9.4365E-01

0ITERATION NO.:   35    OBJECTIVE VALUE:   10719.9802906465        NO. OF FUNC. EVALS.:  95
 CUMULATIVE NO. OF FUNC. EVALS.:     1022
 NPARAMETR:  1.4524E+00  7.6130E+00  2.4703E-01  1.7695E+00  4.2009E+00  2.9265E-02  2.5626E-02 -2.7280E-01  2.8073E-02 -1.2620E-01
             1.3620E-02 -5.1367E-02  2.9835E-01  2.9114E-01  5.9125E-01  3.6892E-01  2.7859E-01
 PARAMETER:  1.9477E-01 -2.1496E-01  1.6326E-01  2.3168E-01  5.8030E-01  1.6918E-01  1.5390E-01  1.2881E-01  8.7292E-02  4.8883E-01
             1.2017E-01 -4.3720E-01  1.2226E-01  3.1043E-01  1.4369E-01  8.6518E-02  1.1206E-01
 GRADIENT:   6.1975E+00  6.7827E-01  1.2468E-02  8.1621E-02  2.3769E-03  5.1811E-01  6.2834E-01  1.2970E-01 -6.0028E-01  2.2062E-02
            -1.4123E-01  1.2820E-01  1.7120E-01  1.3985E+00 -1.2119E-02  6.2061E-02  3.8130E-01

0ITERATION NO.:   40    OBJECTIVE VALUE:   10719.9801642040        NO. OF FUNC. EVALS.: 126
 CUMULATIVE NO. OF FUNC. EVALS.:     1148
 NPARAMETR:  1.4488E+00  7.6128E+00  2.4700E-01  1.7736E+00  4.2028E+00  2.9271E-02  2.5625E-02 -2.7295E-01  2.8075E-02 -1.2620E-01
             1.3617E-02 -5.1403E-02  2.9859E-01  2.8996E-01  5.9128E-01  3.6995E-01  2.7854E-01
 PARAMETER:  1.9172E-01 -2.1511E-01  1.6311E-01  2.3498E-01  5.8296E-01  1.6940E-01  1.5388E-01  1.2858E-01  8.7329E-02  4.8880E-01
             1.2006E-01 -4.4707E-01  1.2253E-01  3.0966E-01  1.4371E-01  8.7903E-02  1.1197E-01
 GRADIENT:  -1.7266E+00  2.2580E-01 -5.1588E-02  9.8568E-02  5.3096E-03  1.6415E-01  4.5287E-01 -6.9301E-02 -6.4036E-01 -1.2337E-03
            -3.5402E-01 -3.1297E-02 -5.1957E-02  9.0023E-02 -1.3177E-02  3.0515E-01 -5.3728E-01

0ITERATION NO.:   45    OBJECTIVE VALUE:   10719.9797377306        NO. OF FUNC. EVALS.: 242
 CUMULATIVE NO. OF FUNC. EVALS.:     1390            RESET HESSIAN, TYPE II
 NPARAMETR:  1.4488E+00  7.6128E+00  2.4752E-01  1.7719E+00  4.2025E+00  2.9275E-02  2.5559E-02 -2.7234E-01  2.8091E-02 -1.2620E-01
             1.3613E-02 -5.1402E-02  3.0215E-01  2.8997E-01  5.9128E-01  3.6993E-01  2.7864E-01
 PARAMETER:  1.9172E-01 -2.1510E-01  1.6541E-01  2.3366E-01  5.8260E-01  1.6953E-01  1.5233E-01  1.2952E-01  8.7604E-02  4.8990E-01
             1.1992E-01 -4.4672E-01  1.2653E-01  3.0967E-01  1.4371E-01  8.7878E-02  1.1215E-01
 GRADIENT:   5.6643E+00  5.6555E-01  3.7214E-02  6.4787E-02 -1.2934E-02  5.4757E-01  5.3409E-01  2.7210E-01 -5.0271E-01  6.4173E-02
            -9.1401E-02  5.7359E-02  6.2156E-01  1.2293E+00  2.7571E-02  2.7261E-01  1.3498E+00

0ITERATION NO.:   50    OBJECTIVE VALUE:   10719.9782557571        NO. OF FUNC. EVALS.: 208
 CUMULATIVE NO. OF FUNC. EVALS.:     1598
 NPARAMETR:  1.4486E+00  7.6131E+00  2.4754E-01  1.7711E+00  4.2020E+00  2.9398E-02  2.5492E-02 -2.7256E-01  2.8092E-02 -1.2619E-01
             1.3598E-02 -5.1398E-02  2.9762E-01  2.9033E-01  5.9106E-01  3.6877E-01  2.7857E-01
 PARAMETER:  1.9153E-01 -2.1491E-01  1.6548E-01  2.3295E-01  5.8177E-01  1.7385E-01  1.5076E-01  1.2917E-01  8.7625E-02  4.9014E-01
             1.1938E-01 -4.4569E-01  1.2144E-01  3.0990E-01  1.4352E-01  8.6307E-02  1.1203E-01
 GRADIENT:   5.4867E+00  6.8765E-01  7.3076E-02  6.6244E-02 -2.7694E-03  6.1453E-01  5.3717E-01  1.7988E-01 -5.6356E-01  6.5235E-02
            -1.7391E-01  1.1219E-01  1.3801E-01  1.3026E+00 -5.2668E-03 -1.1477E-01  5.8938E-01

0ITERATION NO.:   55    OBJECTIVE VALUE:   10719.9778657145        NO. OF FUNC. EVALS.: 179
 CUMULATIVE NO. OF FUNC. EVALS.:     1777
 NPARAMETR:  1.4485E+00  7.6122E+00  2.4754E-01  1.7640E+00  4.2003E+00  2.9527E-02  2.5110E-02 -2.7242E-01  2.8167E-02 -1.2620E-01
             1.3640E-02 -5.1401E-02  2.9769E-01  2.8933E-01  5.9101E-01  3.6879E-01  2.7856E-01
 PARAMETER:  1.9150E-01 -2.1543E-01  1.6548E-01  2.2725E-01  5.7932E-01  1.7838E-01  1.4188E-01  1.2939E-01  8.8970E-02  4.8945E-01
             1.2087E-01 -4.4636E-01  1.2152E-01  3.0926E-01  1.4348E-01  8.6332E-02  1.1201E-01
 GRADIENT:  -1.8709E+00  2.3510E-01  1.2457E-01  2.3139E-02 -4.4856E-02  2.7000E-01  6.0004E-02  2.3679E-01 -4.8755E-01  4.2802E-02
            -3.2876E-01 -1.9061E-02 -8.1889E-02  2.6061E-02  1.2062E-01 -9.4731E-02  1.0026E-01

0ITERATION NO.:   60    OBJECTIVE VALUE:   10719.9756557163        NO. OF FUNC. EVALS.: 248
 CUMULATIVE NO. OF FUNC. EVALS.:     2025
 NPARAMETR:  1.4487E+00  7.6135E+00  2.4750E-01  1.7720E+00  4.2032E+00  2.9462E-02  2.5366E-02 -2.7260E-01  2.8650E-02 -1.2616E-01
             1.3696E-02 -5.1309E-02  2.9851E-01  2.9179E-01  5.9079E-01  3.6855E-01  2.7858E-01
 PARAMETER:  1.9165E-01 -2.1471E-01  1.6531E-01  2.3369E-01  5.8359E-01  1.7609E-01  1.4784E-01  1.2912E-01  9.7649E-02  4.9408E-01
             1.2286E-01 -4.2134E-01  1.2244E-01  3.1085E-01  1.4330E-01  8.6012E-02  1.1205E-01
 GRADIENT:  -1.9361E+00  2.5908E-01  3.7623E-02  7.0675E-02 -1.7153E-02  2.5543E-01  1.5872E-01  8.2975E-02 -3.6551E-01  1.0756E-01
            -2.5136E-01  6.7988E-02 -6.1681E-02  2.6665E-01 -1.9178E-02  2.8427E-01  2.2465E-01

0ITERATION NO.:   65    OBJECTIVE VALUE:   10719.9739518665        NO. OF FUNC. EVALS.: 162
 CUMULATIVE NO. OF FUNC. EVALS.:     2187
 NPARAMETR:  1.4463E+00  7.6250E+00  2.4754E-01  1.7534E+00  4.1992E+00  2.9450E-02  2.5639E-02 -2.7230E-01  2.8886E-02 -1.2617E-01
             1.3614E-02 -5.1325E-02  2.9805E-01  2.9297E-01  5.9101E-01  3.6828E-01  2.7857E-01
 PARAMETER:  1.8960E-01 -2.0834E-01  1.6549E-01  2.1878E-01  5.7773E-01  1.7567E-01  1.5419E-01  1.2958E-01  1.0192E-01  4.9278E-01
             1.1994E-01 -4.2556E-01  1.2192E-01  3.1162E-01  1.4348E-01  8.5636E-02  1.1203E-01
 GRADIENT:   5.2658E+00  6.9870E-01  2.0836E-01 -1.9001E-02 -4.4301E-02  7.4173E-01  5.1989E-01  4.0852E-01 -3.1405E-01  8.9367E-02
            -1.6248E-01  1.5543E-01  8.7751E-02  1.4452E+00 -4.3868E-02  1.7812E-01  7.6222E-01

0ITERATION NO.:   70    OBJECTIVE VALUE:   10719.9738540124        NO. OF FUNC. EVALS.: 262
 CUMULATIVE NO. OF FUNC. EVALS.:     2449
 NPARAMETR:  1.4464E+00  7.6251E+00  2.4749E-01  1.7535E+00  4.2045E+00  2.9449E-02  2.5628E-02 -2.7235E-01  2.8853E-02 -1.2617E-01
             1.3601E-02 -5.1325E-02  2.9792E-01  2.9322E-01  5.9131E-01  3.6798E-01  2.7861E-01
 PARAMETER:  1.8972E-01 -2.0828E-01  1.6527E-01  2.1886E-01  5.8541E-01  1.7564E-01  1.5395E-01  1.2950E-01  1.0133E-01  4.9348E-01
             1.1950E-01 -4.2555E-01  1.2178E-01  3.1178E-01  1.4374E-01  8.5236E-02  1.1210E-01
 GRADIENT:  -2.0202E+00  3.3287E-01  1.7307E-01 -1.1065E-02 -2.2253E-02  3.5320E-01  3.3877E-01  1.2045E-01 -4.1958E-01  6.0743E-02
            -4.3192E-01  4.4484E-02 -1.8206E-01  3.3411E-01  3.1787E-02  5.7674E-02  5.5772E-01

0ITERATION NO.:   75    OBJECTIVE VALUE:   10719.9727313253        NO. OF FUNC. EVALS.: 266
 CUMULATIVE NO. OF FUNC. EVALS.:     2715
 NPARAMETR:  1.4473E+00  7.6276E+00  2.4732E-01  1.7565E+00  4.2026E+00  2.9744E-02  2.5613E-02 -2.7223E-01  2.8907E-02 -1.2616E-01
             1.3602E-02 -5.1314E-02  2.9913E-01  2.9205E-01  5.9102E-01  3.6774E-01  2.7860E-01
 PARAMETER:  1.9043E-01 -2.0695E-01  1.6452E-01  2.2127E-01  5.8270E-01  1.8598E-01  1.5360E-01  1.2969E-01  1.0231E-01  4.9436E-01
             1.1954E-01 -4.2249E-01  1.2314E-01  3.1102E-01  1.4349E-01  8.4915E-02  1.1208E-01
 GRADIENT:  -2.4255E+00  4.5108E-01  1.6472E-01  1.0670E-02 -3.7252E-02  5.0925E-01  3.8762E-01  2.2113E-01 -4.7207E-01  8.0162E-02
            -4.4391E-01  8.2985E-03 -1.1053E-01  3.0594E-01 -3.3615E-02  5.9294E-03  4.5350E-01

0ITERATION NO.:   79    OBJECTIVE VALUE:   10719.9727182802        NO. OF FUNC. EVALS.: 166
 CUMULATIVE NO. OF FUNC. EVALS.:     2881
 NPARAMETR:  1.4472E+00  7.6276E+00  2.4732E-01  1.7565E+00  4.2026E+00  2.9741E-02  2.5613E-02 -2.7235E-01  2.8902E-02 -1.2616E-01
             1.3603E-02 -5.1314E-02  2.9914E-01  2.9148E-01  5.9105E-01  3.6773E-01  2.7860E-01
 PARAMETER:  1.9041E-01 -2.0693E-01  1.6453E-01  2.2126E-01  5.8275E-01  1.8588E-01  1.5359E-01  1.2950E-01  1.0232E-01  4.9433E-01
             1.1955E-01 -4.2266E-01  1.2314E-01  3.1064E-01  1.4352E-01  8.4897E-02  1.1208E-01
 GRADIENT:   1.5427E-01 -1.6676E-01 -3.1306E-02 -2.4201E-03  3.7464E-03  5.3716E-03 -2.4838E-02 -2.7689E-03  2.8134E-02  2.4536E-02
             1.7081E-01  6.4866E-02 -1.7176E-01 -1.1334E-01  1.6379E-01 -1.2820E-01 -3.8445E-02
 NUMSIGDIG:         3.4         3.3         3.7         4.3         2.5         5.0         4.4         4.0         1.7         4.0
                    3.5         3.3         3.4         3.1         3.5         3.8         4.6

 #TERM:
0MINIMIZATION TERMINATED
 DUE TO ROUNDING ERRORS (ERROR=134)
 NO. OF FUNCTION EVALUATIONS USED:     2881
 NO. OF SIG. DIGITS IN FINAL EST.:  1.7
 ADDITIONAL PROBLEMS OCCURRED WITH THE MINIMIZATION.
 REGARD THE RESULTS OF THE ESTIMATION STEP CAREFULLY, AND ACCEPT THEM ONLY
 AFTER CHECKING THAT THE COVARIANCE STEP PRODUCES REASONABLE OUTPUT.

 ETABAR IS THE ARITHMETIC MEAN OF THE ETA-ESTIMATES,
 AND THE P-VALUE IS GIVEN FOR THE NULL HYPOTHESIS THAT THE TRUE MEAN IS 0.

 ETABAR:         7.5974E-04  6.3262E-04
 SE:             8.8380E-02  6.9377E-02
 N:                      75          75

 P VAL.:         9.9314E-01  9.9272E-01

 ETASHRINKSD(%)  4.4267E-01  9.2041E-01
 ETASHRINKVR(%)  8.8338E-01  1.8324E+00
 EBVSHRINKSD(%)  4.2817E-01  9.8636E-01
 EBVSHRINKVR(%)  8.5451E-01  1.9630E+00
 RELATIVEINF(%)  9.9130E+01  9.8022E+01
 EPSSHRINKSD(%)  3.8753E+00  3.8753E+00
 EPSSHRINKVR(%)  7.6004E+00  7.6004E+00

  
 TOTAL DATA POINTS NORMALLY DISTRIBUTED (N):         2801
 N*LOG(2PI) CONSTANT TO OBJECTIVE FUNCTION:    5147.8936630125763     
 OBJECTIVE FUNCTION VALUE WITHOUT CONSTANT:    10719.972718280205     
 OBJECTIVE FUNCTION VALUE WITH CONSTANT:       15867.866381292781     
 REPORTED OBJECTIVE FUNCTION DOES NOT CONTAIN CONSTANT
  
 TOTAL EFFECTIVE ETAS (NIND*NETA):                           150
  
 #TERE:
 Elapsed estimation  time in seconds:  5429.46
 Elapsed postprocess time in seconds:     0.00
1
 
 
 
 
 
 
 
 
 
 
 
 
 
 
 
 
 
 
 
 
 ************************************************************************************************************************
 ********************                                                                                ********************
 ********************               FIRST ORDER CONDITIONAL ESTIMATION WITH INTERACTION              ********************
 #OBJT:**************                       MINIMUM VALUE OF OBJECTIVE FUNCTION                      ********************
 ********************                                                                                ********************
 ************************************************************************************************************************
 





 #OBJV:********************************************         10719.973       *********************************************
1
 ************************************************************************************************************************
 ********************                                                                                ********************
 ********************               FIRST ORDER CONDITIONAL ESTIMATION WITH INTERACTION              ********************
 ********************                             FINAL PARAMETER ESTIMATE                           ********************
 ********************                                                                                ********************
 ************************************************************************************************************************
 


 THETA - VECTOR OF FIXED EFFECTS PARAMETERS   *********


         TH 1      TH 2      TH 3      TH 4      TH 5      TH 6      TH 7      TH 8      TH 9      TH10      TH11      TH12     
          TH13      TH14     
 
         1.45E+00  7.63E+00  2.47E-01  1.76E+00  4.20E+00  2.97E-02  2.56E-02 -2.72E-01  2.89E-02 -1.26E-01  1.36E-02 -5.13E-02
          2.99E-01  2.91E-01
 


 OMEGA - COV MATRIX FOR RANDOM EFFECTS - ETAS  ********


         ETA1      ETA2     
 
 ETA1
+        5.91E-01
 
 ETA2
+        0.00E+00  3.68E-01
 


 SIGMA - COV MATRIX FOR RANDOM EFFECTS - EPSILONS  ****


         EPS1      EPS2     
 
 EPS1
+        2.79E-01
 
 EPS2
+        0.00E+00  5.00E-13
 
1


 OMEGA - CORR MATRIX FOR RANDOM EFFECTS - ETAS  *******


         ETA1      ETA2     
 
 ETA1
+        7.69E-01
 
 ETA2
+        0.00E+00  6.06E-01
 


 SIGMA - CORR MATRIX FOR RANDOM EFFECTS - EPSILONS  ***


         EPS1      EPS2     
 
 EPS1
+        5.28E-01
 
 EPS2
+        0.00E+00  7.07E-07
 
 Elapsed finaloutput time in seconds:     0.00
 #CPUT: Total CPU Time in Seconds,     5393.823
Stop Time:
za 03 jan 2026 21:41:34 CET
