zo 04 jan 2026 14:30:22 CET
;; 1. Based on: run01
;; 2. Description: PMX001 2CMT LINEAR M7+ (BASE MODEL)
;; Joshua I., Ali K.
;; 2025-12-09
$PROBLEM    PMX001 Two Compartment
$INPUT      DUMMY=DROP ID TIME WEEK DOSE=AMT RATE CONC=DROP ADA BW ALB
            SEX AGE=DROP CREAT COL EVID BLQ CONC_M7=DV
$DATA      ../../dataset_clean.csv IGNORE=@
$ABBREVIATED DERIV2=NO
$SUBROUTINE ADVAN13 ; general nonlinear model
            TOL=4 ; tolerance for $DES,higher TOL: more accurate,but slower computation

; TOL=7 -> DES will aim for accuracy of 1E-7 for each integration step
$MODEL      NCOMP=2 ; number of compartments
            COMP=(DOSE,DEFDOSE,DEFOBS) ; first (central) compartment
            COMP=(PERIPH) ; second (peripheral) compartment
$PK
;;; V1CREAT-DEFINITION START
V1CREAT = ( 1 + THETA(13)*(CREAT - 1.03))
;;; V1CREAT-DEFINITION END


;;; V1BW-DEFINITION START
IF(BW.LE.65.93) V1BW = ( 1 + THETA(11)*(BW - 65.93))
IF(BW.GT.65.93) V1BW = ( 1 + THETA(12)*(BW - 65.93))
;;; V1BW-DEFINITION END


;;; V1ALB-DEFINITION START
IF(ALB.LE.31.85) V1ALB = ( 1 + THETA(9)*(ALB - 31.85))
IF(ALB.GT.31.85) V1ALB = ( 1 + THETA(10)*(ALB - 31.85))
;;; V1ALB-DEFINITION END


;;; V1ADA-DEFINITION START
IF(ADA.EQ.0) V1ADA = 1  ; Most common
IF(ADA.EQ.1) V1ADA = ( 1 + THETA(8))
;;; V1ADA-DEFINITION END

;;; V1-RELATION START
V1COV=V1ADA*V1ALB*V1BW*V1CREAT
;;; V1-RELATION END


;;; CLALB-DEFINITION START
IF(ALB.LE.31.88) CLALB = ( 1 + THETA(6)*(ALB - 31.88))
IF(ALB.GT.31.88) CLALB = ( 1 + THETA(7)*(ALB - 31.88))
;;; CLALB-DEFINITION END


;;; CLADA-DEFINITION START
IF(ADA.EQ.0) CLADA = 1  ; Most common
IF(ADA.EQ.1) CLADA = ( 1 + THETA(5))
;;; CLADA-DEFINITION END

;;; CL-RELATION START
CLCOV=CLADA*CLALB
;;; CL-RELATION END


IF (EVID.EQ.1) LASTDOSE = TIME
TAD = TIME - LASTDOSE

TVCL = THETA(1)

TVCL = CLCOV*TVCL
TVV1 = THETA(2)

TVV1 = V1COV*TVV1
TVV2 = THETA(3)
 TVQ = THETA(4)
   
  CL = TVCL * EXP(ETA(1))
  V1 = TVV1 * EXP(ETA(2))
  V2 = TVV2
   Q = TVQ
 
 K10 = CL/V1
 K12 = Q/V1
 K21 = Q/V2
 
  S1 = V1/1 ; scale prediction based on DOSE (mmol) and DV (mmol/L)
  S2 = V2/1

$THETA  (0.001,1.27205083054774,8) ; [1]   CL (L/d)
 (0.001,6.93415006376684,10) ; [2,3] V1  (L)
 (0.01,0.237238911092547,6) ; V2
 (0.001,1.38132477566678,6) ; Q
 ; values are determined in 3 iterations
$THETA  (-1,4.5088645511231,5) ; CLADA1
$THETA  (-100000,-0.0735759955460608,0.084) ; CLALB1
 (-0.135,0.182746785129844,100000) ; CLALB2
$THETA  (-1,-0.275673881864942,5) ; V1ADA1
$THETA  (-100000,-0.0106819525489912,0.084) ; V1ALB1
 (-0.134,-0.130936016112565,100000) ; V1ALB2
$THETA  (-100000,0.0188370385791573,0.042) ; V1BW1
 (-0.055,-0.0533117021765727,100000) ; V1BW2
$THETA  (-1.250,0.293706717705548,1.190) ; V1CREAT1
$DES DADT(1) = -K10*A(1) -K12*A(1) +K21*A(2) ; ODE for central    compartment
     DADT(2) =            K12*A(1) -K21*A(2) ; ODE for peripheral compartment
     
$ERROR
IPRED = F
LLOQ = 1  ; (mg/L)

; --- Residual error SDs ---
PROP_SD = SIGMA(1)
ADD_SD  = SIGMA(2)

; --- BLQ inflation (gentle, stable) ---
IF (BLQ.EQ.1) ADD_SD = ADD_SD + LLOQ

; --- Final residual error ---
W = SQRT(ADD_SD**2+PROP_SD**2)

IF (W.LE.0.000001) W=0.000001 ; Protective code

IRES=DV-IPRED
IWRES=IRES/W
Y = IPRED * (1 + EPS(1)) + EPS(2)

$OMEGA  0.67065918747423  ;     IIV CL
 0.40032023888912  ;      IIV V
$SIGMA  0.269577254311508  ; EPS(1), proportional
 5E-13  FIX  ;     EPS(2)  ; additive, required by M7+ censoring method
    ; residual variability
$ESTIMATION METHOD=1 INTERACTION ; FOCE-I
            SIG=3 SIGL=3 PRINT=5 MAXEVALS=1329 CTYPE=4


NM-TRAN MESSAGES
  
 WARNINGS AND ERRORS (IF ANY) FOR PROBLEM    1
             
 (WARNING  2) NM-TRAN INFERS THAT THE DATA ARE POPULATION.
             
 (WARNING  79) SIGMA IS USED ON THE RIGHT. WITH A SUBSEQUENT RUN, IF AN
 INITIAL ESTIMATE OF A DIAGONAL BLOCK OF SIGMA IS TO BE COMPUTED BY
 NONMEM, THAT BLOCK WILL BE SET TO AN IDENTITY MATRIX DURING THAT
 COMPUTATION. THIS COULD LEAD TO AN ARITHMETIC EXCEPTION.*

 * THE MAXIMUM NUMBER OF WARNINGS OF ONE OR MORE TYPES WAS REACHED.
 IT IS POSSIBLE THAT SOME WARNING MESSAGES WERE SUPPRESSED.

License Registered to: Erwin DREESEN KU Leuven
Expiration Date:    25 JAN 2026
Current Date:        4 JAN 2026
  **** WARNING!!! Days until program expires :  21 ****
  **** CONTACT idssoftware@iconplc.com FOR RENEWAL ****
1NONLINEAR MIXED EFFECTS MODEL PROGRAM (NONMEM) VERSION 7.6.0 (nm760)
 ORIGINALLY DEVELOPED BY STUART BEAL, LEWIS SHEINER, AND ALISON BOECKMANN
 CURRENT DEVELOPERS ARE ROBERT BAUER, ICON DEVELOPMENT SOLUTIONS,
 AND ALISON BOECKMANN. IMPLEMENTATION, EFFICIENCY, AND STANDARDIZATION
 PERFORMED BY NOUS INFOSYSTEMS.

 PROBLEM NO.:         1
 PMX001 Two Compartment
0DATA CHECKOUT RUN:              NO
 DATA SET LOCATED ON UNIT NO.:    2
 THIS UNIT TO BE REWOUND:        NO
 CREATE/ADD TO FDATA.csv:        YES
 NO. OF DATA RECS IN DATA SET:    11475
 NO. OF DATA ITEMS IN DATA SET:  15
 ID DATA ITEM IS DATA ITEM NO.:   1
 DEP VARIABLE IS DATA ITEM NO.:  14
 MDV DATA ITEM IS DATA ITEM NO.: 15
0INDICES PASSED TO SUBROUTINE PRED:
  12   2   4   5   0   0   0   0   0   0   0
0LABELS FOR DATA ITEMS:
 ID TIME WEEK DOSE RATE ADA BW ALB SEX CREAT COL EVID BLQ CONC_M7 MDV
0FORMAT FOR DATA:
 (E2.0,E18.0,E2.0,2E16.0,E1.0,E16.0/E16.0,E1.0,E17.0,3E1.0,E16.0,1F2.0)

 TOT. NO. OF OBS RECS:     2801
 TOT. NO. OF INDIVIDUALS:       75
0LENGTH OF THETA:  13
0DEFAULT THETA BOUNDARY TEST OMITTED:    NO
0OMEGA HAS SIMPLE DIAGONAL FORM WITH DIMENSION:   2
0DEFAULT OMEGA BOUNDARY TEST OMITTED:    NO
0SIGMA HAS BLOCK FORM:
  1
  0  2
0DEFAULT SIGMA BOUNDARY TEST OMITTED:    NO
0INITIAL ESTIMATE OF THETA:
 LOWER BOUND    INITIAL EST    UPPER BOUND
  0.1000E-02     0.1272E+01     0.8000E+01
  0.1000E-02     0.6934E+01     0.1000E+02
  0.1000E-01     0.2372E+00     0.6000E+01
  0.1000E-02     0.1381E+01     0.6000E+01
 -0.1000E+01     0.4509E+01     0.5000E+01
 -0.1000E+06    -0.7358E-01     0.8400E-01
 -0.1350E+00     0.1827E+00     0.1000E+06
 -0.1000E+01    -0.2757E+00     0.5000E+01
 -0.1000E+06    -0.1068E-01     0.8400E-01
 -0.1340E+00    -0.1309E+00     0.1000E+06
 -0.1000E+06     0.1884E-01     0.4200E-01
 -0.5500E-01    -0.5331E-01     0.1000E+06
 -0.1250E+01     0.2937E+00     0.1190E+01
0INITIAL ESTIMATE OF OMEGA:
 0.6707E+00
 0.0000E+00   0.4003E+00
0INITIAL ESTIMATE OF SIGMA:
 BLOCK SET NO.   BLOCK                                                                    FIXED
        1                                                                                   NO
                  0.2696E+00
        2                                                                                  YES
                  0.5000E-12
1DOUBLE PRECISION PREDPP VERSION 7.6.0 (nm760)

 GENERAL NONLINEAR KINETICS MODEL WITH STIFF/NONSTIFF EQUATIONS (LSODA, ADVAN13)
0MODEL SUBROUTINE USER-SUPPLIED - ID NO. 9999
0MAXIMUM NO. OF BASIC PK PARAMETERS:   3
0COMPARTMENT ATTRIBUTES
 COMPT. NO.   FUNCTION   INITIAL    ON/OFF      DOSE      DEFAULT    DEFAULT
                         STATUS     ALLOWED    ALLOWED    FOR DOSE   FOR OBS.
    1         DOSE         ON         YES        YES        YES        YES
    2         PERIPH       ON         YES        YES        NO         NO
    3         OUTPUT       OFF        YES        NO         NO         NO
 INITIAL (BASE) TOLERANCE SETTINGS:
 NRD (RELATIVE) VALUE(S) OF TOLERANCE:   4
 ANRD (ABSOLUTE) VALUE(S) OF TOLERANCE:  12
1
 ADDITIONAL PK PARAMETERS - ASSIGNMENT OF ROWS IN GG
 COMPT. NO.                             INDICES
              SCALE      BIOAVAIL.   ZERO-ORDER  ZERO-ORDER  ABSORB
                         FRACTION    RATE        DURATION    LAG
    1            4           *           *           *           *
    2            5           *           *           *           *
    3            *           -           -           -           -
             - PARAMETER IS NOT ALLOWED FOR THIS MODEL
             * PARAMETER IS NOT SUPPLIED BY PK SUBROUTINE;
               WILL DEFAULT TO ONE IF APPLICABLE
0DATA ITEM INDICES USED BY PRED ARE:
   EVENT ID DATA ITEM IS DATA ITEM NO.:     12
   TIME DATA ITEM IS DATA ITEM NO.:          2
   DOSE AMOUNT DATA ITEM IS DATA ITEM NO.:   4
   DOSE RATE DATA ITEM IS DATA ITEM NO.:     5

0PK SUBROUTINE CALLED WITH EVERY EVENT RECORD.
 PK SUBROUTINE NOT CALLED AT NONEVENT (ADDITIONAL OR LAGGED) DOSE TIMES.
0ERROR SUBROUTINE CALLED WITH EVERY EVENT RECORD.
0DES SUBROUTINE USES COMPACT STORAGE MODE.
1


 #TBLN:      1
 #METH: First Order Conditional Estimation with Interaction

 ESTIMATION STEP OMITTED:                 NO
 SHRINK INFO WITH EVALUATION (EVALSHRINK) NO
 ANALYSIS TYPE:                           POPULATION
 NUMBER OF SADDLE POINT RESET ITERATIONS:      0
 GRADIENT METHOD USED:               NOSLOW
 CONDITIONAL ESTIMATES USED:              YES
 CENTERED ETA:                            NO
 EPS-ETA INTERACTION:                     YES
 LAPLACIAN OBJ. FUNC.:                    NO
 NO. OF FUNCT. EVALS. ALLOWED:            1329
 NO. OF SIG. FIGURES REQUIRED:            3
 INTERMEDIATE PRINTOUT:                   YES
 ESTIMATE OUTPUT TO MSF:                  NO
 IND. OBJ. FUNC. VALUES SORTED:           NO
 NUMERICAL DERIVATIVE
       FILE REQUEST (NUMDER):               NONE
 MAP (ETAHAT) ESTIMATION METHOD (OPTMAP):   0
 ETA HESSIAN EVALUATION METHOD (ETADER):    0
 INITIAL ETA FOR MAP ESTIMATION (MCETA):    0
 SIGDIGITS FOR MAP ESTIMATION (SIGLO):      3
 GRADIENT SIGDIGITS OF
       FIXED EFFECTS PARAMETERS (SIGL):     3
 NOPRIOR SETTING (NOPRIOR):                 0
 NOCOV SETTING (NOCOV):                     OFF
 DERCONT SETTING (DERCONT):                 OFF
 FINAL ETA RE-EVALUATION (FNLETA):          1
 EXCLUDE NON-INFLUENTIAL (NON-INFL.) ETAS
       IN SHRINKAGE (ETASTYPE):             NO
 NON-INFL. ETA CORRECTION (NONINFETA):      0
 RAW OUTPUT FILE (FILE): psn.ext
 EXCLUDE TITLE (NOTITLE):                   NO
 EXCLUDE COLUMN LABELS (NOLABEL):           NO
 FORMAT FOR ADDITIONAL FILES (FORMAT):      S1PE12.5
 PARAMETER ORDER FOR OUTPUTS (ORDER):       TSOL
 KNUTHSUMOFF:                               0
 INCLUDE LNTWOPI:                           NO
 INCLUDE CONSTANT TERM TO PRIOR (PRIORC):   NO
 INCLUDE CONSTANT TERM TO OMEGA (ETA) (OLNTWOPI):NO
 ADDITIONAL CONVERGENCE TEST (CTYPE=4)?:    YES
 EM OR BAYESIAN METHOD USED:                 NONE

 TOLERANCES FOR ESTIMATION/EVALUATION STEP:
 NRD (RELATIVE) VALUE(S) OF TOLERANCE:   4
 ANRD (ABSOLUTE) VALUE(S) OF TOLERANCE:  12
 TOLERANCES FOR COVARIANCE STEP:
 NRD (RELATIVE) VALUE(S) OF TOLERANCE:   4
 ANRD (ABSOLUTE) VALUE(S) OF TOLERANCE:  12

 THE FOLLOWING LABELS ARE EQUIVALENT
 PRED=PREDI
 RES=RESI
 WRES=WRESI
 IWRS=IWRESI
 IPRD=IPREDI
 IRS=IRESI

 MONITORING OF SEARCH:


0ITERATION NO.:    0    OBJECTIVE VALUE:   10707.8697692350        NO. OF FUNC. EVALS.:  16
 CUMULATIVE NO. OF FUNC. EVALS.:       16
 NPARAMETR:  1.2721E+00  6.9342E+00  2.3724E-01  1.3813E+00  4.5089E+00 -7.3576E-02  1.8275E-01 -2.7567E-01 -1.0682E-02 -1.3094E-01
             1.8837E-02 -5.3312E-02  2.9371E-01  6.7066E-01  4.0032E-01  2.6958E-01
 PARAMETER:  1.0000E-01  1.0000E-01  1.0000E-01  1.0000E-01  1.0000E-01  1.0000E-01  1.0000E-01  1.0000E-01  1.0000E-01  1.0000E-01
             1.0000E-01  1.0000E-01  1.0000E-01  1.0000E-01  1.0000E-01  1.0000E-01
 GRADIENT:  -9.1192E+00  3.1573E+00  6.2785E+00 -3.7283E+00  8.8085E-01  2.3589E+00 -2.3579E+00 -9.1766E+00  1.9622E+00 -1.2817E+01
            -6.2568E-02  1.4218E+00  1.1181E+00 -3.0479E+00 -1.3086E+01 -1.2809E+02

0ITERATION NO.:    5    OBJECTIVE VALUE:   10702.8505047917        NO. OF FUNC. EVALS.:  89
 CUMULATIVE NO. OF FUNC. EVALS.:      105
 NPARAMETR:  1.3234E+00  6.9104E+00  1.6881E-01  1.4966E+00  4.4943E+00 -8.4081E-02  1.8020E-01 -1.7705E-01 -3.3765E-02 -1.2778E-01
             2.0792E-02 -5.3460E-02  3.0910E-01  6.4340E-01  4.4738E-01  2.7049E-01
 PARAMETER:  1.4727E-01  8.8847E-02 -2.7010E-01  2.0552E-01  6.8139E-02  3.5464E-02  9.1940E-02  2.4652E-01 -1.1816E-01  8.0828E-01
             1.8818E-01  7.7590E-03  1.2724E-01  7.9249E-02  1.5557E-01  1.0169E-01
 GRADIENT:   2.3305E+01 -6.6067E-01 -2.4306E+00  4.3679E+00  1.3847E-01  3.0469E+00  9.1902E+00  1.2258E+01 -6.4402E+00 -5.6478E+00
             1.9415E+00  1.7885E+00  6.7012E+00 -1.2032E+01  1.7734E+00 -1.3358E+02

0ITERATION NO.:   10    OBJECTIVE VALUE:   10699.1939526210        NO. OF FUNC. EVALS.:  88
 CUMULATIVE NO. OF FUNC. EVALS.:      193
 NPARAMETR:  1.2299E+00  6.8381E+00  1.9739E-01  1.5673E+00  4.4677E+00 -1.0460E-01  1.5373E-01 -2.3366E-01 -3.4425E-02 -1.2017E-01
             2.1396E-02 -5.3643E-02  2.9341E-01  6.3051E-01  4.2275E-01  2.6969E-01
 PARAMETER:  5.9995E-02  5.5211E-02 -9.9696E-02  2.6746E-01  1.1967E-02 -7.9738E-02  4.2203E-03  1.6438E-01 -1.2376E-01  1.6069E+00
             2.1705E-01 -1.1870E-01  9.9474E-02  6.9132E-02  1.2726E-01  1.0021E-01
 GRADIENT:  -1.5052E+01  1.0759E+01  2.5685E+00  3.6876E+00  2.0608E-01 -1.9477E-01 -1.7814E+01  2.8268E+00 -2.8026E+00  6.3692E+00
             9.5432E-01  1.7818E+00  1.2125E+00 -6.5832E+00 -2.7997E+00 -1.1057E+02

0ITERATION NO.:   15    OBJECTIVE VALUE:   10697.9012905651        NO. OF FUNC. EVALS.:  86
 CUMULATIVE NO. OF FUNC. EVALS.:      279
 NPARAMETR:  1.2923E+00  6.8811E+00  2.1904E-01  1.7460E+00  4.4080E+00 -9.3768E-02  1.6720E-01 -2.6988E-01 -4.2043E-02 -1.1962E-01
             1.8232E-02 -5.3808E-02  2.8863E-01  6.4330E-01  4.4319E-01  2.7899E-01
 PARAMETER:  1.1883E-01  7.5186E-02  1.3351E-02  4.1667E-01 -1.0524E-01 -2.0569E-02  4.9848E-02  1.0907E-01 -1.8610E-01  1.6465E+00
             7.4221E-02 -2.4830E-01  9.1058E-02  7.9171E-02  1.5087E-01  1.1715E-01
 GRADIENT:   6.6385E+00  4.6049E+00 -4.8575E+00 -1.4568E-01  7.9564E-01  4.3331E+00 -9.0517E-01 -6.0763E+00 -1.0807E+01  6.4706E+00
            -7.2140E+00  6.1291E-01 -1.2010E+00 -7.1123E+00  2.1977E+00 -1.2492E+01

0ITERATION NO.:   20    OBJECTIVE VALUE:   10697.6705828376        NO. OF FUNC. EVALS.:  88
 CUMULATIVE NO. OF FUNC. EVALS.:      367
 NPARAMETR:  1.2646E+00  6.7482E+00  2.1362E-01  1.7567E+00  4.2349E+00 -9.5860E-02  1.7357E-01 -2.6425E-01 -3.8268E-02 -1.2166E-01
             2.0609E-02 -5.3646E-02  3.0857E-01  6.5665E-01  4.7401E-01  2.8046E-01
 PARAMETER:  9.3030E-02  1.3934E-02 -1.3838E-02  4.2535E-01 -3.9436E-01 -3.2271E-02  7.0706E-02  1.1782E-01 -1.5569E-01  1.4930E+00
             1.7957E-01 -1.2070E-01  1.2631E-01  8.9443E-02  1.8448E-01  1.1979E-01
 GRADIENT:   1.7459E+00  6.5664E-01  7.0509E-01  9.9526E-01  3.7307E-02  2.8522E+00 -5.3835E+00  1.4547E-01 -2.5816E+00  3.8481E+00
            -3.6077E+00  2.0100E+00  5.3748E+00 -3.4307E+00  1.0312E+01  3.5946E+00

0ITERATION NO.:   25    OBJECTIVE VALUE:   10697.1689525281        NO. OF FUNC. EVALS.:  86
 CUMULATIVE NO. OF FUNC. EVALS.:      453
 NPARAMETR:  1.2453E+00  6.7657E+00  2.1415E-01  1.7640E+00  4.1707E+00 -9.8383E-02  1.7976E-01 -2.7902E-01 -3.3271E-02 -1.2329E-01
             2.0781E-02 -5.3677E-02  3.0819E-01  6.8735E-01  4.4962E-01  2.7989E-01
 PARAMETER:  7.4803E-02  2.1938E-02 -1.1141E-02  4.3116E-01 -4.8719E-01 -4.6201E-02  9.0566E-02  9.4742E-02 -1.1397E-01  1.3514E+00
             1.8767E-01 -1.4410E-01  1.2562E-01  1.1229E-01  1.5807E-01  1.1877E-01
 GRADIENT:  -1.4390E+01  6.1205E+00 -1.4775E+00  8.0851E-02  2.0800E-01  4.6554E-01 -1.0728E+01 -2.7179E+00 -1.4181E+00  1.8191E+00
            -1.8381E+00  2.2857E+00  3.3788E+00  3.2565E+00  2.4965E+00 -3.1028E+00

0ITERATION NO.:   30    OBJECTIVE VALUE:   10696.3917843706        NO. OF FUNC. EVALS.:  85
 CUMULATIVE NO. OF FUNC. EVALS.:      538
 NPARAMETR:  1.2541E+00  6.8096E+00  2.1617E-01  1.7389E+00  4.1147E+00 -8.9034E-02  1.8808E-01 -2.8385E-01 -2.9549E-02 -1.2419E-01
             2.0611E-02 -5.3969E-02  2.9704E-01  6.7277E-01  4.4206E-01  2.8179E-01
 PARAMETER:  8.3125E-02  4.2058E-02 -9.6108E-04  4.1093E-01 -5.6348E-01  6.4197E-03  1.1665E-01  8.7102E-02 -8.1714E-02  1.2638E+00
             1.7967E-01 -3.9303E-01  1.0588E-01  1.0157E-01  1.4959E-01  1.2216E-01
 GRADIENT:  -1.7531E+00 -3.9522E-01  2.9812E+00 -1.8667E-02  8.9728E-02  2.8496E+00  5.9832E-01 -2.6778E+00 -1.9426E+00 -2.5264E-01
            -3.2721E+00  6.5329E-01  9.2101E-01 -9.7165E-01 -7.0930E-01  1.4067E+01

0ITERATION NO.:   35    OBJECTIVE VALUE:   10696.3173047626        NO. OF FUNC. EVALS.:  89
 CUMULATIVE NO. OF FUNC. EVALS.:      627
 NPARAMETR:  1.2526E+00  6.8093E+00  2.1590E-01  1.7373E+00  4.1298E+00 -8.8546E-02  1.8902E-01 -2.7962E-01 -2.9244E-02 -1.2411E-01
             2.0652E-02 -5.3976E-02  2.9598E-01  6.7638E-01  4.4371E-01  2.8141E-01
 PARAMETER:  8.1652E-02  4.1893E-02 -2.2995E-03  4.0963E-01 -5.4331E-01  9.2433E-03  1.1954E-01  9.3794E-02 -7.9018E-02  1.2715E+00
             1.8160E-01 -4.0040E-01  1.0402E-01  1.0424E-01  1.5146E-01  1.2148E-01
 GRADIENT:  -1.2640E+01  5.5471E-01 -1.2789E+01  3.0252E+00  3.7246E-02  3.5033E-01 -8.4422E+00 -1.8631E+00 -8.2401E-01  1.2379E-01
             4.9531E-01  2.0954E-01  2.1753E+00 -2.1440E-01 -8.2910E-02  1.0126E+01

0ITERATION NO.:   40    OBJECTIVE VALUE:   10696.0368072152        NO. OF FUNC. EVALS.:  87
 CUMULATIVE NO. OF FUNC. EVALS.:      714
 NPARAMETR:  1.2483E+00  6.8390E+00  2.1464E-01  1.7188E+00  4.3093E+00 -8.4826E-02  1.9461E-01 -2.4389E-01 -2.7478E-02 -1.2393E-01
             2.0680E-02 -5.4011E-02  2.8141E-01  6.7311E-01  4.4033E-01  2.8044E-01
 PARAMETER:  7.7659E-02  5.5638E-02 -8.6516E-03  3.9460E-01 -2.7793E-01  3.1039E-02  1.3666E-01  1.4900E-01 -6.3300E-02  1.2897E+00
             1.8291E-01 -4.3520E-01  7.8377E-02  1.0183E-01  1.4763E-01  1.1976E-01
 GRADIENT:  -7.9387E+00 -2.7209E-01 -5.6384E+00 -2.0819E+00  4.0247E-03  3.9804E+00  1.6217E+00  3.0104E+00 -3.7628E+00  1.6993E-01
            -1.5823E+00  6.1148E-01 -1.5190E+00 -1.3480E+00 -4.1967E-01 -5.3738E-01

0ITERATION NO.:   45    OBJECTIVE VALUE:   10696.0064374533        NO. OF FUNC. EVALS.: 187
 CUMULATIVE NO. OF FUNC. EVALS.:      901
 NPARAMETR:  1.2486E+00  6.8405E+00  2.1473E-01  1.7212E+00  4.2288E+00 -8.5511E-02  1.9455E-01 -2.5160E-01 -2.7060E-02 -1.2395E-01
             2.0639E-02 -5.4001E-02  2.8112E-01  6.8070E-01  4.4169E-01  2.8053E-01
 PARAMETER:  7.7882E-02  5.6334E-02 -8.2138E-03  3.9658E-01 -4.0346E-01  2.6993E-02  1.3648E-01  1.3727E-01 -5.9545E-02  1.2878E+00
             1.8099E-01 -4.2446E-01  7.7871E-02  1.0743E-01  1.4918E-01  1.1991E-01
 GRADIENT:  -4.2553E+00 -9.1517E-01 -3.4113E-02 -1.7048E+00 -2.4194E-01  2.1382E+00  1.3256E+00  1.2745E+00 -1.4790E+00 -3.0688E-03
            -1.7143E+00  3.6378E-01 -1.3730E+00  3.4741E-01  1.4238E-01 -1.8738E+00

0ITERATION NO.:   50    OBJECTIVE VALUE:   10695.9721941922        NO. OF FUNC. EVALS.: 160
 CUMULATIVE NO. OF FUNC. EVALS.:     1061
 NPARAMETR:  1.2486E+00  6.8407E+00  2.1474E-01  1.7212E+00  4.2130E+00 -8.5491E-02  1.9346E-01 -2.5598E-01 -2.7091E-02 -1.2385E-01
             2.0607E-02 -5.4001E-02  2.8119E-01  6.7917E-01  4.4248E-01  2.8050E-01
 PARAMETER:  7.7879E-02  5.6396E-02 -8.1440E-03  3.9656E-01 -4.2669E-01  2.7107E-02  1.3316E-01  1.3056E-01 -5.9823E-02  1.2982E+00
             1.7948E-01 -4.2472E-01  7.7997E-02  1.0630E-01  1.5007E-01  1.1985E-01
 GRADIENT:  -1.1528E+01 -8.7658E-01  1.1697E+00  3.6083E-02 -1.8211E-01 -9.1847E-02 -4.7160E+00  2.2154E+00 -1.6937E-01  8.4750E-01
            -1.9234E+00  2.8798E-01 -1.7558E+00  1.3420E-01  4.8031E-01 -1.5850E+00

0ITERATION NO.:   55    OBJECTIVE VALUE:   10695.8978196203        NO. OF FUNC. EVALS.: 228
 CUMULATIVE NO. OF FUNC. EVALS.:     1289
 NPARAMETR:  1.2482E+00  6.8408E+00  2.1475E-01  1.7215E+00  4.1480E+00 -8.5466E-02  1.9181E-01 -2.5847E-01 -2.7086E-02 -1.2377E-01
             2.0517E-02 -5.4001E-02  2.8116E-01  6.7620E-01  4.4112E-01  2.8041E-01
 PARAMETER:  7.7472E-02  5.6459E-02 -8.1163E-03  3.9680E-01 -5.1867E-01  2.7255E-02  1.2812E-01  1.2674E-01 -5.9782E-02  1.3054E+00
             1.7529E-01 -4.2489E-01  7.7935E-02  1.0411E-01  1.4852E-01  1.1970E-01
 GRADIENT:  -1.0599E+01 -4.9605E-01 -2.0188E+00  1.3641E+00 -5.4373E-01  1.9455E+00  2.5801E-01  3.5879E+00 -1.5759E+00  2.4775E-01
            -1.7428E+00  5.4195E-01 -8.9345E-01 -2.1520E-01  1.8091E-01 -2.7801E+00

0ITERATION NO.:   56    OBJECTIVE VALUE:   10695.8970150435        NO. OF FUNC. EVALS.:  57
 CUMULATIVE NO. OF FUNC. EVALS.:     1346
 NPARAMETR:  1.2482E+00  6.8408E+00  2.1474E-01  1.7215E+00  4.1489E+00 -8.5468E-02  1.9179E-01 -2.6173E-01 -2.7086E-02 -1.2376E-01
             2.0518E-02 -5.4007E-02  2.8120E-01  6.7614E-01  4.4115E-01  2.8045E-01
 PARAMETER:  7.7484E-02  5.6467E-02 -8.1571E-03  3.9681E-01 -5.1739E-01  2.7244E-02  1.2806E-01  1.2171E-01 -5.9780E-02  1.3069E+00
             1.7532E-01 -4.3038E-01  7.8007E-02  1.0407E-01  1.4856E-01  1.1977E-01
 GRADIENT:  -6.5282E+00  5.9144E+00  6.1735E-01  3.6674E+00 -4.0314E-01  4.8592E+00  7.2659E-01  2.6420E+00  9.8698E-03  8.4431E-01
             1.0567E+00  2.9771E-01 -9.1202E-01 -2.5406E-01  1.8008E-01  3.1348E-01

 #TERM:
0MINIMIZATION TERMINATED
 DUE TO MAX. NO. OF FUNCTION EVALUATIONS EXCEEDED
 NO. OF FUNCTION EVALUATIONS USED:     1346
 NO. OF SIG. DIGITS UNREPORTABLE

 ETABAR IS THE ARITHMETIC MEAN OF THE ETA-ESTIMATES,
 AND THE P-VALUE IS GIVEN FOR THE NULL HYPOTHESIS THAT THE TRUE MEAN IS 0.

 ETABAR:        -1.2047E-01  8.8405E-02
 SE:             9.3629E-02  7.5392E-02
 N:                      75          75

 P VAL.:         1.9821E-01  2.4095E-01

 ETASHRINKSD(%)  3.0722E-01  8.0019E-01
 ETASHRINKVR(%)  6.1350E-01  1.5940E+00
 EBVSHRINKSD(%)  3.7938E-01  8.1810E-01
 EBVSHRINKVR(%)  7.5731E-01  1.6295E+00
 RELATIVEINF(%)  9.9231E+01  9.8359E+01
 EPSSHRINKSD(%)  3.9374E+00  3.9374E+00
 EPSSHRINKVR(%)  7.7197E+00  7.7197E+00

  
 TOTAL DATA POINTS NORMALLY DISTRIBUTED (N):         2801
 N*LOG(2PI) CONSTANT TO OBJECTIVE FUNCTION:    5147.8936630125763     
 OBJECTIVE FUNCTION VALUE WITHOUT CONSTANT:    10695.897015043502     
 OBJECTIVE FUNCTION VALUE WITH CONSTANT:       15843.790678056077     
 REPORTED OBJECTIVE FUNCTION DOES NOT CONTAIN CONSTANT
  
 TOTAL EFFECTIVE ETAS (NIND*NETA):                           150
  
 #TERE:
 Elapsed estimation  time in seconds:  1178.48
 Elapsed postprocess time in seconds:     0.00
1
 
 
 
 
 
 
 
 
 
 
 
 
 
 
 
 
 
 
 
 
 ************************************************************************************************************************
 ********************                                                                                ********************
 ********************               FIRST ORDER CONDITIONAL ESTIMATION WITH INTERACTION              ********************
 #OBJT:**************                       MINIMUM VALUE OF OBJECTIVE FUNCTION                      ********************
 ********************                                                                                ********************
 ************************************************************************************************************************
 





 #OBJV:********************************************         10695.897       *********************************************
1
 ************************************************************************************************************************
 ********************                                                                                ********************
 ********************               FIRST ORDER CONDITIONAL ESTIMATION WITH INTERACTION              ********************
 ********************                             FINAL PARAMETER ESTIMATE                           ********************
 ********************                                                                                ********************
 ************************************************************************************************************************
 


 THETA - VECTOR OF FIXED EFFECTS PARAMETERS   *********


         TH 1      TH 2      TH 3      TH 4      TH 5      TH 6      TH 7      TH 8      TH 9      TH10      TH11      TH12     
          TH13     
 
         1.25E+00  6.84E+00  2.15E-01  1.72E+00  4.15E+00 -8.55E-02  1.92E-01 -2.62E-01 -2.71E-02 -1.24E-01  2.05E-02 -5.40E-02
          2.81E-01
 


 OMEGA - COV MATRIX FOR RANDOM EFFECTS - ETAS  ********


         ETA1      ETA2     
 
 ETA1
+        6.76E-01
 
 ETA2
+        0.00E+00  4.41E-01
 


 SIGMA - COV MATRIX FOR RANDOM EFFECTS - EPSILONS  ****


         EPS1      EPS2     
 
 EPS1
+        2.80E-01
 
 EPS2
+        0.00E+00  5.00E-13
 
1


 OMEGA - CORR MATRIX FOR RANDOM EFFECTS - ETAS  *******


         ETA1      ETA2     
 
 ETA1
+        8.22E-01
 
 ETA2
+        0.00E+00  6.64E-01
 


 SIGMA - CORR MATRIX FOR RANDOM EFFECTS - EPSILONS  ***


         EPS1      EPS2     
 
 EPS1
+        5.30E-01
 
 EPS2
+        0.00E+00  7.07E-07
 
 Elapsed finaloutput time in seconds:     0.00
 #CPUT: Total CPU Time in Seconds,     1144.182
Stop Time:
zo 04 jan 2026 14:50:02 CET
