za 03 jan 2026 13:05:40 CET
;; 1. Based on: run01
;; 2. Description: PMX001 2CMT LINEAR M7+ (BASE MODEL)
;; Joshua I., Ali K.
;; 2025-12-09
$PROBLEM    PMX001 Two Compartment
$INPUT      DUMMY=DROP ID TIME WEEK DOSE=AMT RATE CONC=DROP ADA BW ALB
            SEX=DROP AGE=DROP CREAT COL EVID BLQ CONC_M7=DV
$DATA      ../../../../../../../../../dataset_clean.csv IGNORE=@
$ABBREVIATED DERIV2=NO
$SUBROUTINE ADVAN13 ; general nonlinear model
            TOL=9 ; tolerance for $DES,higher TOL: more accurate,but slower computation

; TOL=7 -> DES will aim for accuracy of 1E-7 for each integration step
$MODEL      NCOMP=2 ; number of compartments
            COMP=(DOSE,DEFDOSE,DEFOBS) ; first (central) compartment
            COMP=(PERIPH) ; second (peripheral) compartment
$PK
;;; V1CREAT-DEFINITION START
IF(CREAT.LE.1.03) V1CREAT = ( 1 + THETA(11)*(CREAT - 1.03))
IF(CREAT.GT.1.03) V1CREAT = ( 1 + THETA(12)*(CREAT - 1.03))
;;; V1CREAT-DEFINITION END


;;; V1BW-DEFINITION START
IF(BW.LE.65.93) V1BW = ( 1 + THETA(9)*(BW - 65.93))
IF(BW.GT.65.93) V1BW = ( 1 + THETA(10)*(BW - 65.93))
;;; V1BW-DEFINITION END


;;; V1ALB-DEFINITION START
IF(ALB.LE.31.85) V1ALB = ( 1 + THETA(7)*(ALB - 31.85))
IF(ALB.GT.31.85) V1ALB = ( 1 + THETA(8)*(ALB - 31.85))
;;; V1ALB-DEFINITION END


;;; V1ADA-DEFINITION START
IF(ADA.EQ.0) V1ADA = 1  ; Most common
IF(ADA.EQ.1) V1ADA = ( 1 + THETA(6))
;;; V1ADA-DEFINITION END

;;; V1-RELATION START
V1COV=V1ADA*V1ALB*V1BW*V1CREAT
;;; V1-RELATION END


;;; CLADA-DEFINITION START
IF(ADA.EQ.0) CLADA = 1  ; Most common
IF(ADA.EQ.1) CLADA = ( 1 + THETA(5))
;;; CLADA-DEFINITION END

;;; CL-RELATION START
CLCOV=CLADA
;;; CL-RELATION END


IF (EVID.EQ.1) LASTDOSE = TIME
TAD = TIME - LASTDOSE

TVCL = THETA(1)

TVCL = CLCOV*TVCL
TVV1 = THETA(2)

TVV1 = V1COV*TVV1
TVV2 = THETA(3)
 TVQ = THETA(4)
   
  CL = TVCL * EXP(ETA(1))
  V1 = TVV1 * EXP(ETA(2))
  V2 = TVV2
   Q = TVQ
 
 K10 = CL/V1
 K12 = Q/V1
 K21 = Q/V2
 
  S1 = V1/1 ; scale prediction based on DOSE (mmol) and DV (mmol/L)
  S2 = V2/1

$THETA  (0.001,1.40331,8) ; [1]   CL (L/d)
 (0.001,7.46502,10) ; [2,3] V1  (L)
 (0.01,0.190637,6) ; V2
 (0.001,1.36825,6) ; Q
 ; values are determined in 3 iterations
$THETA  (-1,4.17631,5) ; CLADA1
$THETA  (-1,-0.273517,5) ; V1ADA1
$THETA  (-100000,0.0147225,0.084) ; V1ALB1
 (-0.134,-0.126753,100000) ; V1ALB2
$THETA  (-100000,0.01249,0.042) ; V1BW1
 (-0.055,-0.0511892,100000) ; V1BW2
$THETA  (-100000,0.278284,1.190) ; V1CREAT1
 (-1.250,-0.00125,100000) ; V1CREAT2
$DES DADT(1) = -K10*A(1) -K12*A(1) +K21*A(2) ; ODE for central    compartment
     DADT(2) =            K12*A(1) -K21*A(2) ; ODE for peripheral compartment
     
$ERROR
IPRED = F
LLOQ = 1  ; (mg/L)

; --- Residual error SDs ---
PROP_SD = SIGMA(1)
ADD_SD  = SIGMA(2)

; --- BLQ inflation (gentle, stable) ---
IF (BLQ.EQ.1) ADD_SD = ADD_SD + LLOQ

; --- Final residual error ---
W = SQRT(ADD_SD**2+PROP_SD**2)

IF (W.LE.0.000001) W=0.000001 ; Protective code

IRES=DV-IPRED
IWRES=IRES/W
Y = IPRED * (1 + EPS(1)) + EPS(2)

$OMEGA  0.604898  ;     IIV CL
 0.372301  ;      IIV V
$SIGMA  0.278784  ; EPS(1), proportional
 5E-13  FIX  ;     EPS(2)  ; additive, required by M7+ censoring method
    ; residual variability
$ESTIMATION METHOD=1 INTERACTION ; FOCE-I
            SIG=3 SIGL=4 PRINT=5 MAXEVALS=9999 CTYPE=4


NM-TRAN MESSAGES
  
 WARNINGS AND ERRORS (IF ANY) FOR PROBLEM    1
             
 (WARNING  2) NM-TRAN INFERS THAT THE DATA ARE POPULATION.
             
 (WARNING  79) SIGMA IS USED ON THE RIGHT. WITH A SUBSEQUENT RUN, IF AN
 INITIAL ESTIMATE OF A DIAGONAL BLOCK OF SIGMA IS TO BE COMPUTED BY
 NONMEM, THAT BLOCK WILL BE SET TO AN IDENTITY MATRIX DURING THAT
 COMPUTATION. THIS COULD LEAD TO AN ARITHMETIC EXCEPTION.*

 * THE MAXIMUM NUMBER OF WARNINGS OF ONE OR MORE TYPES WAS REACHED.
 IT IS POSSIBLE THAT SOME WARNING MESSAGES WERE SUPPRESSED.

License Registered to: Erwin DREESEN KU Leuven
Expiration Date:    25 JAN 2026
Current Date:        3 JAN 2026
  **** WARNING!!! Days until program expires :  22 ****
  **** CONTACT idssoftware@iconplc.com FOR RENEWAL ****
1NONLINEAR MIXED EFFECTS MODEL PROGRAM (NONMEM) VERSION 7.6.0 (nm760)
 ORIGINALLY DEVELOPED BY STUART BEAL, LEWIS SHEINER, AND ALISON BOECKMANN
 CURRENT DEVELOPERS ARE ROBERT BAUER, ICON DEVELOPMENT SOLUTIONS,
 AND ALISON BOECKMANN. IMPLEMENTATION, EFFICIENCY, AND STANDARDIZATION
 PERFORMED BY NOUS INFOSYSTEMS.

 PROBLEM NO.:         1
 PMX001 Two Compartment
0DATA CHECKOUT RUN:              NO
 DATA SET LOCATED ON UNIT NO.:    2
 THIS UNIT TO BE REWOUND:        NO
 CREATE/ADD TO FDATA.csv:        YES
 NO. OF DATA RECS IN DATA SET:    11475
 NO. OF DATA ITEMS IN DATA SET:  14
 ID DATA ITEM IS DATA ITEM NO.:   1
 DEP VARIABLE IS DATA ITEM NO.:  13
 MDV DATA ITEM IS DATA ITEM NO.: 14
0INDICES PASSED TO SUBROUTINE PRED:
  11   2   4   5   0   0   0   0   0   0   0
0LABELS FOR DATA ITEMS:
 ID TIME WEEK DOSE RATE ADA BW ALB CREAT COL EVID BLQ CONC_M7 MDV
0FORMAT FOR DATA:
 (E2.0,E18.0,E2.0,2E16.0,E1.0,E16.0/E16.0,E17.0,3E1.0,E16.0,1F2.0)

 TOT. NO. OF OBS RECS:     2801
 TOT. NO. OF INDIVIDUALS:       75
0LENGTH OF THETA:  12
0DEFAULT THETA BOUNDARY TEST OMITTED:    NO
0OMEGA HAS SIMPLE DIAGONAL FORM WITH DIMENSION:   2
0DEFAULT OMEGA BOUNDARY TEST OMITTED:    NO
0SIGMA HAS BLOCK FORM:
  1
  0  2
0DEFAULT SIGMA BOUNDARY TEST OMITTED:    NO
0INITIAL ESTIMATE OF THETA:
 LOWER BOUND    INITIAL EST    UPPER BOUND
  0.1000E-02     0.1403E+01     0.8000E+01
  0.1000E-02     0.7465E+01     0.1000E+02
  0.1000E-01     0.1906E+00     0.6000E+01
  0.1000E-02     0.1368E+01     0.6000E+01
 -0.1000E+01     0.4176E+01     0.5000E+01
 -0.1000E+01    -0.2735E+00     0.5000E+01
 -0.1000E+06     0.1472E-01     0.8400E-01
 -0.1340E+00    -0.1268E+00     0.1000E+06
 -0.1000E+06     0.1249E-01     0.4200E-01
 -0.5500E-01    -0.5119E-01     0.1000E+06
 -0.1000E+06     0.2783E+00     0.1190E+01
 -0.1250E+01    -0.1250E-02     0.1000E+06
0INITIAL ESTIMATE OF OMEGA:
 0.6049E+00
 0.0000E+00   0.3723E+00
0INITIAL ESTIMATE OF SIGMA:
 BLOCK SET NO.   BLOCK                                                                    FIXED
        1                                                                                   NO
                  0.2788E+00
        2                                                                                  YES
                  0.5000E-12
1DOUBLE PRECISION PREDPP VERSION 7.6.0 (nm760)

 GENERAL NONLINEAR KINETICS MODEL WITH STIFF/NONSTIFF EQUATIONS (LSODA, ADVAN13)
0MODEL SUBROUTINE USER-SUPPLIED - ID NO. 9999
0MAXIMUM NO. OF BASIC PK PARAMETERS:   3
0COMPARTMENT ATTRIBUTES
 COMPT. NO.   FUNCTION   INITIAL    ON/OFF      DOSE      DEFAULT    DEFAULT
                         STATUS     ALLOWED    ALLOWED    FOR DOSE   FOR OBS.
    1         DOSE         ON         YES        YES        YES        YES
    2         PERIPH       ON         YES        YES        NO         NO
    3         OUTPUT       OFF        YES        NO         NO         NO
 INITIAL (BASE) TOLERANCE SETTINGS:
 NRD (RELATIVE) VALUE(S) OF TOLERANCE:   9
 ANRD (ABSOLUTE) VALUE(S) OF TOLERANCE:  12
1
 ADDITIONAL PK PARAMETERS - ASSIGNMENT OF ROWS IN GG
 COMPT. NO.                             INDICES
              SCALE      BIOAVAIL.   ZERO-ORDER  ZERO-ORDER  ABSORB
                         FRACTION    RATE        DURATION    LAG
    1            4           *           *           *           *
    2            5           *           *           *           *
    3            *           -           -           -           -
             - PARAMETER IS NOT ALLOWED FOR THIS MODEL
             * PARAMETER IS NOT SUPPLIED BY PK SUBROUTINE;
               WILL DEFAULT TO ONE IF APPLICABLE
0DATA ITEM INDICES USED BY PRED ARE:
   EVENT ID DATA ITEM IS DATA ITEM NO.:     11
   TIME DATA ITEM IS DATA ITEM NO.:          2
   DOSE AMOUNT DATA ITEM IS DATA ITEM NO.:   4
   DOSE RATE DATA ITEM IS DATA ITEM NO.:     5

0PK SUBROUTINE CALLED WITH EVERY EVENT RECORD.
 PK SUBROUTINE NOT CALLED AT NONEVENT (ADDITIONAL OR LAGGED) DOSE TIMES.
0ERROR SUBROUTINE CALLED WITH EVERY EVENT RECORD.
0DES SUBROUTINE USES COMPACT STORAGE MODE.
1


 #TBLN:      1
 #METH: First Order Conditional Estimation with Interaction

 ESTIMATION STEP OMITTED:                 NO
 SHRINK INFO WITH EVALUATION (EVALSHRINK) NO
 ANALYSIS TYPE:                           POPULATION
 NUMBER OF SADDLE POINT RESET ITERATIONS:      0
 GRADIENT METHOD USED:               NOSLOW
 CONDITIONAL ESTIMATES USED:              YES
 CENTERED ETA:                            NO
 EPS-ETA INTERACTION:                     YES
 LAPLACIAN OBJ. FUNC.:                    NO
 NO. OF FUNCT. EVALS. ALLOWED:            9999
 NO. OF SIG. FIGURES REQUIRED:            3
 INTERMEDIATE PRINTOUT:                   YES
 ESTIMATE OUTPUT TO MSF:                  NO
 IND. OBJ. FUNC. VALUES SORTED:           NO
 NUMERICAL DERIVATIVE
       FILE REQUEST (NUMDER):               NONE
 MAP (ETAHAT) ESTIMATION METHOD (OPTMAP):   0
 ETA HESSIAN EVALUATION METHOD (ETADER):    0
 INITIAL ETA FOR MAP ESTIMATION (MCETA):    0
 SIGDIGITS FOR MAP ESTIMATION (SIGLO):      4
 GRADIENT SIGDIGITS OF
       FIXED EFFECTS PARAMETERS (SIGL):     4
 NOPRIOR SETTING (NOPRIOR):                 0
 NOCOV SETTING (NOCOV):                     OFF
 DERCONT SETTING (DERCONT):                 OFF
 FINAL ETA RE-EVALUATION (FNLETA):          1
 EXCLUDE NON-INFLUENTIAL (NON-INFL.) ETAS
       IN SHRINKAGE (ETASTYPE):             NO
 NON-INFL. ETA CORRECTION (NONINFETA):      0
 RAW OUTPUT FILE (FILE): psn.ext
 EXCLUDE TITLE (NOTITLE):                   NO
 EXCLUDE COLUMN LABELS (NOLABEL):           NO
 FORMAT FOR ADDITIONAL FILES (FORMAT):      S1PE12.5
 PARAMETER ORDER FOR OUTPUTS (ORDER):       TSOL
 KNUTHSUMOFF:                               0
 INCLUDE LNTWOPI:                           NO
 INCLUDE CONSTANT TERM TO PRIOR (PRIORC):   NO
 INCLUDE CONSTANT TERM TO OMEGA (ETA) (OLNTWOPI):NO
 ADDITIONAL CONVERGENCE TEST (CTYPE=4)?:    YES
 EM OR BAYESIAN METHOD USED:                 NONE

 TOLERANCES FOR ESTIMATION/EVALUATION STEP:
 NRD (RELATIVE) VALUE(S) OF TOLERANCE:   9
 ANRD (ABSOLUTE) VALUE(S) OF TOLERANCE:  12
 TOLERANCES FOR COVARIANCE STEP:
 NRD (RELATIVE) VALUE(S) OF TOLERANCE:   9
 ANRD (ABSOLUTE) VALUE(S) OF TOLERANCE:  12

 THE FOLLOWING LABELS ARE EQUIVALENT
 PRED=PREDI
 RES=RESI
 WRES=WRESI
 IWRS=IWRESI
 IPRD=IPREDI
 IRS=IRESI

 MONITORING OF SEARCH:


0ITERATION NO.:    0    OBJECTIVE VALUE:   10731.8546408566        NO. OF FUNC. EVALS.:  15
 CUMULATIVE NO. OF FUNC. EVALS.:       15
 NPARAMETR:  1.4033E+00  7.4650E+00  1.9064E-01  1.3682E+00  4.1763E+00 -2.7352E-01  1.4723E-02 -1.2675E-01  1.2490E-02 -5.1189E-02
             2.7828E-01 -1.2500E-03  6.0490E-01  3.7230E-01  2.7878E-01
 PARAMETER:  1.0000E-01  1.0000E-01  1.0000E-01  1.0000E-01  1.0000E-01  1.0000E-01  1.0000E-01  1.0000E-01  1.0000E-01  1.0000E-01
             1.0000E-01  1.0000E-01  1.0000E-01  1.0000E-01  1.0000E-01
 GRADIENT:   1.2864E+00 -2.7446E+00  2.5543E-01 -1.6383E-01 -1.4210E-01  8.5054E-01  1.5276E+00  2.6337E-01  7.0493E-01 -7.2796E-01
            -4.6953E-01 -2.7202E+01  2.3816E-01 -3.6035E+00  7.3056E-01

0ITERATION NO.:    5    OBJECTIVE VALUE:   10728.9985634671        NO. OF FUNC. EVALS.: 112
 CUMULATIVE NO. OF FUNC. EVALS.:      127
 NPARAMETR:  1.4029E+00  7.4735E+00  1.8997E-01  1.3696E+00  4.1767E+00 -2.7378E-01  1.4627E-02 -1.2678E-01  1.2607E-02 -5.1179E-02
             2.8111E-01  2.5953E-01  6.0581E-01  3.6824E-01  2.8075E-01
 PARAMETER:  9.9620E-02  1.0447E-01  9.6164E-02  1.0127E-01  1.0054E-01  9.9587E-02  9.8621E-02  9.5996E-02  1.0398E-01  1.0267E-01
             1.0310E-01  2.8966E-01  1.0075E-01  9.4517E-02  1.0351E-01
 GRADIENT:  -3.0541E+00  3.0433E-01  2.0898E-01 -1.5374E-02 -3.6200E-02  1.6027E-01 -5.1864E-01  3.1592E-02 -2.2879E-01 -4.5989E-01
             3.3124E-01 -2.0698E+00  2.5903E-01 -2.0249E+00  2.0632E+01

0ITERATION NO.:   10    OBJECTIVE VALUE:   10728.9881512811        NO. OF FUNC. EVALS.: 205
 CUMULATIVE NO. OF FUNC. EVALS.:      332
 NPARAMETR:  1.4115E+00  7.4186E+00  1.9038E-01  1.3644E+00  4.1776E+00 -2.7172E-01  1.5103E-02 -1.2677E-01  1.2188E-02 -5.1012E-02
             2.7279E-01  2.6777E-01  6.0130E-01  3.6688E-01  2.8045E-01
 PARAMETER:  1.0704E-01  7.5620E-02  9.8529E-02  9.6309E-02  1.0187E-01  1.0281E-01  1.0551E-01  9.8033E-02  8.9819E-02  1.4541E-01
             9.3994E-02  2.9510E-01  9.7018E-02  9.2670E-02  1.0298E-01
 GRADIENT:  -1.6031E+00  7.5555E-04  2.0344E-01 -5.3158E-02 -8.1041E-02  6.2952E-01 -3.2582E-01  1.6392E-02 -5.4453E-01 -3.9045E-01
            -3.4435E-01 -1.6842E+00 -8.1424E-01 -1.8138E+00  1.7322E+01

0ITERATION NO.:   15    OBJECTIVE VALUE:   10728.9683174394        NO. OF FUNC. EVALS.: 201
 CUMULATIVE NO. OF FUNC. EVALS.:      533
 NPARAMETR:  1.4196E+00  7.4050E+00  1.9021E-01  1.3506E+00  4.1788E+00 -2.7419E-01  1.5322E-02 -1.2672E-01  1.2515E-02 -5.0899E-02
             2.7281E-01  2.8051E-01  6.0441E-01  3.6795E-01  2.7935E-01
 PARAMETER:  1.1402E-01  6.8536E-02  9.7576E-02  8.3158E-02  1.0354E-01  9.8951E-02  1.0869E-01  1.0518E-01  1.0085E-01  1.7342E-01
             9.4012E-02  3.0346E-01  9.9596E-02  9.4123E-02  1.0101E-01
 GRADIENT:  -8.8726E-01  6.7492E-02  2.2428E-01 -8.7566E-02  5.2433E-03 -1.5826E-01 -3.0571E-01  9.7713E-02 -1.6150E-01  5.1464E-02
            -8.2438E-02 -2.7897E-01 -8.3728E-02 -7.2131E-01  5.4279E+00

0ITERATION NO.:   20    OBJECTIVE VALUE:   10728.9657639350        NO. OF FUNC. EVALS.: 120
 CUMULATIVE NO. OF FUNC. EVALS.:      653
 NPARAMETR:  1.4192E+00  7.4049E+00  1.9022E-01  1.3505E+00  4.1812E+00 -2.7402E-01  1.5345E-02 -1.2672E-01  1.2513E-02 -5.0899E-02
             2.7272E-01  2.8031E-01  6.0479E-01  3.6883E-01  2.7911E-01
 PARAMETER:  1.1371E-01  6.8470E-02  9.7621E-02  8.3153E-02  1.0686E-01  9.9206E-02  1.0902E-01  1.0509E-01  1.0080E-01  1.7351E-01
             9.3920E-02  3.0333E-01  9.9912E-02  9.5314E-02  1.0058E-01
 GRADIENT:   3.6292E+00  2.8672E-01  2.1050E-01 -8.3338E-02  1.4397E-02 -9.6689E-02 -1.5866E-01  1.0119E-01  5.9596E-02  1.0418E-01
             1.0648E-01  8.2011E-01  2.7642E-03 -3.7913E-01  3.4020E+00

0ITERATION NO.:   25    OBJECTIVE VALUE:   10728.9653383653        NO. OF FUNC. EVALS.: 130
 CUMULATIVE NO. OF FUNC. EVALS.:      783
 NPARAMETR:  1.4189E+00  7.4045E+00  1.9022E-01  1.3507E+00  4.1834E+00 -2.7400E-01  1.5393E-02 -1.2672E-01  1.2512E-02 -5.0899E-02
             2.7269E-01  2.7964E-01  6.0488E-01  3.6947E-01  2.7894E-01
 PARAMETER:  1.1344E-01  6.8260E-02  9.7616E-02  8.3279E-02  1.1005E-01  9.9245E-02  1.0973E-01  1.0505E-01  1.0076E-01  1.7351E-01
             9.3880E-02  3.0289E-01  9.9988E-02  9.6187E-02  1.0029E-01
 GRADIENT:  -9.8733E-01  7.7560E-02  1.9297E-01 -7.9632E-02  2.3152E-02 -2.2551E-01 -2.5741E-01  1.0823E-01 -1.4495E-01  9.5093E-02
            -1.2795E-01 -3.2270E-01  1.9563E-02 -1.2835E-01  1.1546E+00

0ITERATION NO.:   30    OBJECTIVE VALUE:   10728.9565472257        NO. OF FUNC. EVALS.: 115
 CUMULATIVE NO. OF FUNC. EVALS.:      898
 NPARAMETR:  1.4068E+00  7.4046E+00  1.9023E-01  1.3506E+00  4.1794E+00 -2.7358E-01  1.5384E-02 -1.2672E-01  1.2511E-02 -5.1087E-02
             2.7316E-01  2.7971E-01  6.0506E-01  3.6944E-01  2.7896E-01
 PARAMETER:  1.0305E-01  6.8332E-02  9.7662E-02  8.3217E-02  1.0439E-01  9.9902E-02  1.0959E-01  1.0501E-01  1.0071E-01  1.2656E-01
             9.4396E-02  3.0293E-01  1.0013E-01  9.6143E-02  1.0032E-01
 GRADIENT:   2.3466E+00 -8.9923E-02  1.6031E-01 -9.5685E-02 -2.2115E-02  1.4261E-01  1.3452E-01  1.2224E-01  3.4846E-01 -3.5489E-01
             1.9840E-01  1.9176E-01  7.2931E-02 -8.3655E-01  2.5343E+00

0ITERATION NO.:   35    OBJECTIVE VALUE:   10728.9546859552        NO. OF FUNC. EVALS.: 196
 CUMULATIVE NO. OF FUNC. EVALS.:     1094             RESET HESSIAN, TYPE I
 NPARAMETR:  1.4049E+00  7.4047E+00  1.9022E-01  1.3506E+00  4.1779E+00 -2.7320E-01  1.5380E-02 -1.2672E-01  1.2510E-02 -5.1001E-02
             2.7053E-01  2.7962E-01  6.0510E-01  3.6946E-01  2.7897E-01
 PARAMETER:  1.0140E-01  6.8362E-02  9.7631E-02  8.3221E-02  1.0225E-01  1.0050E-01  1.0953E-01  1.0466E-01  1.0069E-01  1.4828E-01
             9.1536E-02  3.0288E-01  1.0017E-01  9.6164E-02  1.0033E-01
 GRADIENT:   1.5245E+00  1.4921E-01  2.0436E-01 -9.8148E-02 -5.4235E-02  3.4575E-01 -2.0203E-03  1.2255E-01  5.1984E-02 -2.2011E-01
            -2.3603E-01  4.7225E-01  9.1428E-02 -4.8140E-01  2.6872E+00

0ITERATION NO.:   40    OBJECTIVE VALUE:   10728.9538208151        NO. OF FUNC. EVALS.: 207
 CUMULATIVE NO. OF FUNC. EVALS.:     1301             RESET HESSIAN, TYPE I
 NPARAMETR:  1.4049E+00  7.4047E+00  1.8900E-01  1.3559E+00  4.1773E+00 -2.7315E-01  1.5379E-02 -1.2672E-01  1.2511E-02 -5.1018E-02
             2.7065E-01  2.7958E-01  6.0503E-01  3.6949E-01  2.7891E-01
 PARAMETER:  1.0140E-01  6.8365E-02  9.0636E-02  8.8303E-02  1.0144E-01  1.0058E-01  1.0953E-01  1.0446E-01  1.0071E-01  1.4391E-01
             9.1664E-02  3.0285E-01  1.0011E-01  9.6214E-02  1.0023E-01
 GRADIENT:   1.5849E+00  1.1523E-01  5.9410E-02 -1.6089E-02 -4.3781E-02  3.2057E-01  7.2934E-03  1.1117E-01  5.1803E-02 -2.9879E-01
            -2.0710E-01  3.7567E-01  4.9956E-02 -5.2456E-01  1.7613E+00

0ITERATION NO.:   45    OBJECTIVE VALUE:   10728.9530524543        NO. OF FUNC. EVALS.: 145
 CUMULATIVE NO. OF FUNC. EVALS.:     1446
 NPARAMETR:  1.4049E+00  7.4049E+00  1.8909E-01  1.3617E+00  4.1716E+00 -2.7278E-01  1.5374E-02 -1.2672E-01  1.2512E-02 -5.1047E-02
             2.7064E-01  2.7939E-01  6.0482E-01  3.7046E-01  2.7882E-01
 PARAMETER:  1.0138E-01  6.8451E-02  9.1111E-02  9.3779E-02  9.3320E-02  1.0116E-01  1.0944E-01  1.0424E-01  1.0076E-01  1.3653E-01
             9.1650E-02  3.0273E-01  9.9939E-02  9.7520E-02  1.0006E-01
 GRADIENT:   1.5821E+00  1.0825E-01  3.0265E-02  5.0581E-03 -9.3948E-02  6.2864E-01  3.8504E-02  1.1757E-01  7.4253E-02 -3.0781E-01
            -1.9709E-01  3.7521E-01 -1.3301E-03 -2.6309E-01  7.2218E-01

0ITERATION NO.:   50    OBJECTIVE VALUE:   10728.9530145261        NO. OF FUNC. EVALS.: 208
 CUMULATIVE NO. OF FUNC. EVALS.:     1654            RESET HESSIAN, TYPE II
 NPARAMETR:  1.4049E+00  7.4049E+00  1.8918E-01  1.3616E+00  4.1717E+00 -2.7278E-01  1.5373E-02 -1.2672E-01  1.2512E-02 -5.1047E-02
             2.7063E-01  2.7937E-01  6.0482E-01  3.7051E-01  2.7882E-01
 PARAMETER:  1.0137E-01  6.8461E-02  9.1633E-02  9.3655E-02  9.3552E-02  1.0115E-01  1.0943E-01  1.0414E-01  1.0076E-01  1.3656E-01
             9.1645E-02  3.0272E-01  9.9939E-02  9.7588E-02  1.0006E-01
 GRADIENT:   1.5749E+00  1.1052E-01  3.7986E-02  3.9308E-04 -9.3768E-02  6.2618E-01  3.7493E-02  1.1606E-01  7.3963E-02 -3.0499E-01
            -2.0301E-01  3.7459E-01 -4.2231E-04 -2.4504E-01  7.3159E-01

0ITERATION NO.:   55    OBJECTIVE VALUE:   10728.9528866589        NO. OF FUNC. EVALS.: 204
 CUMULATIVE NO. OF FUNC. EVALS.:     1858
 NPARAMETR:  1.4048E+00  7.4052E+00  1.8919E-01  1.3618E+00  4.1717E+00 -2.7273E-01  1.5363E-02 -1.2673E-01  1.2515E-02 -5.1055E-02
             2.7055E-01  2.7902E-01  6.0483E-01  3.7139E-01  2.7882E-01
 PARAMETER:  1.0128E-01  6.8605E-02  9.1734E-02  9.3868E-02  9.3554E-02  1.0124E-01  1.0929E-01  1.0337E-01  1.0084E-01  1.3465E-01
             9.1555E-02  3.0249E-01  9.9942E-02  9.8770E-02  1.0006E-01
 GRADIENT:  -2.4907E+00 -1.1044E-01  2.9375E-02 -1.5006E-03 -9.9827E-02  5.7873E-01 -7.3273E-02  1.0136E-01 -1.2242E-01 -3.3797E-01
            -4.8021E-01 -7.8650E-01 -3.4661E-03  5.8316E-02  2.0750E-01

0ITERATION NO.:   60    OBJECTIVE VALUE:   10728.9462447694        NO. OF FUNC. EVALS.: 163
 CUMULATIVE NO. OF FUNC. EVALS.:     2021
 NPARAMETR:  1.4044E+00  7.4219E+00  1.8901E-01  1.3617E+00  4.1770E+00 -2.7354E-01  1.4882E-02 -1.2674E-01  1.2400E-02 -5.1004E-02
             2.7225E-01  2.8228E-01  6.0483E-01  3.7164E-01  2.7879E-01
 PARAMETER:  1.0092E-01  7.7352E-02  9.0689E-02  9.3785E-02  1.0095E-01  9.9965E-02  1.0231E-01  1.0134E-01  9.6938E-02  1.4757E-01
             9.3404E-02  3.0462E-01  9.9947E-02  9.9116E-02  1.0001E-01
 GRADIENT:  -2.6154E+00  3.0605E-01  3.8136E-02  2.0559E-02 -3.3869E-02  1.4668E-01 -4.7148E-01  9.1195E-02 -2.8772E-01 -2.4415E-01
            -5.1688E-01 -2.1026E-01 -1.5308E-02  1.9897E-01 -4.7551E-01

0ITERATION NO.:   65    OBJECTIVE VALUE:   10728.9407420858        NO. OF FUNC. EVALS.: 207
 CUMULATIVE NO. OF FUNC. EVALS.:     2228
 NPARAMETR:  1.4045E+00  7.4598E+00  1.8960E-01  1.3578E+00  4.1739E+00 -2.7336E-01  1.4327E-02 -1.2673E-01  1.2379E-02 -5.1134E-02
             2.7343E-01  2.8289E-01  6.0488E-01  3.7171E-01  2.7884E-01
 PARAMETER:  1.0101E-01  9.7249E-02  9.4071E-02  9.0071E-02  9.6582E-02  1.0025E-01  9.4303E-02  1.0354E-01  9.6261E-02  1.1447E-01
             9.4694E-02  3.0501E-01  9.9983E-02  9.9200E-02  1.0010E-01
 GRADIENT:   1.0229E+00  1.1070E+00  1.7146E-01 -1.0900E-02 -6.6706E-02  4.2716E-01 -8.6565E-01  1.5929E-01 -7.7893E-01 -2.4485E-01
            -4.8201E-01  1.6104E+00 -4.5912E-03 -3.6586E-01  4.4325E-01

0ITERATION NO.:   70    OBJECTIVE VALUE:   10728.9386680097        NO. OF FUNC. EVALS.: 178
 CUMULATIVE NO. OF FUNC. EVALS.:     2406
 NPARAMETR:  1.4045E+00  7.4490E+00  1.8916E-01  1.3529E+00  4.1735E+00 -2.7340E-01  1.4612E-02 -1.2674E-01  1.2437E-02 -5.1151E-02
             2.7390E-01  2.8272E-01  6.0490E-01  3.7181E-01  2.7883E-01
 PARAMETER:  1.0104E-01  9.1558E-02  9.1551E-02  8.5432E-02  9.6051E-02  1.0018E-01  9.8405E-02  1.0167E-01  9.8201E-02  1.0995E-01
             9.5200E-02  3.0490E-01  1.0001E-01  9.9339E-02  1.0008E-01
 GRADIENT:  -3.2612E+00  7.2084E-01  1.6448E-01 -2.4238E-02 -6.1336E-02  3.0823E-01 -9.1404E-01  1.0349E-01 -1.1791E+00 -3.4692E-01
            -4.2046E-01  4.0519E-01 -5.3435E-03 -3.0508E-01  2.9148E-02

0ITERATION NO.:   75    OBJECTIVE VALUE:   10728.9384007139        NO. OF FUNC. EVALS.: 218
 CUMULATIVE NO. OF FUNC. EVALS.:     2624
 NPARAMETR:  1.4045E+00  7.4491E+00  1.8916E-01  1.3529E+00  4.1739E+00 -2.7338E-01  1.4766E-02 -1.2674E-01  1.2439E-02 -5.1164E-02
             2.7389E-01  2.8270E-01  6.0491E-01  3.7198E-01  2.7882E-01
 PARAMETER:  1.0105E-01  9.1627E-02  9.1554E-02  8.5398E-02  9.6604E-02  1.0022E-01  1.0063E-01  1.0183E-01  9.8288E-02  1.0649E-01
             9.5195E-02  3.0489E-01  1.0001E-01  9.9562E-02  1.0007E-01
 GRADIENT:  -3.3023E+00  7.0054E-01  1.6287E-01 -2.4647E-02 -5.9454E-02  3.0322E-01 -8.2814E-01  1.0671E-01 -1.1617E+00 -3.3716E-01
            -3.9899E-01  3.9222E-01 -6.9734E-03 -2.5475E-01  2.2225E-02

0ITERATION NO.:   80    OBJECTIVE VALUE:   10728.9381775132        NO. OF FUNC. EVALS.: 205
 CUMULATIVE NO. OF FUNC. EVALS.:     2829            RESET HESSIAN, TYPE II
 NPARAMETR:  1.4046E+00  7.4498E+00  1.8917E-01  1.3530E+00  4.1735E+00 -2.7344E-01  1.4807E-02 -1.2674E-01  1.2440E-02 -5.1164E-02
             2.7395E-01  2.8340E-01  6.0497E-01  3.7276E-01  2.7881E-01
 PARAMETER:  1.0115E-01  9.1952E-02  9.1592E-02  8.5453E-02  9.6002E-02  1.0012E-01  1.0122E-01  1.0165E-01  9.8297E-02  1.0662E-01
             9.5260E-02  3.0534E-01  1.0006E-01  1.0062E-01  1.0005E-01
 GRADIENT:   7.1987E-01  9.2966E-01  1.6836E-01 -2.5480E-02 -5.7586E-02  3.7467E-01 -6.8685E-01  1.1851E-01 -9.4543E-01 -2.9179E-01
            -1.8145E-01  1.6227E+00  3.5045E-03  6.0482E-02  4.4453E-01

0ITERATION NO.:   85    OBJECTIVE VALUE:   10728.9381607369        NO. OF FUNC. EVALS.: 201
 CUMULATIVE NO. OF FUNC. EVALS.:     3030
 NPARAMETR:  1.4046E+00  7.4498E+00  1.8917E-01  1.3529E+00  4.1735E+00 -2.7344E-01  1.4809E-02 -1.2674E-01  1.2440E-02 -5.1166E-02
             2.7398E-01  2.8339E-01  6.0496E-01  3.7275E-01  2.7881E-01
 PARAMETER:  1.0115E-01  9.1956E-02  9.1594E-02  8.5414E-02  9.6051E-02  1.0011E-01  1.0125E-01  1.0165E-01  9.8294E-02  1.0616E-01
             9.5295E-02  3.0534E-01  1.0005E-01  1.0061E-01  1.0005E-01
 GRADIENT:  -3.2923E+00  7.1000E-01  1.6069E-01 -2.5852E-02 -5.9958E-02  2.9951E-01 -7.9993E-01  1.1031E-01 -1.1532E+00 -3.2161E-01
            -3.9600E-01  4.7900E-01  3.0053E-03  5.0553E-02 -8.4445E-02

0ITERATION NO.:   86    OBJECTIVE VALUE:   10728.9381607369        NO. OF FUNC. EVALS.:  63
 CUMULATIVE NO. OF FUNC. EVALS.:     3093
 NPARAMETR:  1.4046E+00  7.4498E+00  1.8917E-01  1.3528E+00  4.1736E+00 -2.7345E-01  1.4809E-02 -1.2674E-01  1.2439E-02 -5.1166E-02
             2.7398E-01  2.8339E-01  6.0496E-01  3.7271E-01  2.7881E-01
 PARAMETER:  1.0115E-01  9.1956E-02  9.1594E-02  8.5414E-02  9.6051E-02  1.0011E-01  1.0125E-01  1.0165E-01  9.8294E-02  1.0616E-01
             9.5295E-02  3.0534E-01  1.0005E-01  1.0061E-01  1.0005E-01
 GRADIENT:   5.9418E-01 -4.3625E-01  1.8246E-01  3.8694E-04 -2.4080E-03  1.7766E-02  1.1584E-01  9.4030E-04  7.2237E-01  1.8689E-02
             4.3819E-01  3.6074E-02  5.8445E-03  9.8735E-03  8.2398E-02
 NUMSIGDIG:         4.0         3.2         4.2         2.2         2.0         2.8         3.4         2.9         3.4         2.0
                    3.4         4.6         3.7         2.2         4.4

 #TERM:
0MINIMIZATION TERMINATED
 DUE TO ROUNDING ERRORS (ERROR=134)
 NO. OF FUNCTION EVALUATIONS USED:     3093
 NO. OF SIG. DIGITS IN FINAL EST.:  2.0
 ADDITIONAL PROBLEMS OCCURRED WITH THE MINIMIZATION.
 REGARD THE RESULTS OF THE ESTIMATION STEP CAREFULLY, AND ACCEPT THEM ONLY
 AFTER CHECKING THAT THE COVARIANCE STEP PRODUCES REASONABLE OUTPUT.

 ETABAR IS THE ARITHMETIC MEAN OF THE ETA-ESTIMATES,
 AND THE P-VALUE IS GIVEN FOR THE NULL HYPOTHESIS THAT THE TRUE MEAN IS 0.

 ETABAR:         1.2970E-03  3.5904E-04
 SE:             8.9414E-02  6.9859E-02
 N:                      75          75

 P VAL.:         9.8843E-01  9.9590E-01

 ETASHRINKSD(%)  4.4331E-01  9.0758E-01
 ETASHRINKVR(%)  8.8466E-01  1.8069E+00
 EBVSHRINKSD(%)  4.2196E-01  9.5314E-01
 EBVSHRINKVR(%)  8.4214E-01  1.8972E+00
 RELATIVEINF(%)  9.9143E+01  9.8088E+01
 EPSSHRINKSD(%)  3.8556E+00  3.8556E+00
 EPSSHRINKVR(%)  7.5626E+00  7.5626E+00

  
 TOTAL DATA POINTS NORMALLY DISTRIBUTED (N):         2801
 N*LOG(2PI) CONSTANT TO OBJECTIVE FUNCTION:    5147.8936630125763     
 OBJECTIVE FUNCTION VALUE WITHOUT CONSTANT:    10728.938160736907     
 OBJECTIVE FUNCTION VALUE WITH CONSTANT:       15876.831823749482     
 REPORTED OBJECTIVE FUNCTION DOES NOT CONTAIN CONSTANT
  
 TOTAL EFFECTIVE ETAS (NIND*NETA):                           150
  
 #TERE:
 Elapsed estimation  time in seconds:  6140.33
 Elapsed postprocess time in seconds:     0.00
1
 
 
 
 
 
 
 
 
 
 
 
 
 
 
 
 
 
 
 
 
 ************************************************************************************************************************
 ********************                                                                                ********************
 ********************               FIRST ORDER CONDITIONAL ESTIMATION WITH INTERACTION              ********************
 #OBJT:**************                       MINIMUM VALUE OF OBJECTIVE FUNCTION                      ********************
 ********************                                                                                ********************
 ************************************************************************************************************************
 





 #OBJV:********************************************         10728.938       *********************************************
1
 ************************************************************************************************************************
 ********************                                                                                ********************
 ********************               FIRST ORDER CONDITIONAL ESTIMATION WITH INTERACTION              ********************
 ********************                             FINAL PARAMETER ESTIMATE                           ********************
 ********************                                                                                ********************
 ************************************************************************************************************************
 


 THETA - VECTOR OF FIXED EFFECTS PARAMETERS   *********


         TH 1      TH 2      TH 3      TH 4      TH 5      TH 6      TH 7      TH 8      TH 9      TH10      TH11      TH12     

 
         1.40E+00  7.45E+00  1.89E-01  1.35E+00  4.17E+00 -2.73E-01  1.48E-02 -1.27E-01  1.24E-02 -5.12E-02  2.74E-01  2.83E-01
 


 OMEGA - COV MATRIX FOR RANDOM EFFECTS - ETAS  ********


         ETA1      ETA2     
 
 ETA1
+        6.05E-01
 
 ETA2
+        0.00E+00  3.73E-01
 


 SIGMA - COV MATRIX FOR RANDOM EFFECTS - EPSILONS  ****


         EPS1      EPS2     
 
 EPS1
+        2.79E-01
 
 EPS2
+        0.00E+00  5.00E-13
 
1


 OMEGA - CORR MATRIX FOR RANDOM EFFECTS - ETAS  *******


         ETA1      ETA2     
 
 ETA1
+        7.78E-01
 
 ETA2
+        0.00E+00  6.11E-01
 


 SIGMA - CORR MATRIX FOR RANDOM EFFECTS - EPSILONS  ***


         EPS1      EPS2     
 
 EPS1
+        5.28E-01
 
 EPS2
+        0.00E+00  7.07E-07
 
 Elapsed finaloutput time in seconds:     0.00
 #CPUT: Total CPU Time in Seconds,     6127.370
Stop Time:
za 03 jan 2026 14:48:10 CET
